

================================================================
== Vivado HLS Report for 'demodulationFM'
================================================================
* Date:           Tue Apr 28 17:38:42 2020

* Version:        2019.2 (Build 2704478 on Wed Nov 06 22:10:23 MST 2019)
* Project:        demodulationFM
* Solution:       solution1
* Product family: kintex7
* Target device:  xc7k70t-fbv676-1


================================================================
== Performance Estimates
================================================================
+ Timing: 
    * Summary: 
    +--------+----------+----------+------------+
    |  Clock |  Target  | Estimated| Uncertainty|
    +--------+----------+----------+------------+
    |ap_clk  | 10.00 ns | 8.566 ns |   1.25 ns  |
    +--------+----------+----------+------------+

+ Latency: 
    * Summary: 
    +----------+----------+-----------+-----------+----------+----------+---------+
    |   Latency (cycles)  |   Latency (absolute)  |       Interval      | Pipeline|
    |    min   |    max   |    min    |    max    |    min   |    max   |   Type  |
    +----------+----------+-----------+-----------+----------+----------+---------+
    |  21306586|  21306586| 0.213 sec | 0.213 sec |  21306586|  21306586|   none  |
    +----------+----------+-----------+-----------+----------+----------+---------+

    + Detail: 
        * Instance: 
        +------------------------+-------------+---------+---------+-----------+-----------+---------+---------+---------+
        |                        |             |  Latency (cycles) |   Latency (absolute)  |      Interval     | Pipeline|
        |        Instance        |    Module   |   min   |   max   |    min    |    max    |   min   |   max   |   Type  |
        +------------------------+-------------+---------+---------+-----------+-----------+---------+---------+---------+
        |grp_shift_fu_240        |shift        |   600001|   600001|  6.000 ms |  6.000 ms |   600001|   600001|   none  |
        |grp_fir_fu_256          |fir          |  9597088|  9597088| 95.971 ms | 95.971 ms |  9597088|  9597088|   none  |
        |grp_decimation1_fu_264  |decimation1  |   200001|   200001|  2.000 ms |  2.000 ms |   200001|   200001|   none  |
        +------------------------+-------------+---------+---------+-----------+-----------+---------+---------+---------+

        * Loop: 
        +----------+---------+---------+----------+-----------+-----------+-------+----------+
        |          |  Latency (cycles) | Iteration|  Initiation Interval  |  Trip |          |
        | Loop Name|   min   |   max   |  Latency |  achieved |   target  | Count | Pipelined|
        +----------+---------+---------+----------+-----------+-----------+-------+----------+
        |- Loop 1  |  1287397|  1287397|       103|          -|          -|  12499|    no    |
        |- Loop 2  |    25000|    25000|         2|          -|          -|  12500|    no    |
        +----------+---------+---------+----------+-----------+-----------+-------+----------+



================================================================
== Utilization Estimates
================================================================
* Summary: 
+-----------------+---------+-------+-------+-------+-----+
|       Name      | BRAM_18K| DSP48E|   FF  |  LUT  | URAM|
+-----------------+---------+-------+-------+-------+-----+
|DSP              |        -|      -|      -|      -|    -|
|Expression       |        -|     16|      0|    472|    -|
|FIFO             |        -|      -|      -|      -|    -|
|Instance         |        0|     10|   1458|   2026|    0|
|Memory           |     1120|      -|      0|      0|    0|
|Multiplexer      |        -|      -|      -|    875|    -|
|Register         |        -|      -|    552|      -|    -|
+-----------------+---------+-------+-------+-------+-----+
|Total            |     1120|     26|   2010|   3373|    0|
+-----------------+---------+-------+-------+-------+-----+
|Available        |      270|    240|  82000|  41000|    0|
+-----------------+---------+-------+-------+-------+-----+
|Utilization (%)  |      414|     10|      2|      8|    0|
+-----------------+---------+-------+-------+-------+-----+

+ Detail: 
    * Instance: 
    +--------------------------+----------------------+---------+-------+-----+------+-----+
    |         Instance         |        Module        | BRAM_18K| DSP48E|  FF |  LUT | URAM|
    +--------------------------+----------------------+---------+-------+-----+------+-----+
    |grp_decimation1_fu_264    |decimation1           |        0|      0|   38|    81|    0|
    |demodulationFM_sdibs_U13  |demodulationFM_sdibs  |        0|      0|  779|   469|    0|
    |grp_fir_fu_256            |fir                   |        0|      2|  257|   396|    0|
    |grp_shift_fu_240          |shift                 |        0|      8|  384|  1080|    0|
    +--------------------------+----------------------+---------+-------+-----+------+-----+
    |Total                     |                      |        0|     10| 1458|  2026|    0|
    +--------------------------+----------------------+---------+-------+-----+------+-----+

    * DSP48E: 
    N/A

    * Memory: 
    +----------------+----------------------+---------+---+----+-----+--------+-----+------+-------------+
    |     Memory     |        Module        | BRAM_18K| FF| LUT| URAM|  Words | Bits| Banks| W*Bits*Banks|
    +----------------+----------------------+---------+---+----+-----+--------+-----+------+-------------+
    |y_I_s_V_U       |demodulationFM_y_bkb  |      256|  0|   0|    0|  100000|   32|     1|      3200000|
    |y_Q_s_V_U       |demodulationFM_y_bkb  |      256|  0|   0|    0|  100000|   32|     1|      3200000|
    |y_I_fpb_V_U     |demodulationFM_y_bkb  |      256|  0|   0|    0|  100000|   32|     1|      3200000|
    |y_Q_fpb_V_U     |demodulationFM_y_bkb  |      256|  0|   0|    0|  100000|   32|     1|      3200000|
    |y_I_d_V_U       |demodulationFM_y_fYi  |       32|  0|   0|    0|   12500|   32|     1|       400000|
    |y_Q_d_V_U       |demodulationFM_y_fYi  |       32|  0|   0|    0|   12500|   32|     1|       400000|
    |y_demod_nd_V_U  |demodulationFM_y_fYi  |       32|  0|   0|    0|   12500|   32|     1|       400000|
    +----------------+----------------------+---------+---+----+-----+--------+-----+------+-------------+
    |Total           |                      |     1120|  0|   0|    0|  437500|  224|     7|     14000000|
    +----------------+----------------------+---------+---+----+-----+--------+-----+------+-------------+

    * FIFO: 
    N/A

    * Expression: 
    +---------------------------------+----------+-------+---+----+------------+------------+
    |          Variable Name          | Operation| DSP48E| FF| LUT| Bitwidth P0| Bitwidth P1|
    +---------------------------------+----------+-------+---+----+------------+------------+
    |r_V_6_fu_306_p2                  |     *    |      4|  0|  21|          32|          32|
    |r_V_7_fu_318_p2                  |     *    |      4|  0|  21|          32|          32|
    |r_V_8_fu_330_p2                  |     *    |      4|  0|  21|          32|          32|
    |r_V_9_fu_336_p2                  |     *    |      4|  0|  21|          32|          32|
    |add_ln230_1_fu_431_p2            |     +    |      0|  0|  21|          14|           1|
    |add_ln233_fu_410_p2              |     +    |      0|  0|  36|          15|          29|
    |n_fu_389_p2                      |     +    |      0|  0|  21|          14|           1|
    |q_fu_282_p2                      |     +    |      0|  0|  21|          14|           1|
    |ret_V_6_fu_350_p2                |     +    |      0|  0|  72|          65|          65|
    |dii_V_fu_288_p2                  |     -    |      0|  0|  39|          32|          32|
    |dqq_V_fu_294_p2                  |     -    |      0|  0|  39|          32|          32|
    |ret_V_fu_324_p2                  |     -    |      0|  0|  71|          64|          64|
    |icmp_ln230_1_fu_437_p2           |   icmp   |      0|  0|  13|          14|           4|
    |icmp_ln230_fu_383_p2             |   icmp   |      0|  0|  13|          14|          13|
    |icmp_ln233_fu_404_p2             |   icmp   |      0|  0|   9|           4|           1|
    |icmp_ln252_fu_270_p2             |   icmp   |      0|  0|  13|          14|          13|
    |ap_block_state6_on_subcall_done  |    or    |      0|  0|   6|           1|           1|
    |select_ln230_fu_443_p3           |  select  |      0|  0|  14|           1|          14|
    +---------------------------------+----------+-------+---+----+------------+------------+
    |Total                            |          |     16|  0| 472|         426|         399|
    +---------------------------------+----------+-------+---+----+------------+------------+

    * Multiplexer: 
    +---------------------------------+-----+-----------+-----+-----------+
    |               Name              | LUT | Input Size| Bits| Total Bits|
    +---------------------------------+-----+-----------+-----+-----------+
    |ap_NS_fsm                        |  509|        116|    1|        116|
    |grp_decimation1_fu_264_ary_V_q0  |   15|          3|   32|         96|
    |grp_fir_fu_256_x_V_q0            |   15|          3|   32|         96|
    |n_0_i_reg_205                    |    9|          2|   14|         28|
    |p_Val2_13_reg_174                |    9|          2|   32|         64|
    |p_Val2_15_reg_184                |    9|          2|   32|         64|
    |phi_mul_reg_216                  |    9|          2|   29|         58|
    |phi_urem_reg_228                 |    9|          2|   14|         28|
    |q_0_i_reg_194                    |    9|          2|   14|         28|
    |y_I_d_V_address0                 |   21|          4|   14|         56|
    |y_I_d_V_ce0                      |   15|          3|    1|          3|
    |y_I_d_V_we0                      |    9|          2|    1|          2|
    |y_I_fpb_V_address0               |   15|          3|   17|         51|
    |y_I_fpb_V_ce0                    |   15|          3|    1|          3|
    |y_I_fpb_V_we0                    |    9|          2|    1|          2|
    |y_I_s_V_address0                 |   15|          3|   17|         51|
    |y_I_s_V_ce0                      |   15|          3|    1|          3|
    |y_I_s_V_we0                      |    9|          2|    1|          2|
    |y_Q_d_V_address0                 |   21|          4|   14|         56|
    |y_Q_d_V_ce0                      |   15|          3|    1|          3|
    |y_Q_d_V_we0                      |    9|          2|    1|          2|
    |y_Q_fpb_V_address0               |   15|          3|   17|         51|
    |y_Q_fpb_V_ce0                    |   15|          3|    1|          3|
    |y_Q_fpb_V_we0                    |    9|          2|    1|          2|
    |y_Q_s_V_address0                 |   15|          3|   17|         51|
    |y_Q_s_V_ce0                      |   15|          3|    1|          3|
    |y_Q_s_V_we0                      |    9|          2|    1|          2|
    |y_demod_nd_V_address0            |   21|          4|   14|         56|
    |y_demod_nd_V_d0                  |   15|          3|   32|         96|
    +---------------------------------+-----+-----------+-----+-----------+
    |Total                            |  875|        191|  354|       1076|
    +---------------------------------+-----+-----------+-----+-----------+

    * Register: 
    +-------------------------------------+-----+----+-----+-----------+
    |                 Name                |  FF | LUT| Bits| Const Bits|
    +-------------------------------------+-----+----+-----+-----------+
    |ap_CS_fsm                            |  115|   0|  115|          0|
    |ary_i_value_1_V_reg_500              |   32|   0|   32|          0|
    |ary_r_value_1_V_reg_494              |   32|   0|   32|          0|
    |dii_V_reg_506                        |   32|   0|   32|          0|
    |dqq_V_reg_511                        |   32|   0|   32|          0|
    |grp_decimation1_fu_264_ap_start_reg  |    1|   0|    1|          0|
    |grp_fir_fu_256_ap_start_reg          |    1|   0|    1|          0|
    |grp_shift_fu_240_ap_start_reg        |    1|   0|    1|          0|
    |n_0_i_reg_205                        |   14|   0|   14|          0|
    |n_reg_539                            |   14|   0|   14|          0|
    |p_Val2_13_reg_174                    |   32|   0|   32|          0|
    |p_Val2_15_reg_184                    |   32|   0|   32|          0|
    |phi_mul_reg_216                      |   29|   0|   29|          0|
    |phi_urem_reg_228                     |   14|   0|   14|          0|
    |q_0_i_reg_194                        |   14|   0|   14|          0|
    |q_reg_489                            |   14|   0|   14|          0|
    |ret_V_6_reg_521                      |   65|   0|   65|          0|
    |ret_V_reg_516                        |   64|   0|   64|          0|
    |zext_ln255_reg_474                   |   14|   0|   64|         50|
    +-------------------------------------+-----+----+-----+-----------+
    |Total                                |  552|   0|  602|         50|
    +-------------------------------------+-----+----+-----+-----------+



================================================================
== Interface
================================================================
* Summary: 
+----------------------+-----+-----+------------+----------------+--------------+
|       RTL Ports      | Dir | Bits|  Protocol  |  Source Object |    C Type    |
+----------------------+-----+-----+------------+----------------+--------------+
|ap_clk                |  in |    1| ap_ctrl_hs | demodulationFM | return value |
|ap_rst                |  in |    1| ap_ctrl_hs | demodulationFM | return value |
|ap_start              |  in |    1| ap_ctrl_hs | demodulationFM | return value |
|ap_done               | out |    1| ap_ctrl_hs | demodulationFM | return value |
|ap_idle               | out |    1| ap_ctrl_hs | demodulationFM | return value |
|ap_ready              | out |    1| ap_ctrl_hs | demodulationFM | return value |
|ap_return             | out |   32| ap_ctrl_hs | demodulationFM | return value |
|y_I_V_address0        | out |   17|  ap_memory |      y_I_V     |     array    |
|y_I_V_ce0             | out |    1|  ap_memory |      y_I_V     |     array    |
|y_I_V_q0              |  in |   32|  ap_memory |      y_I_V     |     array    |
|y_Q_V_address0        | out |   17|  ap_memory |      y_Q_V     |     array    |
|y_Q_V_ce0             | out |    1|  ap_memory |      y_Q_V     |     array    |
|y_Q_V_q0              |  in |   32|  ap_memory |      y_Q_V     |     array    |
|y_demod_d_V_address0  | out |   11|  ap_memory |   y_demod_d_V  |     array    |
|y_demod_d_V_ce0       | out |    1|  ap_memory |   y_demod_d_V  |     array    |
|y_demod_d_V_we0       | out |    1|  ap_memory |   y_demod_d_V  |     array    |
|y_demod_d_V_d0        | out |   32|  ap_memory |   y_demod_d_V  |     array    |
+----------------------+-----+-----+------------+----------------+--------------+

