

================================================================
== Vivado HLS Report for 'demodulationFM'
================================================================
* Date:           Mon May  4 11:38:20 2020

* Version:        2019.2 (Build 2704478 on Wed Nov 06 22:10:23 MST 2019)
* Project:        DemodulationFM
* Solution:       solution1
* Product family: kintex7
* Target device:  xc7k70t-fbv676-1


================================================================
== Performance Estimates
================================================================
+ Timing: 
    * Summary: 
    +--------+----------+----------+------------+
    |  Clock |  Target  | Estimated| Uncertainty|
    +--------+----------+----------+------------+
    |ap_clk  | 10.00 ns | 8.771 ns |   1.25 ns  |
    +--------+----------+----------+------------+

+ Latency: 
    * Summary: 
    +---------+----------+-----------+-----------+---------+----------+---------+
    |  Latency (cycles)  |   Latency (absolute)  |      Interval      | Pipeline|
    |   min   |    max   |    min    |    max    |   min   |    max   |   Type  |
    +---------+----------+-----------+-----------+---------+----------+---------+
    |  7100016|  13400016| 71.000 ms | 0.134 sec |  7100016|  13400016|   none  |
    +---------+----------+-----------+-----------+---------+----------+---------+

    + Detail: 
        * Instance: 
        N/A

        * Loop: 
        +----------+---------+----------+----------+-----------+-----------+--------+----------+
        |          |  Latency (cycles)  | Iteration|  Initiation Interval  |  Trip  |          |
        | Loop Name|   min   |    max   |  Latency |  achieved |   target  |  Count | Pipelined|
        +----------+---------+----------+----------+-----------+-----------+--------+----------+
        |- HConvH  |  7100000|  13400000| 71 ~ 134 |          -|          -|  100000|    no    |
        | + HConv  |       62|        62|         2|          -|          -|      31|    no    |
        +----------+---------+----------+----------+-----------+-----------+--------+----------+



================================================================
== Utilization Estimates
================================================================
* Summary: 
+-----------------+---------+-------+-------+-------+-----+
|       Name      | BRAM_18K| DSP48E|   FF  |  LUT  | URAM|
+-----------------+---------+-------+-------+-------+-----+
|DSP              |        -|     10|      -|      -|    -|
|Expression       |        -|      -|      0|    895|    -|
|FIFO             |        -|      -|      -|      -|    -|
|Instance         |        -|      -|    731|    441|    -|
|Memory           |        1|      -|     64|     34|    0|
|Multiplexer      |        -|      -|      -|    840|    -|
|Register         |        -|      -|    600|      -|    -|
+-----------------+---------+-------+-------+-------+-----+
|Total            |        1|     10|   1395|   2210|    0|
+-----------------+---------+-------+-------+-------+-----+
|Available        |      270|    240|  82000|  41000|    0|
+-----------------+---------+-------+-------+-------+-----+
|Utilization (%)  |    ~0   |      4|      1|      5|    0|
+-----------------+---------+-------+-------+-------+-----+

+ Detail: 
    * Instance: 
    +-------------------------+----------------------+---------+-------+-----+-----+-----+
    |         Instance        |        Module        | BRAM_18K| DSP48E|  FF | LUT | URAM|
    +-------------------------+----------------------+---------+-------+-----+-----+-----+
    |demodulationFM_sdfYi_U1  |demodulationFM_sdfYi  |        0|      0|  731|  441|    0|
    +-------------------------+----------------------+---------+-------+-----+-----+-----+
    |Total                    |                      |        0|      0|  731|  441|    0|
    +-------------------------+----------------------+---------+-------+-----+-----+-----+

    * DSP48E: 
    +--------------------------+----------------------+--------------+
    |         Instance         |        Module        |  Expression  |
    +--------------------------+----------------------+--------------+
    |demodulationFM_mahbi_U3   |demodulationFM_mahbi  | i0 * i1 + i2 |
    |demodulationFM_makbM_U8   |demodulationFM_makbM  | i0 * i1 + i2 |
    |demodulationFM_makbM_U9   |demodulationFM_makbM  | i0 * i1 + i2 |
    |demodulationFM_malbW_U10  |demodulationFM_malbW  | i0 - i1 * i2 |
    |demodulationFM_mamb6_U11  |demodulationFM_mamb6  | i0 + i1 * i1 |
    |demodulationFM_mug8j_U2   |demodulationFM_mug8j  |    i0 * i1   |
    |demodulationFM_muibs_U4   |demodulationFM_muibs  |    i0 * i1   |
    |demodulationFM_muibs_U5   |demodulationFM_muibs  |    i0 * i1   |
    |demodulationFM_mujbC_U6   |demodulationFM_mujbC  |    i0 * i1   |
    |demodulationFM_mujbC_U7   |demodulationFM_mujbC  |    i0 * i0   |
    +--------------------------+----------------------+--------------+

    * Memory: 
    +-------------+----------------------+---------+----+----+-----+------+-----+------+-------------+
    |    Memory   |        Module        | BRAM_18K| FF | LUT| URAM| Words| Bits| Banks| W*Bits*Banks|
    +-------------+----------------------+---------+----+----+-----+------+-----+------+-------------+
    |cos_table_U  |demodulationFM_cobkb  |        0|   9|  10|    0|    65|    9|     1|          585|
    |coef_U       |demodulationFM_coef   |        0|  10|   5|    0|    31|   10|     1|          310|
    |hwin_I_V_U   |demodulationFM_hwdEe  |        0|  36|   9|    0|    31|   18|     1|          558|
    |hwin_Q_V_U   |demodulationFM_hweOg  |        1|   0|   0|    0|    31|   18|     1|          558|
    |sin_table_U  |demodulationFM_sicud  |        0|   9|  10|    0|    65|    9|     1|          585|
    +-------------+----------------------+---------+----+----+-----+------+-----+------+-------------+
    |Total        |                      |        1|  64|  34|    0|   223|   64|     5|         2596|
    +-------------+----------------------+---------+----+----+-----+------+-----+------+-------------+

    * FIFO: 
    N/A

    * Expression: 
    +----------------------------------+----------+-------+---+----+------------+------------+
    |           Variable Name          | Operation| DSP48E| FF| LUT| Bitwidth P0| Bitwidth P1|
    +----------------------------------+----------+-------+---+----+------------+------------+
    |add_ln176_fu_1465_p2              |     +    |      0|  0|  25|          18|          13|
    |add_ln233_fu_1445_p2              |     +    |      0|  0|  24|          17|           1|
    |i_fu_1274_p2                      |     +    |      0|  0|  15|           5|           1|
    |l_fu_852_p2                       |     +    |      0|  0|  24|           1|          17|
    |ret_V_1_fu_906_p2                 |     +    |      0|  0|  17|           1|          10|
    |value_V_fu_864_p2                 |     +    |      0|  0|  25|          18|          18|
    |dii_V_fu_1308_p2                  |     -    |      0|  0|  25|          18|          18|
    |dqq_V_fu_1314_p2                  |     -    |      0|  0|  25|          18|          18|
    |idx_2_fu_1026_p2                  |     -    |      0|  0|  15|           8|           7|
    |idx_3_fu_1143_p2                  |     -    |      0|  0|  15|           8|           7|
    |idx_4_fu_1125_p2                  |     -    |      0|  0|  15|           8|           7|
    |idx_fu_971_p2                     |     -    |      0|  0|  15|           8|           7|
    |ret_V_7_fu_1204_p2                |     -    |      0|  0|  35|          28|          28|
    |sub_ln24_1_fu_1104_p2             |     -    |      0|  0|  15|           1|           7|
    |sub_ln24_fu_1090_p2               |     -    |      0|  0|  15|           1|           6|
    |sub_ln59_1_fu_1005_p2             |     -    |      0|  0|  15|           1|           7|
    |sub_ln59_fu_991_p2                |     -    |      0|  0|  15|           1|           6|
    |sub_ln703_1_fu_1169_p2            |     -    |      0|  0|  16|           1|           9|
    |sub_ln703_fu_1042_p2              |     -    |      0|  0|  16|           1|           9|
    |tmp_i_V_2_fu_1225_p2              |     -    |      0|  0|  25|           1|          18|
    |tmp_r_V_2_fu_1220_p2              |     -    |      0|  0|  25|           1|          18|
    |and_ln11_fu_1074_p2               |    and   |      0|  0|   6|           1|           1|
    |and_ln195_fu_1241_p2              |    and   |      0|  0|   6|           1|           1|
    |and_ln46_fu_957_p2                |    and   |      0|  0|   6|           1|           1|
    |ap_block_state89                  |    and   |      0|  0|   6|           1|           1|
    |ap_condition_403                  |    and   |      0|  0|   6|           1|           1|
    |ap_condition_407                  |    and   |      0|  0|   6|           1|           1|
    |ap_condition_411                  |    and   |      0|  0|   6|           1|           1|
    |ap_predicate_op427_write_state89  |    and   |      0|  0|   6|           1|           1|
    |grp_fu_800_p2                     |    and   |      0|  0|   6|           1|           1|
    |grp_fu_826_p2                     |    and   |      0|  0|   6|           1|           1|
    |grp_fu_765_p2                     |   icmp   |      0|  0|  13|          10|           7|
    |grp_fu_779_p2                     |   icmp   |      0|  0|   9|           4|           1|
    |grp_fu_794_p2                     |   icmp   |      0|  0|   9|           3|           1|
    |grp_fu_815_p2                     |   icmp   |      0|  0|   9|           3|           1|
    |grp_fu_821_p2                     |   icmp   |      0|  0|  13|          10|           8|
    |icmp_ln1494_fu_858_p2             |   icmp   |      0|  0|  18|          18|          17|
    |icmp_ln176_fu_846_p2              |   icmp   |      0|  0|  18|          17|          16|
    |icmp_ln190_fu_1159_p2             |   icmp   |      0|  0|  13|          10|           1|
    |icmp_ln195_fu_1164_p2             |   icmp   |      0|  0|  13|          10|           7|
    |icmp_ln209_fu_1268_p2             |   icmp   |      0|  0|  11|           5|           2|
    |icmp_ln210_fu_1285_p2             |   icmp   |      0|  0|  11|           5|           3|
    |icmp_ln219_fu_1297_p2             |   icmp   |      0|  0|   9|           3|           1|
    |icmp_ln225_fu_1324_p2             |   icmp   |      0|  0|  11|           7|           1|
    |icmp_ln233_fu_1451_p2             |   icmp   |      0|  0|  18|          17|           7|
    |icmp_ln42_fu_937_p2               |   icmp   |      0|  0|  13|          10|           9|
    |icmp_ln851_fu_900_p2              |   icmp   |      0|  0|  11|           8|           1|
    |ap_block_state17                  |    or    |      0|  0|   6|           1|           1|
    |p_Val2_10_fu_1047_p3              |  select  |      0|  0|   9|           1|           9|
    |p_Val2_12_fu_1175_p3              |  select  |      0|  0|   9|           1|           9|
    |select_ln210_1_fu_1370_p3         |  select  |      0|  0|  18|           1|          18|
    |select_ln210_fu_1338_p3           |  select  |      0|  0|  18|           1|          18|
    |select_ln233_fu_1457_p3           |  select  |      0|  0|  17|           1|          17|
    |select_ln24_fu_1117_p3            |  select  |      0|  0|   7|           1|           7|
    |select_ln59_fu_1018_p3            |  select  |      0|  0|   7|           1|           7|
    |select_ln850_fu_920_p3            |  select  |      0|  0|  10|           1|          10|
    |select_ln851_fu_912_p3            |  select  |      0|  0|  10|           1|          10|
    |tmp_i_V_3_fu_1254_p3              |  select  |      0|  0|  18|           1|          18|
    |tmp_i_V_4_fu_1260_p3              |  select  |      0|  0|  18|           1|          18|
    |tmp_r_V_3_fu_1230_p3              |  select  |      0|  0|  18|           1|          18|
    |tmp_r_V_4_fu_1246_p3              |  select  |      0|  0|  18|           1|          18|
    |value_V_4_fu_870_p3               |  select  |      0|  0|  18|           1|          18|
    |xor_ln11_fu_1068_p2               |    xor   |      0|  0|   6|           1|           2|
    |xor_ln190_fu_1236_p2              |    xor   |      0|  0|   6|           1|           2|
    |xor_ln46_fu_951_p2                |    xor   |      0|  0|   6|           1|           2|
    +----------------------------------+----------+-------+---+----+------------+------------+
    |Total                             |          |      0|  0| 895|         332|         527|
    +----------------------------------+----------+-------+---+----+------------+------------+

    * Multiplexer: 
    +------------------------------------+-----+-----------+-----+-----------+
    |                Name                | LUT | Input Size| Bits| Total Bits|
    +------------------------------------+-----+-----------+-----+-----------+
    |ap_NS_fsm                           |  393|         90|    1|         90|
    |ap_phi_mux_idx_3_i9_phi_fu_695_p10  |   33|          6|   10|         60|
    |ap_phi_mux_idx_3_i_phi_fu_657_p10   |    9|          2|   10|         20|
    |grp_fu_765_p0                       |   15|          3|   10|         30|
    |grp_fu_770_p1                       |   15|          3|   10|         30|
    |grp_fu_785_p1                       |   15|          3|   10|         30|
    |grp_fu_806_p1                       |   15|          3|   10|         30|
    |grp_fu_821_p0                       |   15|          3|   10|         30|
    |hwin_I_V_address0                   |   15|          3|    5|         15|
    |hwin_Q_V_address0                   |   89|         18|    5|         90|
    |hwin_Q_V_address1                   |   85|         17|    5|         85|
    |hwin_Q_V_d0                         |   15|          3|   18|         54|
    |i_0_reg_754                         |    9|          2|    5|         10|
    |idx_3_i_reg_653                     |   27|          5|   10|         50|
    |l_0_reg_630                         |    9|          2|   17|         34|
    |p_Val2_1_fu_252                     |    9|          2|   18|         36|
    |p_Val2_2_fu_256                     |    9|          2|   18|         36|
    |p_Val2_31_reg_742                   |    9|          2|   18|         36|
    |p_Val2_s_reg_730                    |    9|          2|   18|         36|
    |phi_urem_reg_641                    |    9|          2|   17|         34|
    |value_V_3_reg_619                   |    9|          2|   18|         36|
    |y_I_V_V_blk_n                       |    9|          2|    1|          2|
    |y_Q_V_V_blk_n                       |    9|          2|    1|          2|
    |y_demod_d_V_V_blk_n                 |    9|          2|    1|          2|
    +------------------------------------+-----+-----------+-----+-----------+
    |Total                               |  840|        181|  246|        878|
    +------------------------------------+-----+-----------+-----+-----------+

    * Register: 
    +-----------------------+----+----+-----+-----------+
    |          Name         | FF | LUT| Bits| Const Bits|
    +-----------------------+----+----+-----+-----------+
    |and_ln46_reg_1615      |   1|   0|    1|          0|
    |and_ln50_reg_1619      |   1|   0|    1|          0|
    |and_ln54_reg_1623      |   1|   0|    1|          0|
    |ap_CS_fsm              |  89|   0|   89|          0|
    |dii_V_reg_1755         |  18|   0|   18|          0|
    |i_0_reg_754            |   5|   0|    5|          0|
    |i_reg_1719             |   5|   0|    5|          0|
    |icmp_ln190_reg_1677    |   1|   0|    1|          0|
    |icmp_ln195_reg_1684    |   1|   0|    1|          0|
    |icmp_ln210_reg_1730    |   1|   0|    1|          0|
    |icmp_ln219_reg_1751    |   1|   0|    1|          0|
    |icmp_ln225_reg_1760    |   1|   0|    1|          0|
    |icmp_ln42_reg_1611     |   1|   0|    1|          0|
    |idx_1_reg_1593         |   6|   0|    6|          0|
    |idx_3_i_reg_653        |  10|   0|   10|          0|
    |l_0_reg_630            |  17|   0|   17|          0|
    |l_reg_1565             |  17|   0|   17|          0|
    |p_Val2_12_reg_1689     |   9|   0|    9|          0|
    |p_Val2_1_fu_252        |  18|   0|   18|          0|
    |p_Val2_2_fu_256        |  18|   0|   18|          0|
    |p_Val2_31_reg_742      |  18|   0|   18|          0|
    |p_Val2_9_reg_1642      |   9|   0|    9|          0|
    |p_Val2_s_reg_730       |  18|   0|   18|          0|
    |phi_urem_reg_641       |  17|   0|   17|          0|
    |r_V_14_reg_1658        |  27|   0|   27|          0|
    |r_V_20_reg_1764        |  36|   0|   36|          0|
    |r_V_22_reg_1769        |  36|   0|   36|          0|
    |r_V_reg_1648           |  27|   0|   27|          0|
    |select_ln850_reg_1575  |  10|   0|   10|          0|
    |sext_ln1118_reg_1653   |  27|   0|   27|          0|
    |sign_3_i10_reg_708     |   1|   0|    1|          0|
    |sign_3_i_reg_670       |   1|   0|    1|          0|
    |tmp_V_1_reg_1601       |  18|   0|   18|          0|
    |tmp_V_2_reg_1606       |  18|   0|   18|          0|
    |tmp_i_V_4_reg_1711     |  18|   0|   18|          0|
    |tmp_i_V_reg_1700       |  18|   0|   18|          0|
    |tmp_r_V_4_reg_1706     |  18|   0|   18|          0|
    |tmp_r_V_reg_1694       |  18|   0|   18|          0|
    |trunc_ln176_reg_1557   |   3|   0|    3|          0|
    |value_V_3_reg_619      |  18|   0|   18|          0|
    |value_V_4_reg_1570     |  18|   0|   18|          0|
    |zext_ln210_reg_1724    |   5|   0|   64|         59|
    +-----------------------+----+----+-----+-----------+
    |Total                  | 600|   0|  659|         59|
    +-----------------------+----+----+-----+-----------+



================================================================
== Interface
================================================================
* Summary: 
+----------------------+-----+-----+------------+----------------+--------------+
|       RTL Ports      | Dir | Bits|  Protocol  |  Source Object |    C Type    |
+----------------------+-----+-----+------------+----------------+--------------+
|ap_clk                |  in |    1| ap_ctrl_hs | demodulationFM | return value |
|ap_rst                |  in |    1| ap_ctrl_hs | demodulationFM | return value |
|ap_start              |  in |    1| ap_ctrl_hs | demodulationFM | return value |
|ap_done               | out |    1| ap_ctrl_hs | demodulationFM | return value |
|ap_idle               | out |    1| ap_ctrl_hs | demodulationFM | return value |
|ap_ready              | out |    1| ap_ctrl_hs | demodulationFM | return value |
|ap_return             | out |   32| ap_ctrl_hs | demodulationFM | return value |
|y_I_V_V_dout          |  in |   18|   ap_fifo  |     y_I_V_V    |    pointer   |
|y_I_V_V_empty_n       |  in |    1|   ap_fifo  |     y_I_V_V    |    pointer   |
|y_I_V_V_read          | out |    1|   ap_fifo  |     y_I_V_V    |    pointer   |
|y_Q_V_V_dout          |  in |   18|   ap_fifo  |     y_Q_V_V    |    pointer   |
|y_Q_V_V_empty_n       |  in |    1|   ap_fifo  |     y_Q_V_V    |    pointer   |
|y_Q_V_V_read          | out |    1|   ap_fifo  |     y_Q_V_V    |    pointer   |
|y_demod_d_V_V_din     | out |   18|   ap_fifo  |  y_demod_d_V_V |    pointer   |
|y_demod_d_V_V_full_n  |  in |    1|   ap_fifo  |  y_demod_d_V_V |    pointer   |
|y_demod_d_V_V_write   | out |    1|   ap_fifo  |  y_demod_d_V_V |    pointer   |
+----------------------+-----+-----+------------+----------------+--------------+

