

================================================================
== Vivado HLS Report for 'decimation1'
================================================================
* Date:           Tue Apr 28 18:38:13 2020

* Version:        2019.2 (Build 2704478 on Wed Nov 06 22:10:23 MST 2019)
* Project:        demodulationFM
* Solution:       solution2
* Product family: kintex7
* Target device:  xc7k70t-fbv676-1


================================================================
== Performance Estimates
================================================================
+ Timing: 
    * Summary: 
    +--------+----------+----------+------------+
    |  Clock |  Target  | Estimated| Uncertainty|
    +--------+----------+----------+------------+
    |ap_clk  | 10.00 ns | 5.328 ns |   1.25 ns  |
    +--------+----------+----------+------------+

+ Latency: 
    * Summary: 
    +---------+---------+----------+----------+--------+--------+---------+
    |  Latency (cycles) |  Latency (absolute) |     Interval    | Pipeline|
    |   min   |   max   |    min   |    max   |   min  |   max  |   Type  |
    +---------+---------+----------+----------+--------+--------+---------+
    |   200001|   200001| 2.000 ms | 2.000 ms |  200001|  200001|   none  |
    +---------+---------+----------+----------+--------+--------+---------+

    + Detail: 
        * Instance: 
        N/A

        * Loop: 
        +----------+---------+---------+----------+-----------+-----------+--------+----------+
        |          |  Latency (cycles) | Iteration|  Initiation Interval  |  Trip  |          |
        | Loop Name|   min   |   max   |  Latency |  achieved |   target  |  Count | Pipelined|
        +----------+---------+---------+----------+-----------+-----------+--------+----------+
        |- Loop 1  |   200000|   200000|         2|          -|          -|  100000|    no    |
        +----------+---------+---------+----------+-----------+-----------+--------+----------+



================================================================
== Utilization Estimates
================================================================
* Summary: 
+-----------------+---------+-------+-------+-------+-----+
|       Name      | BRAM_18K| DSP48E|   FF  |  LUT  | URAM|
+-----------------+---------+-------+-------+-------+-----+
|DSP              |        -|      -|      -|      -|    -|
|Expression       |        -|      -|      0|     51|    -|
|FIFO             |        -|      -|      -|      -|    -|
|Instance         |        -|      -|      -|      -|    -|
|Memory           |        -|      -|      -|      -|    -|
|Multiplexer      |        -|      -|      -|     30|    -|
|Register         |        -|      -|     38|      -|    -|
+-----------------+---------+-------+-------+-------+-----+
|Total            |        0|      0|     38|     81|    0|
+-----------------+---------+-------+-------+-------+-----+
|Available        |      270|    240|  82000|  41000|    0|
+-----------------+---------+-------+-------+-------+-----+
|Utilization (%)  |        0|      0|   ~0  |   ~0  |    0|
+-----------------+---------+-------+-------+-------+-----+

+ Detail: 
    * Instance: 
    N/A

    * DSP48E: 
    N/A

    * Memory: 
    N/A

    * FIFO: 
    N/A

    * Expression: 
    +---------------------+----------+-------+---+----+------------+------------+
    |    Variable Name    | Operation| DSP48E| FF| LUT| Bitwidth P0| Bitwidth P1|
    +---------------------+----------+-------+---+----+------------+------------+
    |n_fu_73_p2           |     +    |      0|  0|  24|           1|          17|
    |icmp_ln216_fu_67_p2  |   icmp   |      0|  0|  18|          17|          16|
    |icmp_ln219_fu_84_p2  |   icmp   |      0|  0|   9|           3|           1|
    +---------------------+----------+-------+---+----+------------+------------+
    |Total                |          |      0|  0|  51|          21|          34|
    +---------------------+----------+-------+---+----+------------+------------+

    * Multiplexer: 
    +------------+----+-----------+-----+-----------+
    |    Name    | LUT| Input Size| Bits| Total Bits|
    +------------+----+-----------+-----+-----------+
    |ap_NS_fsm   |  21|          4|    1|          4|
    |n_0_reg_51  |   9|          2|   17|         34|
    +------------+----+-----------+-----+-----------+
    |Total       |  30|          6|   18|         38|
    +------------+----+-----------+-----+-----------+

    * Register: 
    +--------------------+----+----+-----+-----------+
    |        Name        | FF | LUT| Bits| Const Bits|
    +--------------------+----+----+-----+-----------+
    |ap_CS_fsm           |   3|   0|    3|          0|
    |icmp_ln219_reg_118  |   1|   0|    1|          0|
    |n_0_reg_51          |  17|   0|   17|          0|
    |n_reg_108           |  17|   0|   17|          0|
    +--------------------+----+----+-----+-----------+
    |Total               |  38|   0|   38|          0|
    +--------------------+----+----+-----+-----------+



================================================================
== Interface
================================================================
* Summary: 
+--------------------+-----+-----+------------+--------------+--------------+
|      RTL Ports     | Dir | Bits|  Protocol  | Source Object|    C Type    |
+--------------------+-----+-----+------------+--------------+--------------+
|ap_clk              |  in |    1| ap_ctrl_hs |  decimation1 | return value |
|ap_rst              |  in |    1| ap_ctrl_hs |  decimation1 | return value |
|ap_start            |  in |    1| ap_ctrl_hs |  decimation1 | return value |
|ap_done             | out |    1| ap_ctrl_hs |  decimation1 | return value |
|ap_idle             | out |    1| ap_ctrl_hs |  decimation1 | return value |
|ap_ready            | out |    1| ap_ctrl_hs |  decimation1 | return value |
|ary_V_address0      | out |   17|  ap_memory |     ary_V    |     array    |
|ary_V_ce0           | out |    1|  ap_memory |     ary_V    |     array    |
|ary_V_q0            |  in |   32|  ap_memory |     ary_V    |     array    |
|new_ary_V_address0  | out |   14|  ap_memory |   new_ary_V  |     array    |
|new_ary_V_ce0       | out |    1|  ap_memory |   new_ary_V  |     array    |
|new_ary_V_we0       | out |    1|  ap_memory |   new_ary_V  |     array    |
|new_ary_V_d0        | out |   32|  ap_memory |   new_ary_V  |     array    |
+--------------------+-----+-----+------------+--------------+--------------+

