

================================================================
== Vivado HLS Report for 'demodulationFM'
================================================================
* Date:           Tue Apr 28 18:38:14 2020

* Version:        2019.2 (Build 2704478 on Wed Nov 06 22:10:23 MST 2019)
* Project:        demodulationFM
* Solution:       solution2
* Product family: kintex7
* Target device:  xc7k70t-fbv676-1


================================================================
== Performance Estimates
================================================================
+ Timing: 
    * Summary: 
    +--------+----------+----------+------------+
    |  Clock |  Target  | Estimated| Uncertainty|
    +--------+----------+----------+------------+
    |ap_clk  | 10.00 ns | 8.566 ns |   1.25 ns  |
    +--------+----------+----------+------------+

+ Latency: 
    * Summary: 
    +----------+----------+-----------+-----------+----------+----------+---------+
    |   Latency (cycles)  |   Latency (absolute)  |       Interval      | Pipeline|
    |    min   |    max   |    min    |    max    |    min   |    max   |   Type  |
    +----------+----------+-----------+-----------+----------+----------+---------+
    |  21306587|  21306587| 0.213 sec | 0.213 sec |  21306587|  21306587|   none  |
    +----------+----------+-----------+-----------+----------+----------+---------+

    + Detail: 
        * Instance: 
        +------------------------+-------------+---------+---------+-----------+-----------+---------+---------+---------+
        |                        |             |  Latency (cycles) |   Latency (absolute)  |      Interval     | Pipeline|
        |        Instance        |    Module   |   min   |   max   |    min    |    max    |   min   |   max   |   Type  |
        +------------------------+-------------+---------+---------+-----------+-----------+---------+---------+---------+
        |grp_shift_fu_174        |shift        |   600001|   600001|  6.000 ms |  6.000 ms |   600001|   600001|   none  |
        |grp_fir_fu_190          |fir          |  9597088|  9597088| 95.971 ms | 95.971 ms |  9597088|  9597088|   none  |
        |grp_decimation2_fu_198  |decimation2  |    25001|    25001|  0.250 ms |  0.250 ms |    25001|    25001|   none  |
        |grp_decimation1_fu_205  |decimation1  |   200001|   200001|  2.000 ms |  2.000 ms |   200001|   200001|   none  |
        +------------------------+-------------+---------+---------+-----------+-----------+---------+---------+---------+

        * Loop: 
        +----------+---------+---------+----------+-----------+-----------+-------+----------+
        |          |  Latency (cycles) | Iteration|  Initiation Interval  |  Trip |          |
        | Loop Name|   min   |   max   |  Latency |  achieved |   target  | Count | Pipelined|
        +----------+---------+---------+----------+-----------+-----------+-------+----------+
        |- Loop 1  |  1287397|  1287397|       103|          -|          -|  12499|    no    |
        +----------+---------+---------+----------+-----------+-----------+-------+----------+



================================================================
== Utilization Estimates
================================================================
* Summary: 
+-----------------+---------+-------+-------+-------+-----+
|       Name      | BRAM_18K| DSP48E|   FF  |  LUT  | URAM|
+-----------------+---------+-------+-------+-------+-----+
|DSP              |        -|      -|      -|      -|    -|
|Expression       |        -|     16|      0|    345|    -|
|FIFO             |        -|      -|      -|      -|    -|
|Instance         |        0|     10|   1503|   2195|    0|
|Memory           |     1120|      -|      0|      0|    0|
|Multiplexer      |        -|      -|      -|    887|    -|
|Register         |        -|      -|    481|      -|    -|
+-----------------+---------+-------+-------+-------+-----+
|Total            |     1120|     26|   1984|   3427|    0|
+-----------------+---------+-------+-------+-------+-----+
|Available        |      270|    240|  82000|  41000|    0|
+-----------------+---------+-------+-------+-------+-----+
|Utilization (%)  |      414|     10|      2|      8|    0|
+-----------------+---------+-------+-------+-------+-----+

+ Detail: 
    * Instance: 
    +--------------------------+----------------------+---------+-------+-----+------+-----+
    |         Instance         |        Module        | BRAM_18K| DSP48E|  FF |  LUT | URAM|
    +--------------------------+----------------------+---------+-------+-----+------+-----+
    |grp_decimation1_fu_205    |decimation1           |        0|      0|   38|    81|    0|
    |grp_decimation2_fu_198    |decimation2           |        0|      0|   45|   145|    0|
    |demodulationFM_sdibs_U15  |demodulationFM_sdibs  |        0|      0|  779|   469|    0|
    |grp_fir_fu_190            |fir                   |        0|      2|  257|   396|    0|
    |grp_shift_fu_174          |shift                 |        0|      8|  384|  1104|    0|
    +--------------------------+----------------------+---------+-------+-----+------+-----+
    |Total                     |                      |        0|     10| 1503|  2195|    0|
    +--------------------------+----------------------+---------+-------+-----+------+-----+

    * DSP48E: 
    N/A

    * Memory: 
    +----------------+----------------------+---------+---+----+-----+--------+-----+------+-------------+
    |     Memory     |        Module        | BRAM_18K| FF| LUT| URAM|  Words | Bits| Banks| W*Bits*Banks|
    +----------------+----------------------+---------+---+----+-----+--------+-----+------+-------------+
    |y_I_s_V_U       |demodulationFM_y_bkb  |      256|  0|   0|    0|  100000|   32|     1|      3200000|
    |y_Q_s_V_U       |demodulationFM_y_bkb  |      256|  0|   0|    0|  100000|   32|     1|      3200000|
    |y_I_fpb_V_U     |demodulationFM_y_bkb  |      256|  0|   0|    0|  100000|   32|     1|      3200000|
    |y_Q_fpb_V_U     |demodulationFM_y_bkb  |      256|  0|   0|    0|  100000|   32|     1|      3200000|
    |y_I_d_V_U       |demodulationFM_y_fYi  |       32|  0|   0|    0|   12500|   32|     1|       400000|
    |y_Q_d_V_U       |demodulationFM_y_fYi  |       32|  0|   0|    0|   12500|   32|     1|       400000|
    |y_demod_nd_V_U  |demodulationFM_y_fYi  |       32|  0|   0|    0|   12500|   32|     1|       400000|
    +----------------+----------------------+---------+---+----+-----+--------+-----+------+-------------+
    |Total           |                      |     1120|  0|   0|    0|  437500|  224|     7|     14000000|
    +----------------+----------------------+---------+---+----+-----+--------+-----+------+-------------+

    * FIFO: 
    N/A

    * Expression: 
    +---------------------------------+----------+-------+---+----+------------+------------+
    |          Variable Name          | Operation| DSP48E| FF| LUT| Bitwidth P0| Bitwidth P1|
    +---------------------------------+----------+-------+---+----+------------+------------+
    |r_V_6_fu_247_p2                  |     *    |      4|  0|  21|          32|          32|
    |r_V_7_fu_259_p2                  |     *    |      4|  0|  21|          32|          32|
    |r_V_8_fu_271_p2                  |     *    |      4|  0|  21|          32|          32|
    |r_V_9_fu_277_p2                  |     *    |      4|  0|  21|          32|          32|
    |q_fu_223_p2                      |     +    |      0|  0|  21|          14|           1|
    |ret_V_6_fu_291_p2                |     +    |      0|  0|  72|          65|          65|
    |dii_V_fu_229_p2                  |     -    |      0|  0|  39|          32|          32|
    |dqq_V_fu_235_p2                  |     -    |      0|  0|  39|          32|          32|
    |ret_V_fu_265_p2                  |     -    |      0|  0|  71|          64|          64|
    |icmp_ln252_fu_211_p2             |   icmp   |      0|  0|  13|          14|          13|
    |ap_block_state6_on_subcall_done  |    or    |      0|  0|   6|           1|           1|
    +---------------------------------+----------+-------+---+----+------------+------------+
    |Total                            |          |     16|  0| 345|         350|         336|
    +---------------------------------+----------+-------+---+----+------------+------------+

    * Multiplexer: 
    +---------------------------------+-----+-----------+-----+-----------+
    |               Name              | LUT | Input Size| Bits| Total Bits|
    +---------------------------------+-----+-----------+-----+-----------+
    |ap_NS_fsm                        |  506|        115|    1|        115|
    |grp_decimation1_fu_205_ary_V_q0  |   15|          3|   32|         96|
    |grp_fir_fu_190_x_V_q0            |   15|          3|   32|         96|
    |p_Val2_13_reg_143                |    9|          2|   32|         64|
    |p_Val2_15_reg_153                |    9|          2|   32|         64|
    |q_0_i_reg_163                    |    9|          2|   14|         28|
    |y_I_V_read                       |    9|          2|    1|          2|
    |y_I_d_V_address0                 |   21|          4|   14|         56|
    |y_I_d_V_ce0                      |   15|          3|    1|          3|
    |y_I_d_V_we0                      |    9|          2|    1|          2|
    |y_I_fpb_V_address0               |   15|          3|   17|         51|
    |y_I_fpb_V_ce0                    |   15|          3|    1|          3|
    |y_I_fpb_V_we0                    |    9|          2|    1|          2|
    |y_I_s_V_address0                 |   15|          3|   17|         51|
    |y_I_s_V_ce0                      |   15|          3|    1|          3|
    |y_I_s_V_we0                      |    9|          2|    1|          2|
    |y_Q_V_read                       |    9|          2|    1|          2|
    |y_Q_d_V_address0                 |   21|          4|   14|         56|
    |y_Q_d_V_ce0                      |   15|          3|    1|          3|
    |y_Q_d_V_we0                      |    9|          2|    1|          2|
    |y_Q_fpb_V_address0               |   15|          3|   17|         51|
    |y_Q_fpb_V_ce0                    |   15|          3|    1|          3|
    |y_Q_fpb_V_we0                    |    9|          2|    1|          2|
    |y_Q_s_V_address0                 |   15|          3|   17|         51|
    |y_Q_s_V_ce0                      |   15|          3|    1|          3|
    |y_Q_s_V_we0                      |    9|          2|    1|          2|
    |y_demod_d_V_write                |    9|          2|    1|          2|
    |y_demod_nd_V_address0            |   21|          4|   14|         56|
    |y_demod_nd_V_ce0                 |   15|          3|    1|          3|
    |y_demod_nd_V_d0                  |   15|          3|   32|         96|
    +---------------------------------+-----+-----------+-----+-----------+
    |Total                            |  887|        193|  301|        970|
    +---------------------------------+-----+-----------+-----+-----------+

    * Register: 
    +-------------------------------------+-----+----+-----+-----------+
    |                 Name                |  FF | LUT| Bits| Const Bits|
    +-------------------------------------+-----+----+-----+-----------+
    |ap_CS_fsm                            |  114|   0|  114|          0|
    |ary_i_value_1_V_reg_373              |   32|   0|   32|          0|
    |ary_r_value_1_V_reg_367              |   32|   0|   32|          0|
    |dii_V_reg_379                        |   32|   0|   32|          0|
    |dqq_V_reg_384                        |   32|   0|   32|          0|
    |grp_decimation1_fu_205_ap_start_reg  |    1|   0|    1|          0|
    |grp_decimation2_fu_198_ap_start_reg  |    1|   0|    1|          0|
    |grp_fir_fu_190_ap_start_reg          |    1|   0|    1|          0|
    |grp_shift_fu_174_ap_start_reg        |    1|   0|    1|          0|
    |p_Val2_13_reg_143                    |   32|   0|   32|          0|
    |p_Val2_15_reg_153                    |   32|   0|   32|          0|
    |q_0_i_reg_163                        |   14|   0|   14|          0|
    |q_reg_362                            |   14|   0|   14|          0|
    |ret_V_6_reg_394                      |   65|   0|   65|          0|
    |ret_V_reg_389                        |   64|   0|   64|          0|
    |zext_ln255_reg_347                   |   14|   0|   64|         50|
    +-------------------------------------+-----+----+-----+-----------+
    |Total                                |  481|   0|  531|         50|
    +-------------------------------------+-----+----+-----+-----------+



================================================================
== Interface
================================================================
* Summary: 
+--------------------+-----+-----+------------+----------------+--------------+
|      RTL Ports     | Dir | Bits|  Protocol  |  Source Object |    C Type    |
+--------------------+-----+-----+------------+----------------+--------------+
|ap_clk              |  in |    1| ap_ctrl_hs | demodulationFM | return value |
|ap_rst              |  in |    1| ap_ctrl_hs | demodulationFM | return value |
|ap_start            |  in |    1| ap_ctrl_hs | demodulationFM | return value |
|ap_done             | out |    1| ap_ctrl_hs | demodulationFM | return value |
|ap_idle             | out |    1| ap_ctrl_hs | demodulationFM | return value |
|ap_ready            | out |    1| ap_ctrl_hs | demodulationFM | return value |
|ap_return           | out |   32| ap_ctrl_hs | demodulationFM | return value |
|y_I_V_dout          |  in |   32|   ap_fifo  |      y_I_V     |    pointer   |
|y_I_V_empty_n       |  in |    1|   ap_fifo  |      y_I_V     |    pointer   |
|y_I_V_read          | out |    1|   ap_fifo  |      y_I_V     |    pointer   |
|y_Q_V_dout          |  in |   32|   ap_fifo  |      y_Q_V     |    pointer   |
|y_Q_V_empty_n       |  in |    1|   ap_fifo  |      y_Q_V     |    pointer   |
|y_Q_V_read          | out |    1|   ap_fifo  |      y_Q_V     |    pointer   |
|y_demod_d_V_din     | out |   32|   ap_fifo  |   y_demod_d_V  |    pointer   |
|y_demod_d_V_full_n  |  in |    1|   ap_fifo  |   y_demod_d_V  |    pointer   |
|y_demod_d_V_write   | out |    1|   ap_fifo  |   y_demod_d_V  |    pointer   |
+--------------------+-----+-----+------------+----------------+--------------+

