INFO: [SIM 2] *************** CSIM start ***************
INFO: [SIM 4] CSIM will launch GCC as the compiler.
make: « csim.exe » est à jour.
i = 0	 hw_result = 0	 sw_result = 0
i = 1	 hw_result = 0.0210724	 sw_result = 0.031036
i = 2	 hw_result = -0.203217	 sw_result = -0.102852
Error threshold exceeded: i = 2  Expected: -0.102852  Got: -0.203217  Delta: -0.100365
i = 3	 hw_result = -0.258347	 sw_result = -0.198282
Error threshold exceeded: i = 3  Expected: -0.198282  Got: -0.258347  Delta: -0.0600646
i = 4	 hw_result = 0.891586	 sw_result = 0.988485
Error threshold exceeded: i = 4  Expected: 0.988485  Got: 0.891586  Delta: -0.0968987
i = 5	 hw_result = 0.366043	 sw_result = 0.409941
Error threshold exceeded: i = 5  Expected: 0.409941  Got: 0.366043  Delta: -0.0438979
i = 6	 hw_result = 0.240936	 sw_result = -0.104715
Error threshold exceeded: i = 6  Expected: -0.104715  Got: 0.240936  Delta: 0.345651
i = 7	 hw_result = -0.15654	 sw_result = -0.18878
Error threshold exceeded: i = 7  Expected: -0.18878  Got: -0.15654  Delta: 0.0322401
i = 8	 hw_result = -0.324326	 sw_result = -0.319376
i = 9	 hw_result = -0.386856	 sw_result = -0.411561
Error threshold exceeded: i = 9  Expected: -0.411561  Got: -0.386856  Delta: 0.0247049
i = 10	 hw_result = -0.169006	 sw_result = -0.514769
Error threshold exceeded: i = 10  Expected: -0.514769  Got: -0.169006  Delta: 0.345763
i = 11	 hw_result = -0.127518	 sw_result = -0.105018
Error threshold exceeded: i = 11  Expected: -0.105018  Got: -0.127518  Delta: -0.0224997
i = 12	 hw_result = -0.0090332	 sw_result = -0.071882
Error threshold exceeded: i = 12  Expected: -0.071882  Got: -0.0090332  Delta: 0.0628488
i = 13	 hw_result = -0.798126	 sw_result = -0.807407
i = 14	 hw_result = -0.0136719	 sw_result = -0.056616
Error threshold exceeded: i = 14  Expected: -0.056616  Got: -0.0136719  Delta: 0.0429441
i = 15	 hw_result = 0.727783	 sw_result = 0.753207
Error threshold exceeded: i = 15  Expected: 0.753207  Got: 0.727783  Delta: -0.0254238
i = 16	 hw_result = 0.657257	 sw_result = 0.594493
Error threshold exceeded: i = 16  Expected: 0.594493  Got: 0.657257  Delta: 0.0627641
i = 17	 hw_result = -0.233765	 sw_result = -0.241263
i = 18	 hw_result = -0.107208	 sw_result = -0.136271
Error threshold exceeded: i = 18  Expected: -0.136271  Got: -0.107208  Delta: 0.0290627
i = 19	 hw_result = -0.200638	 sw_result = -0.179734
Error threshold exceeded: i = 19  Expected: -0.179734  Got: -0.200638  Delta: -0.0209038
i = 20	 hw_result = 0.0936279	 sw_result = 0.095363
i = 21	 hw_result = 0.708069	 sw_result = 0.690985
Error threshold exceeded: i = 21  Expected: 0.690985  Got: 0.708069  Delta: 0.0170838
i = 22	 hw_result = 0.297974	 sw_result = 0.352289
Error threshold exceeded: i = 22  Expected: 0.352289  Got: 0.297974  Delta: -0.0543154
i = 23	 hw_result = -0.000808716	 sw_result = -0.100742
Error threshold exceeded: i = 23  Expected: -0.100742  Got: -0.000808716  Delta: 0.0999333
i = 24	 hw_result = 0.130249	 sw_result = 0.180484
Error threshold exceeded: i = 24  Expected: 0.180484  Got: 0.130249  Delta: -0.050235
i = 25	 hw_result = 0.0399323	 sw_result = 0.046797
i = 26	 hw_result = -0.771011	 sw_result = -0.755451
Error threshold exceeded: i = 26  Expected: -0.755451  Got: -0.771011  Delta: -0.0155604
i = 27	 hw_result = -0.626358	 sw_result = -0.606344
Error threshold exceeded: i = 27  Expected: -0.606344  Got: -0.626358  Delta: -0.020014
i = 28	 hw_result = -0.426361	 sw_result = -0.365765
Error threshold exceeded: i = 28  Expected: -0.365765  Got: -0.426361  Delta: -0.0605961
i = 29	 hw_result = 0.030426	 sw_result = 0.026992
i = 30	 hw_result = -0.284988	 sw_result = -0.34469
Error threshold exceeded: i = 30  Expected: -0.34469  Got: -0.284988  Delta: 0.0597016
i = 31	 hw_result = -0.746323	 sw_result = -0.801346
Error threshold exceeded: i = 31  Expected: -0.801346  Got: -0.746323  Delta: 0.0550234
i = 32	 hw_result = -0.426239	 sw_result = -0.394685
Error threshold exceeded: i = 32  Expected: -0.394685  Got: -0.426239  Delta: -0.031554
i = 33	 hw_result = -0.128754	 sw_result = -0.134354
i = 34	 hw_result = -0.252747	 sw_result = -0.236158
Error threshold exceeded: i = 34  Expected: -0.236158  Got: -0.252747  Delta: -0.0165886
i = 35	 hw_result = 0.610672	 sw_result = 0.530252
Error threshold exceeded: i = 35  Expected: 0.530252  Got: 0.610672  Delta: 0.08042
i = 36	 hw_result = 0.119263	 sw_result = 0.155826
Error threshold exceeded: i = 36  Expected: 0.155826  Got: 0.119263  Delta: -0.0365633
i = 37	 hw_result = -0.61908	 sw_result = -0.636433
Error threshold exceeded: i = 37  Expected: -0.636433  Got: -0.61908  Delta: 0.0173534
i = 38	 hw_result = -0.194504	 sw_result = -0.150171
Error threshold exceeded: i = 38  Expected: -0.150171  Got: -0.194504  Delta: -0.0443328
i = 39	 hw_result = 0.452698	 sw_result = 0.523708
Error threshold exceeded: i = 39  Expected: 0.523708  Got: 0.452698  Delta: -0.0710102
i = 40	 hw_result = 0.403442	 sw_result = 0.418164
Error threshold exceeded: i = 40  Expected: 0.418164  Got: 0.403442  Delta: -0.0147216
i = 41	 hw_result = -0.236145	 sw_result = -0.176027
Error threshold exceeded: i = 41  Expected: -0.176027  Got: -0.236145  Delta: -0.060118
i = 42	 hw_result = -0.0396881	 sw_result = -0.027172
Error threshold exceeded: i = 42  Expected: -0.027172  Got: -0.0396881  Delta: -0.0125161
i = 43	 hw_result = -0.313278	 sw_result = -0.325323
Error threshold exceeded: i = 43  Expected: -0.325323  Got: -0.313278  Delta: 0.0120448
i = 44	 hw_result = -0.738281	 sw_result = -0.743624
i = 45	 hw_result = -0.369339	 sw_result = -0.192409
Error threshold exceeded: i = 45  Expected: -0.192409  Got: -0.369339  Delta: -0.17693
i = 46	 hw_result = -0.463058	 sw_result = -0.477336
Error threshold exceeded: i = 46  Expected: -0.477336  Got: -0.463058  Delta: 0.0142775
i = 47	 hw_result = -0.455276	 sw_result = -0.457018
i = 48	 hw_result = -0.428619	 sw_result = -0.395483
Error threshold exceeded: i = 48  Expected: -0.395483  Got: -0.428619  Delta: -0.0331364
i = 49	 hw_result = -0.0521698	 sw_result = -0.135103
Error threshold exceeded: i = 49  Expected: -0.135103  Got: -0.0521698  Delta: 0.0829332
i = 50	 hw_result = -0.414017	 sw_result = -0.452385
Error threshold exceeded: i = 50  Expected: -0.452385  Got: -0.414017  Delta: 0.0383683
i = 51	 hw_result = -0.268402	 sw_result = -0.276219
i = 52	 hw_result = 0.271988	 sw_result = 0.286166
Error threshold exceeded: i = 52  Expected: 0.286166  Got: 0.271988  Delta: -0.0141781
i = 53	 hw_result = -0.127045	 sw_result = -0.00583
Error threshold exceeded: i = 53  Expected: -0.00583  Got: -0.127045  Delta: -0.121215
i = 54	 hw_result = -0.894043	 sw_result = -0.886823
i = 55	 hw_result = -0.00979614	 sw_result = -0.017543
i = 56	 hw_result = 0.245483	 sw_result = 0.229753
Error threshold exceeded: i = 56  Expected: 0.229753  Got: 0.245483  Delta: 0.0157304
i = 57	 hw_result = -0.203568	 sw_result = -0.227446
Error threshold exceeded: i = 57  Expected: -0.227446  Got: -0.203568  Delta: 0.0238785
i = 58	 hw_result = -0.387329	 sw_result = -0.359693
Error threshold exceeded: i = 58  Expected: -0.359693  Got: -0.387329  Delta: -0.0276361
i = 59	 hw_result = 0.129974	 sw_result = 0.092859
Error threshold exceeded: i = 59  Expected: 0.092859  Got: 0.129974  Delta: 0.0371154
i = 60	 hw_result = -0.419601	 sw_result = -0.400561
Error threshold exceeded: i = 60  Expected: -0.400561  Got: -0.419601  Delta: -0.0190404
i = 61	 hw_result = -0.198273	 sw_result = -0.235605
Error threshold exceeded: i = 61  Expected: -0.235605  Got: -0.198273  Delta: 0.0373323
i = 62	 hw_result = -0.088623	 sw_result = -0.116689
Error threshold exceeded: i = 62  Expected: -0.116689  Got: -0.088623  Delta: 0.028066
i = 63	 hw_result = -0.696548	 sw_result = -0.695508
i = 64	 hw_result = -0.666748	 sw_result = -0.621314
Error threshold exceeded: i = 64  Expected: -0.621314  Got: -0.666748  Delta: -0.045434
i = 65	 hw_result = 0.463425	 sw_result = 0.456788
i = 66	 hw_result = -0.550842	 sw_result = -0.512384
Error threshold exceeded: i = 66  Expected: -0.512384  Got: -0.550842  Delta: -0.0384583
i = 67	 hw_result = -0.722	 sw_result = -0.732989
Error threshold exceeded: i = 67  Expected: -0.732989  Got: -0.722  Delta: 0.0109889
i = 68	 hw_result = 0.263306	 sw_result = 0.212316
Error threshold exceeded: i = 68  Expected: 0.212316  Got: 0.263306  Delta: 0.0509897
i = 69	 hw_result = -1.11298	 sw_result = -1.18417
Error threshold exceeded: i = 69  Expected: -1.18417  Got: -1.11298  Delta: 0.0711909
i = 70	 hw_result = -0.645309	 sw_result = -0.671379
Error threshold exceeded: i = 70  Expected: -0.671379  Got: -0.645309  Delta: 0.0260696
i = 71	 hw_result = -0.146362	 sw_result = -0.09952
Error threshold exceeded: i = 71  Expected: -0.09952  Got: -0.146362  Delta: -0.0468423
i = 72	 hw_result = -0.120132	 sw_result = -0.091727
Error threshold exceeded: i = 72  Expected: -0.091727  Got: -0.120132  Delta: -0.0284054
i = 73	 hw_result = -0.247482	 sw_result = -0.256773
i = 74	 hw_result = -0.306656	 sw_result = -0.283967
Error threshold exceeded: i = 74  Expected: -0.283967  Got: -0.306656  Delta: -0.0226889
i = 75	 hw_result = -0.767181	 sw_result = -0.706908
Error threshold exceeded: i = 75  Expected: -0.706908  Got: -0.767181  Delta: -0.0602734
i = 76	 hw_result = -0.66188	 sw_result = -0.642613
Error threshold exceeded: i = 76  Expected: -0.642613  Got: -0.66188  Delta: -0.0192675
i = 77	 hw_result = 0.241104	 sw_result = 0.193034
Error threshold exceeded: i = 77  Expected: 0.193034  Got: 0.241104  Delta: 0.0480701
i = 78	 hw_result = -0.78125	 sw_result = -0.874868
Error threshold exceeded: i = 78  Expected: -0.874868  Got: -0.78125  Delta: 0.093618
i = 79	 hw_result = -0.666	 sw_result = -0.634082
Error threshold exceeded: i = 79  Expected: -0.634082  Got: -0.666  Delta: -0.0319184
i = 80	 hw_result = -0.13652	 sw_result = -0.138524
i = 81	 hw_result = -0.45546	 sw_result = -0.417614
Error threshold exceeded: i = 81  Expected: -0.417614  Got: -0.45546  Delta: -0.0378456
i = 82	 hw_result = -0.896149	 sw_result = -0.821406
Error threshold exceeded: i = 82  Expected: -0.821406  Got: -0.896149  Delta: -0.0747427
i = 83	 hw_result = 0.18663	 sw_result = 0.20927
Error threshold exceeded: i = 83  Expected: 0.20927  Got: 0.18663  Delta: -0.0226398
i = 84	 hw_result = -0.424835	 sw_result = -0.432404
i = 85	 hw_result = -0.53064	 sw_result = -0.564545
Error threshold exceeded: i = 85  Expected: -0.564545  Got: -0.53064  Delta: 0.0339054
i = 86	 hw_result = 0.292175	 sw_result = 0.300902
i = 87	 hw_result = -0.90831	 sw_result = -0.937803
Error threshold exceeded: i = 87  Expected: -0.937803  Got: -0.90831  Delta: 0.0294931
i = 88	 hw_result = -3.37323	 sw_result = -1.01229
Error threshold exceeded: i = 88  Expected: -1.01229  Got: -3.37323  Delta: -2.36094
i = 89	 hw_result = -0.361481	 sw_result = -0.342952
Error threshold exceeded: i = 89  Expected: -0.342952  Got: -0.361481  Delta: -0.0185287
i = 90	 hw_result = -0.368988	 sw_result = -0.401771
Error threshold exceeded: i = 90  Expected: -0.401771  Got: -0.368988  Delta: 0.032783
i = 91	 hw_result = -0.742279	 sw_result = -0.772399
Error threshold exceeded: i = 91  Expected: -0.772399  Got: -0.742279  Delta: 0.0301199
i = 92	 hw_result = -0.531418	 sw_result = -0.325846
Error threshold exceeded: i = 92  Expected: -0.325846  Got: -0.531418  Delta: -0.205572
i = 93	 hw_result = 0.130508	 sw_result = 0.107498
Error threshold exceeded: i = 93  Expected: 0.107498  Got: 0.130508  Delta: 0.0230104
i = 94	 hw_result = -0.445038	 sw_result = -0.431957
Error threshold exceeded: i = 94  Expected: -0.431957  Got: -0.445038  Delta: -0.0130808
i = 95	 hw_result = -0.673096	 sw_result = -0.735519
Error threshold exceeded: i = 95  Expected: -0.735519  Got: -0.673096  Delta: 0.0624233
i = 96	 hw_result = -0.298904	 sw_result = -0.336093
Error threshold exceeded: i = 96  Expected: -0.336093  Got: -0.298904  Delta: 0.0371886
i = 97	 hw_result = -0.254196	 sw_result = -0.306101
Error threshold exceeded: i = 97  Expected: -0.306101  Got: -0.254196  Delta: 0.0519048
i = 98	 hw_result = -0.324036	 sw_result = -0.318595
i = 99	 hw_result = -0.700592	 sw_result = -0.643238
Error threshold exceeded: i = 99  Expected: -0.643238  Got: -0.700592  Delta: -0.057354
i = 100	 hw_result = -0.704956	 sw_result = -0.764563
Error threshold exceeded: i = 100  Expected: -0.764563  Got: -0.704956  Delta: 0.0596069
i = 101	 hw_result = -0.104065	 sw_result = -0.089158
Error threshold exceeded: i = 101  Expected: -0.089158  Got: -0.104065  Delta: -0.0149069
i = 102	 hw_result = -0.0694122	 sw_result = -0.034554
Error threshold exceeded: i = 102  Expected: -0.034554  Got: -0.0694122  Delta: -0.0348582
i = 103	 hw_result = -0.25412	 sw_result = -0.251642
i = 104	 hw_result = -0.636856	 sw_result = -0.64
i = 105	 hw_result = -0.393097	 sw_result = -0.394277
i = 106	 hw_result = 0.183578	 sw_result = 0.152377
Error threshold exceeded: i = 106  Expected: 0.152377  Got: 0.183578  Delta: 0.0312015
i = 107	 hw_result = -1.02982	 sw_result = -1.01421
Error threshold exceeded: i = 107  Expected: -1.01421  Got: -1.02982  Delta: -0.0156017
i = 108	 hw_result = -1.17209	 sw_result = -1.16375
i = 109	 hw_result = -0.393173	 sw_result = -0.341174
Error threshold exceeded: i = 109  Expected: -0.341174  Got: -0.393173  Delta: -0.0519992
i = 110	 hw_result = 0.0289307	 sw_result = 0.003146
Error threshold exceeded: i = 110  Expected: 0.003146  Got: 0.0289307  Delta: 0.0257847
i = 111	 hw_result = -0.682419	 sw_result = -0.696206
Error threshold exceeded: i = 111  Expected: -0.696206  Got: -0.682419  Delta: 0.0137872
i = 112	 hw_result = -0.542419	 sw_result = -0.557487
Error threshold exceeded: i = 112  Expected: -0.557487  Got: -0.542419  Delta: 0.0150676
i = 113	 hw_result = -0.532013	 sw_result = -0.489691
Error threshold exceeded: i = 113  Expected: -0.489691  Got: -0.532013  Delta: -0.0423219
i = 114	 hw_result = 0.00622559	 sw_result = -0.036145
Error threshold exceeded: i = 114  Expected: -0.036145  Got: 0.00622559  Delta: 0.0423706
i = 115	 hw_result = -0.754608	 sw_result = -0.753313
i = 116	 hw_result = -0.0266724	 sw_result = -0.057619
Error threshold exceeded: i = 116  Expected: -0.057619  Got: -0.0266724  Delta: 0.0309466
i = 117	 hw_result = 0.182449	 sw_result = 0.211355
Error threshold exceeded: i = 117  Expected: 0.211355  Got: 0.182449  Delta: -0.0289057
i = 118	 hw_result = 0.067215	 sw_result = 0.074838
i = 119	 hw_result = -0.682083	 sw_result = -0.628498
Error threshold exceeded: i = 119  Expected: -0.628498  Got: -0.682083  Delta: -0.0535851
i = 120	 hw_result = -0.395859	 sw_result = -0.407986
Error threshold exceeded: i = 120  Expected: -0.407986  Got: -0.395859  Delta: 0.0121272
i = 121	 hw_result = -0.225021	 sw_result = -0.207968
Error threshold exceeded: i = 121  Expected: -0.207968  Got: -0.225021  Delta: -0.0170534
i = 122	 hw_result = -0.0317078	 sw_result = -0.108091
Error threshold exceeded: i = 122  Expected: -0.108091  Got: -0.0317078  Delta: 0.0763832
i = 123	 hw_result = 0.0246887	 sw_result = 0.008983
Error threshold exceeded: i = 123  Expected: 0.008983  Got: 0.0246887  Delta: 0.0157057
i = 124	 hw_result = -0.783066	 sw_result = -0.819807
Error threshold exceeded: i = 124  Expected: -0.819807  Got: -0.783066  Delta: 0.0367412
i = 125	 hw_result = -0.54863	 sw_result = -0.557212
i = 126	 hw_result = 0.218964	 sw_result = 0.203612
Error threshold exceeded: i = 126  Expected: 0.203612  Got: 0.218964  Delta: 0.0153516
i = 127	 hw_result = 0.307541	 sw_result = 0.402232
Error threshold exceeded: i = 127  Expected: 0.402232  Got: 0.307541  Delta: -0.0946911
i = 128	 hw_result = -0.484482	 sw_result = -0.437293
Error threshold exceeded: i = 128  Expected: -0.437293  Got: -0.484482  Delta: -0.0471888
i = 129	 hw_result = -0.291901	 sw_result = -0.282236
i = 130	 hw_result = 0.219193	 sw_result = 0.193452
Error threshold exceeded: i = 130  Expected: 0.193452  Got: 0.219193  Delta: 0.0257405
i = 131	 hw_result = -0.36528	 sw_result = -0.245395
Error threshold exceeded: i = 131  Expected: -0.245395  Got: -0.36528  Delta: -0.119885
i = 132	 hw_result = -0.108215	 sw_result = -0.145531
Error threshold exceeded: i = 132  Expected: -0.145531  Got: -0.108215  Delta: 0.0373157
i = 133	 hw_result = -0.332947	 sw_result = -0.353387
Error threshold exceeded: i = 133  Expected: -0.353387  Got: -0.332947  Delta: 0.0204402
i = 134	 hw_result = -0.332809	 sw_result = -0.391432
Error threshold exceeded: i = 134  Expected: -0.391432  Got: -0.332809  Delta: 0.0586226
i = 135	 hw_result = -0.293625	 sw_result = -0.062902
Error threshold exceeded: i = 135  Expected: -0.062902  Got: -0.293625  Delta: -0.230723
i = 136	 hw_result = 0.584137	 sw_result = 0.586777
i = 137	 hw_result = 0.237762	 sw_result = 0.212539
Error threshold exceeded: i = 137  Expected: 0.212539  Got: 0.237762  Delta: 0.0252235
i = 138	 hw_result = -0.822571	 sw_result = -0.81253
Error threshold exceeded: i = 138  Expected: -0.81253  Got: -0.822571  Delta: -0.0100408
i = 139	 hw_result = -0.0614166	 sw_result = -0.049522
Error threshold exceeded: i = 139  Expected: -0.049522  Got: -0.0614166  Delta: -0.0118946
i = 140	 hw_result = -0.144745	 sw_result = -0.216829
Error threshold exceeded: i = 140  Expected: -0.216829  Got: -0.144745  Delta: 0.0720841
i = 141	 hw_result = -0.280304	 sw_result = -0.265053
Error threshold exceeded: i = 141  Expected: -0.265053  Got: -0.280304  Delta: -0.015251
i = 142	 hw_result = -0.064682	 sw_result = -0.047041
Error threshold exceeded: i = 142  Expected: -0.047041  Got: -0.064682  Delta: -0.017641
i = 143	 hw_result = -0.420395	 sw_result = -0.434017
Error threshold exceeded: i = 143  Expected: -0.434017  Got: -0.420395  Delta: 0.0136221
i = 144	 hw_result = -0.426758	 sw_result = -0.437864
Error threshold exceeded: i = 144  Expected: -0.437864  Got: -0.426758  Delta: 0.0111062
i = 145	 hw_result = -0.153107	 sw_result = -0.1505
i = 146	 hw_result = -0.451492	 sw_result = -0.464423
Error threshold exceeded: i = 146  Expected: -0.464423  Got: -0.451492  Delta: 0.0129307
i = 147	 hw_result = -0.228058	 sw_result = -0.19549
Error threshold exceeded: i = 147  Expected: -0.19549  Got: -0.228058  Delta: -0.0325679
i = 148	 hw_result = 0.652008	 sw_result = 0.586232
Error threshold exceeded: i = 148  Expected: 0.586232  Got: 0.652008  Delta: 0.0657761
i = 149	 hw_result = -0.12854	 sw_result = -0.1019
Error threshold exceeded: i = 149  Expected: -0.1019  Got: -0.12854  Delta: -0.02664
i = 150	 hw_result = -0.437134	 sw_result = -0.358061
Error threshold exceeded: i = 150  Expected: -0.358061  Got: -0.437134  Delta: -0.0790728
i = 151	 hw_result = -0.345001	 sw_result = -0.367727
Error threshold exceeded: i = 151  Expected: -0.367727  Got: -0.345001  Delta: 0.0227258
i = 152	 hw_result = -0.36145	 sw_result = -0.365268
i = 153	 hw_result = -0.24086	 sw_result = -0.219317
Error threshold exceeded: i = 153  Expected: -0.219317  Got: -0.24086  Delta: -0.021543
i = 154	 hw_result = -0.290192	 sw_result = -0.254286
Error threshold exceeded: i = 154  Expected: -0.254286  Got: -0.290192  Delta: -0.0359057
i = 155	 hw_result = -0.420303	 sw_result = -0.450363
Error threshold exceeded: i = 155  Expected: -0.450363  Got: -0.420303  Delta: 0.0300597
i = 156	 hw_result = -0.00990295	 sw_result = -0.072787
Error threshold exceeded: i = 156  Expected: -0.072787  Got: -0.00990295  Delta: 0.062884
i = 157	 hw_result = -0.135651	 sw_result = -0.143178
i = 158	 hw_result = -0.326736	 sw_result = -0.325786
i = 159	 hw_result = -0.350616	 sw_result = -0.281271
Error threshold exceeded: i = 159  Expected: -0.281271  Got: -0.350616  Delta: -0.0693455
i = 160	 hw_result = 0.245468	 sw_result = 0.243457
i = 161	 hw_result = -0.102005	 sw_result = -0.076233
Error threshold exceeded: i = 161  Expected: -0.076233  Got: -0.102005  Delta: -0.025772
i = 162	 hw_result = -0.0210266	 sw_result = 0.025225
Error threshold exceeded: i = 162  Expected: 0.025225  Got: -0.0210266  Delta: -0.0462516
i = 163	 hw_result = -0.145126	 sw_result = -0.111215
Error threshold exceeded: i = 163  Expected: -0.111215  Got: -0.145126  Delta: -0.0339113
i = 164	 hw_result = -0.0288544	 sw_result = 0.035085
Error threshold exceeded: i = 164  Expected: 0.035085  Got: -0.0288544  Delta: -0.0639394
i = 165	 hw_result = 0.106018	 sw_result = 0.131688
Error threshold exceeded: i = 165  Expected: 0.131688  Got: 0.106018  Delta: -0.0256699
i = 166	 hw_result = -0.150192	 sw_result = -0.121995
Error threshold exceeded: i = 166  Expected: -0.121995  Got: -0.150192  Delta: -0.0281973
i = 167	 hw_result = 0.0139771	 sw_result = 0.034747
Error threshold exceeded: i = 167  Expected: 0.034747  Got: 0.0139771  Delta: -0.02077
i = 168	 hw_result = 0.171509	 sw_result = 0.179268
i = 169	 hw_result = 0.376221	 sw_result = 0.411056
Error threshold exceeded: i = 169  Expected: 0.411056  Got: 0.376221  Delta: -0.0348353
i = 170	 hw_result = -0.380737	 sw_result = -0.046952
Error threshold exceeded: i = 170  Expected: -0.046952  Got: -0.380737  Delta: -0.333785
i = 171	 hw_result = 0.218857	 sw_result = 0.238305
Error threshold exceeded: i = 171  Expected: 0.238305  Got: 0.218857  Delta: -0.0194482
i = 172	 hw_result = -0.153503	 sw_result = -0.114003
Error threshold exceeded: i = 172  Expected: -0.114003  Got: -0.153503  Delta: -0.0395004
i = 173	 hw_result = -0.270416	 sw_result = -0.345681
Error threshold exceeded: i = 173  Expected: -0.345681  Got: -0.270416  Delta: 0.0752647
i = 174	 hw_result = -0.170593	 sw_result = 0.117854
Error threshold exceeded: i = 174  Expected: 0.117854  Got: -0.170593  Delta: -0.288447
i = 175	 hw_result = 0.0958862	 sw_result = 0.12796
Error threshold exceeded: i = 175  Expected: 0.12796  Got: 0.0958862  Delta: -0.0320738
i = 176	 hw_result = -0.117004	 sw_result = -0.141174
Error threshold exceeded: i = 176  Expected: -0.141174  Got: -0.117004  Delta: 0.0241696
i = 177	 hw_result = 0.413879	 sw_result = 0.341848
Error threshold exceeded: i = 177  Expected: 0.341848  Got: 0.413879  Delta: 0.0720314
i = 178	 hw_result = -0.0847778	 sw_result = -0.079305
i = 179	 hw_result = -0.7453	 sw_result = -0.752067
i = 180	 hw_result = -0.054245	 sw_result = -0.040144
Error threshold exceeded: i = 180  Expected: -0.040144  Got: -0.054245  Delta: -0.014101
i = 181	 hw_result = 0.145584	 sw_result = 0.168706
Error threshold exceeded: i = 181  Expected: 0.168706  Got: 0.145584  Delta: -0.0231219
i = 182	 hw_result = -0.0863953	 sw_result = -0.103375
Error threshold exceeded: i = 182  Expected: -0.103375  Got: -0.0863953  Delta: 0.0169797
i = 183	 hw_result = -0.0433197	 sw_result = 0.004203
Error threshold exceeded: i = 183  Expected: 0.004203  Got: -0.0433197  Delta: -0.0475227
i = 184	 hw_result = 0.426514	 sw_result = 0.361972
Error threshold exceeded: i = 184  Expected: 0.361972  Got: 0.426514  Delta: 0.0645417
i = 185	 hw_result = -0.013443	 sw_result = -0.001043
Error threshold exceeded: i = 185  Expected: -0.001043  Got: -0.013443  Delta: -0.0124
i = 186	 hw_result = -0.252853	 sw_result = -0.289812
Error threshold exceeded: i = 186  Expected: -0.289812  Got: -0.252853  Delta: 0.0369586
i = 187	 hw_result = 0.00828552	 sw_result = 0.035513
Error threshold exceeded: i = 187  Expected: 0.035513  Got: 0.00828552  Delta: -0.0272275
i = 188	 hw_result = 0.0288696	 sw_result = 0.019224
i = 189	 hw_result = -0.0964966	 sw_result = -0.063861
Error threshold exceeded: i = 189  Expected: -0.063861  Got: -0.0964966  Delta: -0.0326356
i = 190	 hw_result = -0.0991211	 sw_result = -0.133018
Error threshold exceeded: i = 190  Expected: -0.133018  Got: -0.0991211  Delta: 0.0338969
i = 191	 hw_result = 0.0567627	 sw_result = 0.046484
Error threshold exceeded: i = 191  Expected: 0.046484  Got: 0.0567627  Delta: 0.0102787
i = 192	 hw_result = -0.308273	 sw_result = -0.289067
Error threshold exceeded: i = 192  Expected: -0.289067  Got: -0.308273  Delta: -0.0192063
i = 193	 hw_result = -0.329514	 sw_result = -0.30186
Error threshold exceeded: i = 193  Expected: -0.30186  Got: -0.329514  Delta: -0.0276536
i = 194	 hw_result = -0.0429382	 sw_result = -0.016277
Error threshold exceeded: i = 194  Expected: -0.016277  Got: -0.0429382  Delta: -0.0266612
i = 195	 hw_result = -0.192139	 sw_result = -0.162543
Error threshold exceeded: i = 195  Expected: -0.162543  Got: -0.192139  Delta: -0.0295957
i = 196	 hw_result = -0.51152	 sw_result = -0.561817
Error threshold exceeded: i = 196  Expected: -0.561817  Got: -0.51152  Delta: 0.0502966
i = 197	 hw_result = -0.254822	 sw_result = -0.211858
Error threshold exceeded: i = 197  Expected: -0.211858  Got: -0.254822  Delta: -0.0429638
i = 198	 hw_result = -0.117233	 sw_result = -0.119909
i = 199	 hw_result = -0.385056	 sw_result = -0.343564
Error threshold exceeded: i = 199  Expected: -0.343564  Got: -0.385056  Delta: -0.0414915
i = 200	 hw_result = 0.0469208	 sw_result = 0.099523
Error threshold exceeded: i = 200  Expected: 0.099523  Got: 0.0469208  Delta: -0.0526022
i = 201	 hw_result = -0.376984	 sw_result = -0.321171
Error threshold exceeded: i = 201  Expected: -0.321171  Got: -0.376984  Delta: -0.0558126
i = 202	 hw_result = -0.417999	 sw_result = -0.422005
i = 203	 hw_result = 0.17186	 sw_result = 0.148901
Error threshold exceeded: i = 203  Expected: 0.148901  Got: 0.17186  Delta: 0.0229587
i = 204	 hw_result = -0.0788879	 sw_result = -0.095472
Error threshold exceeded: i = 204  Expected: -0.095472  Got: -0.0788879  Delta: 0.0165841
i = 205	 hw_result = 0.083847	 sw_result = 0.146494
Error threshold exceeded: i = 205  Expected: 0.146494  Got: 0.083847  Delta: -0.062647
i = 206	 hw_result = 0.140793	 sw_result = 0.107543
Error threshold exceeded: i = 206  Expected: 0.107543  Got: 0.140793  Delta: 0.0332498
i = 207	 hw_result = 0.0710602	 sw_result = -0.01289
Error threshold exceeded: i = 207  Expected: -0.01289  Got: 0.0710602  Delta: 0.0839502
i = 208	 hw_result = -0.245697	 sw_result = -0.169361
Error threshold exceeded: i = 208  Expected: -0.169361  Got: -0.245697  Delta: -0.076336
i = 209	 hw_result = -0.497833	 sw_result = -0.512614
Error threshold exceeded: i = 209  Expected: -0.512614  Got: -0.497833  Delta: 0.0147807
i = 210	 hw_result = -0.0838165	 sw_result = -0.105394
Error threshold exceeded: i = 210  Expected: -0.105394  Got: -0.0838165  Delta: 0.0215775
i = 211	 hw_result = 0.178314	 sw_result = 0.165743
Error threshold exceeded: i = 211  Expected: 0.165743  Got: 0.178314  Delta: 0.0125712
i = 212	 hw_result = -0.0733185	 sw_result = -0.025211
Error threshold exceeded: i = 212  Expected: -0.025211  Got: -0.0733185  Delta: -0.0481075
i = 213	 hw_result = 0.660461	 sw_result = 0.048287
Error threshold exceeded: i = 213  Expected: 0.048287  Got: 0.660461  Delta: 0.612174
i = 214	 hw_result = -0.200989	 sw_result = -0.180588
Error threshold exceeded: i = 214  Expected: -0.180588  Got: -0.200989  Delta: -0.0204008
i = 215	 hw_result = -0.414047	 sw_result = -0.442193
Error threshold exceeded: i = 215  Expected: -0.442193  Got: -0.414047  Delta: 0.0281458
i = 216	 hw_result = -0.463303	 sw_result = -0.410949
Error threshold exceeded: i = 216  Expected: -0.410949  Got: -0.463303  Delta: -0.0523536
i = 217	 hw_result = 0.0557098	 sw_result = -0.143319
Error threshold exceeded: i = 217  Expected: -0.143319  Got: 0.0557098  Delta: 0.199029
i = 218	 hw_result = -0.137589	 sw_result = -0.121447
Error threshold exceeded: i = 218  Expected: -0.121447  Got: -0.137589  Delta: -0.0161415
i = 219	 hw_result = -0.521744	 sw_result = -0.537558
Error threshold exceeded: i = 219  Expected: -0.537558  Got: -0.521744  Delta: 0.0158142
i = 220	 hw_result = -0.477859	 sw_result = -0.464183
Error threshold exceeded: i = 220  Expected: -0.464183  Got: -0.477859  Delta: -0.0136765
i = 221	 hw_result = 0.0250854	 sw_result = -0.050428
Error threshold exceeded: i = 221  Expected: -0.050428  Got: 0.0250854  Delta: 0.0755135
i = 222	 hw_result = -0.191483	 sw_result = -0.16674
Error threshold exceeded: i = 222  Expected: -0.16674  Got: -0.191483  Delta: -0.0247425
i = 223	 hw_result = -0.00950623	 sw_result = -0.007736
i = 224	 hw_result = -0.102783	 sw_result = -0.145097
Error threshold exceeded: i = 224  Expected: -0.145097  Got: -0.102783  Delta: 0.0423138
i = 225	 hw_result = -0.402512	 sw_result = -0.444088
Error threshold exceeded: i = 225  Expected: -0.444088  Got: -0.402512  Delta: 0.0415764
i = 226	 hw_result = -0.124634	 sw_result = -0.098746
Error threshold exceeded: i = 226  Expected: -0.098746  Got: -0.124634  Delta: -0.0258878
i = 227	 hw_result = -0.38681	 sw_result = -0.374678
Error threshold exceeded: i = 227  Expected: -0.374678  Got: -0.38681  Delta: -0.0121323
i = 228	 hw_result = -0.134445	 sw_result = -0.097007
Error threshold exceeded: i = 228  Expected: -0.097007  Got: -0.134445  Delta: -0.0374382
i = 229	 hw_result = 0.0159302	 sw_result = 0.025617
i = 230	 hw_result = -0.250595	 sw_result = -0.251834
i = 231	 hw_result = -0.501205	 sw_result = -0.520863
Error threshold exceeded: i = 231  Expected: -0.520863  Got: -0.501205  Delta: 0.0196576
i = 232	 hw_result = -0.851364	 sw_result = -0.799306
Error threshold exceeded: i = 232  Expected: -0.799306  Got: -0.851364  Delta: -0.0520581
i = 233	 hw_result = -0.264908	 sw_result = -0.278181
Error threshold exceeded: i = 233  Expected: -0.278181  Got: -0.264908  Delta: 0.0132732
i = 234	 hw_result = -0.134476	 sw_result = -0.143871
i = 235	 hw_result = -0.343506	 sw_result = -0.333585
i = 236	 hw_result = 0.121368	 sw_result = 0.090006
Error threshold exceeded: i = 236  Expected: 0.090006  Got: 0.121368  Delta: 0.0313624
i = 237	 hw_result = 0.0126495	 sw_result = 0.015607
i = 238	 hw_result = -0.0467224	 sw_result = -0.062914
Error threshold exceeded: i = 238  Expected: -0.062914  Got: -0.0467224  Delta: 0.0161916
i = 239	 hw_result = -0.450516	 sw_result = -0.45369
i = 240	 hw_result = -0.525681	 sw_result = -0.448547
Error threshold exceeded: i = 240  Expected: -0.448547  Got: -0.525681  Delta: -0.0771335
i = 241	 hw_result = -0.277252	 sw_result = -0.264936
Error threshold exceeded: i = 241  Expected: -0.264936  Got: -0.277252  Delta: -0.0123162
i = 242	 hw_result = -0.123627	 sw_result = -0.110844
Error threshold exceeded: i = 242  Expected: -0.110844  Got: -0.123627  Delta: -0.0127827
i = 243	 hw_result = 0.139679	 sw_result = 0.093156
Error threshold exceeded: i = 243  Expected: 0.093156  Got: 0.139679  Delta: 0.046523
i = 244	 hw_result = -0.270187	 sw_result = -0.285742
Error threshold exceeded: i = 244  Expected: -0.285742  Got: -0.270187  Delta: 0.0155546
i = 245	 hw_result = -0.598068	 sw_result = -0.605385
i = 246	 hw_result = -0.0580139	 sw_result = -0.042996
Error threshold exceeded: i = 246  Expected: -0.042996  Got: -0.0580139  Delta: -0.0150179
i = 247	 hw_result = 0.0986023	 sw_result = 0.083772
Error threshold exceeded: i = 247  Expected: 0.083772  Got: 0.0986023  Delta: 0.0148303
i = 248	 hw_result = -0.540649	 sw_result = -0.493028
Error threshold exceeded: i = 248  Expected: -0.493028  Got: -0.540649  Delta: -0.0476214
i = 249	 hw_result = -0.239975	 sw_result = -0.228157
Error threshold exceeded: i = 249  Expected: -0.228157  Got: -0.239975  Delta: -0.011818
i = 250	 hw_result = -0.520386	 sw_result = -0.516794
i = 251	 hw_result = -0.573792	 sw_result = -0.60625
Error threshold exceeded: i = 251  Expected: -0.60625  Got: -0.573792  Delta: 0.0324585
i = 252	 hw_result = -0.87616	 sw_result = -0.397927
Error threshold exceeded: i = 252  Expected: -0.397927  Got: -0.87616  Delta: -0.478233
i = 253	 hw_result = 0.00958252	 sw_result = -0.022191
Error threshold exceeded: i = 253  Expected: -0.022191  Got: 0.00958252  Delta: 0.0317735
i = 254	 hw_result = -0.106506	 sw_result = -0.135976
Error threshold exceeded: i = 254  Expected: -0.135976  Got: -0.106506  Delta: 0.0294697
i = 255	 hw_result = -0.151871	 sw_result = -0.170438
Error threshold exceeded: i = 255  Expected: -0.170438  Got: -0.151871  Delta: 0.0185673
i = 256	 hw_result = -0.264114	 sw_result = 0.197841
Error threshold exceeded: i = 256  Expected: 0.197841  Got: -0.264114  Delta: -0.461955
i = 257	 hw_result = 0.464615	 sw_result = 0.434689
Error threshold exceeded: i = 257  Expected: 0.434689  Got: 0.464615  Delta: 0.0299259
i = 258	 hw_result = -0.766296	 sw_result = -0.784242
Error threshold exceeded: i = 258  Expected: -0.784242  Got: -0.766296  Delta: 0.0179456
i = 259	 hw_result = -0.265839	 sw_result = -0.264118
i = 260	 hw_result = 0.137375	 sw_result = -0.24418
Error threshold exceeded: i = 260  Expected: -0.24418  Got: 0.137375  Delta: 0.381555
i = 261	 hw_result = 0.139496	 sw_result = 0.159241
Error threshold exceeded: i = 261  Expected: 0.159241  Got: 0.139496  Delta: -0.0197452
i = 262	 hw_result = 0.0448151	 sw_result = 0.056525
Error threshold exceeded: i = 262  Expected: 0.056525  Got: 0.0448151  Delta: -0.0117099
i = 263	 hw_result = -0.550232	 sw_result = -0.522027
Error threshold exceeded: i = 263  Expected: -0.522027  Got: -0.550232  Delta: -0.0282049
i = 264	 hw_result = -0.752457	 sw_result = -0.737601
Error threshold exceeded: i = 264  Expected: -0.737601  Got: -0.752457  Delta: -0.0148557
i = 265	 hw_result = -0.409866	 sw_result = -0.424286
Error threshold exceeded: i = 265  Expected: -0.424286  Got: -0.409866  Delta: 0.0144197
i = 266	 hw_result = -0.206284	 sw_result = -0.200537
i = 267	 hw_result = -0.449036	 sw_result = -0.428611
Error threshold exceeded: i = 267  Expected: -0.428611  Got: -0.449036  Delta: -0.0204246
i = 268	 hw_result = -0.399078	 sw_result = -0.414261
Error threshold exceeded: i = 268  Expected: -0.414261  Got: -0.399078  Delta: 0.0151826
i = 269	 hw_result = -0.197357	 sw_result = -0.219205
Error threshold exceeded: i = 269  Expected: -0.219205  Got: -0.197357  Delta: 0.0218478
i = 270	 hw_result = -0.256317	 sw_result = -0.264786
i = 271	 hw_result = -0.484344	 sw_result = -0.47651
i = 272	 hw_result = -0.209	 sw_result = -0.212033
i = 273	 hw_result = -0.626602	 sw_result = -0.634586
i = 274	 hw_result = -0.476807	 sw_result = -0.478133
i = 275	 hw_result = 0.341766	 sw_result = 0.318837
Error threshold exceeded: i = 275  Expected: 0.318837  Got: 0.341766  Delta: 0.0229294
i = 276	 hw_result = 0.377716	 sw_result = 0.381433
i = 277	 hw_result = 0.10144	 sw_result = 0.07048
Error threshold exceeded: i = 277  Expected: 0.07048  Got: 0.10144  Delta: 0.0309604
i = 278	 hw_result = -0.615707	 sw_result = -0.613459
i = 279	 hw_result = -0.410934	 sw_result = -0.451342
Error threshold exceeded: i = 279  Expected: -0.451342  Got: -0.410934  Delta: 0.0404076
i = 280	 hw_result = -0.0294952	 sw_result = 0.004222
Error threshold exceeded: i = 280  Expected: 0.004222  Got: -0.0294952  Delta: -0.0337172
i = 281	 hw_result = 0.458694	 sw_result = 0.394483
Error threshold exceeded: i = 281  Expected: 0.394483  Got: 0.458694  Delta: 0.0642115
i = 282	 hw_result = 0.355103	 sw_result = 0.374131
Error threshold exceeded: i = 282  Expected: 0.374131  Got: 0.355103  Delta: -0.0190285
i = 283	 hw_result = -0.520905	 sw_result = -0.531488
Error threshold exceeded: i = 283  Expected: -0.531488  Got: -0.520905  Delta: 0.0105835
i = 284	 hw_result = -0.848526	 sw_result = -0.817441
Error threshold exceeded: i = 284  Expected: -0.817441  Got: -0.848526  Delta: -0.031085
i = 285	 hw_result = -0.697861	 sw_result = -0.681055
Error threshold exceeded: i = 285  Expected: -0.681055  Got: -0.697861  Delta: -0.0168057
i = 286	 hw_result = -0.291138	 sw_result = -0.316023
Error threshold exceeded: i = 286  Expected: -0.316023  Got: -0.291138  Delta: 0.0248853
i = 287	 hw_result = -0.186111	 sw_result = -0.217449
Error threshold exceeded: i = 287  Expected: -0.217449  Got: -0.186111  Delta: 0.0313375
i = 288	 hw_result = -0.124786	 sw_result = -0.142016
Error threshold exceeded: i = 288  Expected: -0.142016  Got: -0.124786  Delta: 0.0172296
i = 289	 hw_result = 0.378235	 sw_result = 0.359918
Error threshold exceeded: i = 289  Expected: 0.359918  Got: 0.378235  Delta: 0.0183169
i = 290	 hw_result = -0.0159607	 sw_result = -0.074572
Error threshold exceeded: i = 290  Expected: -0.074572  Got: -0.0159607  Delta: 0.0586113
i = 291	 hw_result = -0.333862	 sw_result = -0.35354
Error threshold exceeded: i = 291  Expected: -0.35354  Got: -0.333862  Delta: 0.0196777
i = 292	 hw_result = -0.0431519	 sw_result = 0.002209
Error threshold exceeded: i = 292  Expected: 0.002209  Got: -0.0431519  Delta: -0.0453609
i = 293	 hw_result = -0.431366	 sw_result = -0.435538
i = 294	 hw_result = -0.427017	 sw_result = -0.436757
i = 295	 hw_result = 0.788605	 sw_result = 0.040386
Error threshold exceeded: i = 295  Expected: 0.040386  Got: 0.788605  Delta: 0.748219
i = 296	 hw_result = -1.05998	 sw_result = -1.01705
Error threshold exceeded: i = 296  Expected: -1.01705  Got: -1.05998  Delta: -0.0429363
i = 297	 hw_result = -0.321259	 sw_result = -0.335011
Error threshold exceeded: i = 297  Expected: -0.335011  Got: -0.321259  Delta: 0.0137525
i = 298	 hw_result = 0.0424652	 sw_result = -0.000238
Error threshold exceeded: i = 298  Expected: -0.000238  Got: 0.0424652  Delta: 0.0427032
i = 299	 hw_result = -0.687851	 sw_result = -0.584945
Error threshold exceeded: i = 299  Expected: -0.584945  Got: -0.687851  Delta: -0.102906
i = 300	 hw_result = 0.236496	 sw_result = 0.200943
Error threshold exceeded: i = 300  Expected: 0.200943  Got: 0.236496  Delta: 0.035553
i = 301	 hw_result = -0.0523224	 sw_result = -0.068442
Error threshold exceeded: i = 301  Expected: -0.068442  Got: -0.0523224  Delta: 0.0161196
i = 302	 hw_result = -0.186996	 sw_result = -0.196338
i = 303	 hw_result = 0.0171814	 sw_result = -0.220428
Error threshold exceeded: i = 303  Expected: -0.220428  Got: 0.0171814  Delta: 0.237609
i = 304	 hw_result = -0.123993	 sw_result = -0.147824
Error threshold exceeded: i = 304  Expected: -0.147824  Got: -0.123993  Delta: 0.0238311
i = 305	 hw_result = -0.0575256	 sw_result = -0.107055
Error threshold exceeded: i = 305  Expected: -0.107055  Got: -0.0575256  Delta: 0.0495294
i = 306	 hw_result = 0.200439	 sw_result = 0.182544
Error threshold exceeded: i = 306  Expected: 0.182544  Got: 0.200439  Delta: 0.0178955
i = 307	 hw_result = -0.190216	 sw_result = -0.205719
Error threshold exceeded: i = 307  Expected: -0.205719  Got: -0.190216  Delta: 0.0155029
i = 308	 hw_result = -0.416748	 sw_result = -0.396478
Error threshold exceeded: i = 308  Expected: -0.396478  Got: -0.416748  Delta: -0.02027
i = 309	 hw_result = -0.550751	 sw_result = -0.545057
i = 310	 hw_result = 0.537186	 sw_result = 0.50874
Error threshold exceeded: i = 310  Expected: 0.50874  Got: 0.537186  Delta: 0.0284457
i = 311	 hw_result = -0.272324	 sw_result = -0.193429
Error threshold exceeded: i = 311  Expected: -0.193429  Got: -0.272324  Delta: -0.0788946
i = 312	 hw_result = -0.381744	 sw_result = -0.40617
Error threshold exceeded: i = 312  Expected: -0.40617  Got: -0.381744  Delta: 0.0244256
i = 313	 hw_result = -0.291306	 sw_result = -0.225712
Error threshold exceeded: i = 313  Expected: -0.225712  Got: -0.291306  Delta: -0.0655935
i = 314	 hw_result = 0.0039978	 sw_result = -0.002235
i = 315	 hw_result = 0.251205	 sw_result = 0.205921
Error threshold exceeded: i = 315  Expected: 0.205921  Got: 0.251205  Delta: 0.0452844
i = 316	 hw_result = -0.172623	 sw_result = -0.207398
Error threshold exceeded: i = 316  Expected: -0.207398  Got: -0.172623  Delta: 0.0347753
i = 317	 hw_result = -0.265442	 sw_result = -0.29036
Error threshold exceeded: i = 317  Expected: -0.29036  Got: -0.265442  Delta: 0.0249181
i = 318	 hw_result = -0.403076	 sw_result = -0.356664
Error threshold exceeded: i = 318  Expected: -0.356664  Got: -0.403076  Delta: -0.0464122
i = 319	 hw_result = -0.0916138	 sw_result = -0.123495
Error threshold exceeded: i = 319  Expected: -0.123495  Got: -0.0916138  Delta: 0.0318812
i = 320	 hw_result = -0.0218964	 sw_result = -0.002503
Error threshold exceeded: i = 320  Expected: -0.002503  Got: -0.0218964  Delta: -0.0193934
i = 321	 hw_result = -0.119263	 sw_result = -0.029052
Error threshold exceeded: i = 321  Expected: -0.029052  Got: -0.119263  Delta: -0.0902107
i = 322	 hw_result = 0.117096	 sw_result = 0.135061
Error threshold exceeded: i = 322  Expected: 0.135061  Got: 0.117096  Delta: -0.0179651
i = 323	 hw_result = 0.378479	 sw_result = 0.354948
Error threshold exceeded: i = 323  Expected: 0.354948  Got: 0.378479  Delta: 0.023531
i = 324	 hw_result = -0.402374	 sw_result = -0.399769
i = 325	 hw_result = 0.0375519	 sw_result = 0.049796
Error threshold exceeded: i = 325  Expected: 0.049796  Got: 0.0375519  Delta: -0.0122441
i = 326	 hw_result = 0.246017	 sw_result = 0.267031
Error threshold exceeded: i = 326  Expected: 0.267031  Got: 0.246017  Delta: -0.0210135
i = 327	 hw_result = -0.454117	 sw_result = -0.507912
Error threshold exceeded: i = 327  Expected: -0.507912  Got: -0.454117  Delta: 0.0537952
i = 328	 hw_result = -0.788895	 sw_result = -0.753724
Error threshold exceeded: i = 328  Expected: -0.753724  Got: -0.788895  Delta: -0.0351707
i = 329	 hw_result = -0.293854	 sw_result = -0.263251
Error threshold exceeded: i = 329  Expected: -0.263251  Got: -0.293854  Delta: -0.0306028
i = 330	 hw_result = 0.177795	 sw_result = 0.140658
Error threshold exceeded: i = 330  Expected: 0.140658  Got: 0.177795  Delta: 0.0371374
i = 331	 hw_result = 0.530197	 sw_result = 0.459512
Error threshold exceeded: i = 331  Expected: 0.459512  Got: 0.530197  Delta: 0.0706851
i = 332	 hw_result = 0.229919	 sw_result = 0.139801
Error threshold exceeded: i = 332  Expected: 0.139801  Got: 0.229919  Delta: 0.0901184
i = 333	 hw_result = -0.259598	 sw_result = -0.210133
Error threshold exceeded: i = 333  Expected: -0.210133  Got: -0.259598  Delta: -0.0494648
i = 334	 hw_result = -1.48387	 sw_result = -0.808516
Error threshold exceeded: i = 334  Expected: -0.808516  Got: -1.48387  Delta: -0.675355
i = 335	 hw_result = -0.935196	 sw_result = -0.962059
Error threshold exceeded: i = 335  Expected: -0.962059  Got: -0.935196  Delta: 0.0268631
i = 336	 hw_result = -0.505096	 sw_result = -0.465439
Error threshold exceeded: i = 336  Expected: -0.465439  Got: -0.505096  Delta: -0.0396574
i = 337	 hw_result = 0.511017	 sw_result = 0.484996
Error threshold exceeded: i = 337  Expected: 0.484996  Got: 0.511017  Delta: 0.0260208
i = 338	 hw_result = 0.980499	 sw_result = 0.08203
Error threshold exceeded: i = 338  Expected: 0.08203  Got: 0.980499  Delta: 0.898469
i = 339	 hw_result = -0.0189819	 sw_result = -0.042017
Error threshold exceeded: i = 339  Expected: -0.042017  Got: -0.0189819  Delta: 0.0230351
i = 340	 hw_result = -0.140549	 sw_result = -0.151827
Error threshold exceeded: i = 340  Expected: -0.151827  Got: -0.140549  Delta: 0.0112783
i = 341	 hw_result = -0.610764	 sw_result = -0.5934
Error threshold exceeded: i = 341  Expected: -0.5934  Got: -0.610764  Delta: -0.0173636
i = 342	 hw_result = -0.00849915	 sw_result = 0.120218
Error threshold exceeded: i = 342  Expected: 0.120218  Got: -0.00849915  Delta: -0.128717
i = 343	 hw_result = 0.579315	 sw_result = 0.570599
i = 344	 hw_result = -0.0909271	 sw_result = -0.004868
Error threshold exceeded: i = 344  Expected: -0.004868  Got: -0.0909271  Delta: -0.0860591
i = 345	 hw_result = -0.325256	 sw_result = -0.346588
Error threshold exceeded: i = 345  Expected: -0.346588  Got: -0.325256  Delta: 0.0213317
i = 346	 hw_result = -0.291061	 sw_result = -0.287483
i = 347	 hw_result = -0.267487	 sw_result = -0.241306
Error threshold exceeded: i = 347  Expected: -0.241306  Got: -0.267487  Delta: -0.0261806
i = 348	 hw_result = -0.0561829	 sw_result = -0.099126
Error threshold exceeded: i = 348  Expected: -0.099126  Got: -0.0561829  Delta: 0.0429431
i = 349	 hw_result = -0.0732117	 sw_result = -0.147416
Error threshold exceeded: i = 349  Expected: -0.147416  Got: -0.0732117  Delta: 0.0742043
i = 350	 hw_result = 0.0831299	 sw_result = 0.060184
Error threshold exceeded: i = 350  Expected: 0.060184  Got: 0.0831299  Delta: 0.0229459
i = 351	 hw_result = -0.246246	 sw_result = -0.283012
Error threshold exceeded: i = 351  Expected: -0.283012  Got: -0.246246  Delta: 0.0367657
i = 352	 hw_result = -0.154053	 sw_result = -0.204502
Error threshold exceeded: i = 352  Expected: -0.204502  Got: -0.154053  Delta: 0.0504493
i = 353	 hw_result = 0.264252	 sw_result = 0.250373
Error threshold exceeded: i = 353  Expected: 0.250373  Got: 0.264252  Delta: 0.0138787
i = 354	 hw_result = 0.00344849	 sw_result = -0.051765
Error threshold exceeded: i = 354  Expected: -0.051765  Got: 0.00344849  Delta: 0.0552135
i = 355	 hw_result = -1.08035	 sw_result = -1.11546
Error threshold exceeded: i = 355  Expected: -1.11546  Got: -1.08035  Delta: 0.0351102
i = 356	 hw_result = 0.0177612	 sw_result = 0.04053
Error threshold exceeded: i = 356  Expected: 0.04053  Got: 0.0177612  Delta: -0.0227688
i = 357	 hw_result = 0.447617	 sw_result = 0.371492
Error threshold exceeded: i = 357  Expected: 0.371492  Got: 0.447617  Delta: 0.0761246
i = 358	 hw_result = -0.129669	 sw_result = -0.219265
Error threshold exceeded: i = 358  Expected: -0.219265  Got: -0.129669  Delta: 0.0895958
i = 359	 hw_result = -0.436432	 sw_result = -0.481773
Error threshold exceeded: i = 359  Expected: -0.481773  Got: -0.436432  Delta: 0.0453411
i = 360	 hw_result = -0.0380096	 sw_result = -0.05848
Error threshold exceeded: i = 360  Expected: -0.05848  Got: -0.0380096  Delta: 0.0204704
i = 361	 hw_result = -0.30545	 sw_result = -0.320722
Error threshold exceeded: i = 361  Expected: -0.320722  Got: -0.30545  Delta: 0.0152716
i = 362	 hw_result = 0.117279	 sw_result = 0.0726
Error threshold exceeded: i = 362  Expected: 0.0726  Got: 0.117279  Delta: 0.0446791
i = 363	 hw_result = 0.250565	 sw_result = 0.211123
Error threshold exceeded: i = 363  Expected: 0.211123  Got: 0.250565  Delta: 0.0394416
i = 364	 hw_result = 0.228226	 sw_result = 0.170449
Error threshold exceeded: i = 364  Expected: 0.170449  Got: 0.228226  Delta: 0.0577767
i = 365	 hw_result = -0.339706	 sw_result = -0.333713
i = 366	 hw_result = -0.317566	 sw_result = -0.284007
Error threshold exceeded: i = 366  Expected: -0.284007  Got: -0.317566  Delta: -0.0335589
i = 367	 hw_result = -0.490662	 sw_result = -0.42631
Error threshold exceeded: i = 367  Expected: -0.42631  Got: -0.490662  Delta: -0.0643516
i = 368	 hw_result = -0.270554	 sw_result = -0.323145
Error threshold exceeded: i = 368  Expected: -0.323145  Got: -0.270554  Delta: 0.0525914
i = 369	 hw_result = 0.390854	 sw_result = 0.40697
Error threshold exceeded: i = 369  Expected: 0.40697  Got: 0.390854  Delta: -0.0161161
i = 370	 hw_result = 0.21077	 sw_result = 0.165313
Error threshold exceeded: i = 370  Expected: 0.165313  Got: 0.21077  Delta: 0.0454567
i = 371	 hw_result = -0.506882	 sw_result = -0.50464
i = 372	 hw_result = -0.795258	 sw_result = -0.858458
Error threshold exceeded: i = 372  Expected: -0.858458  Got: -0.795258  Delta: 0.0632004
i = 373	 hw_result = -0.510483	 sw_result = -0.486202
Error threshold exceeded: i = 373  Expected: -0.486202  Got: -0.510483  Delta: -0.0242808
i = 374	 hw_result = 0.192917	 sw_result = 0.205776
Error threshold exceeded: i = 374  Expected: 0.205776  Got: 0.192917  Delta: -0.0128591
i = 375	 hw_result = -0.202316	 sw_result = -0.270693
Error threshold exceeded: i = 375  Expected: -0.270693  Got: -0.202316  Delta: 0.0683767
i = 376	 hw_result = 0.122299	 sw_result = 0.076368
Error threshold exceeded: i = 376  Expected: 0.076368  Got: 0.122299  Delta: 0.0459312
i = 377	 hw_result = -0.643372	 sw_result = -0.080616
Error threshold exceeded: i = 377  Expected: -0.080616  Got: -0.643372  Delta: -0.562756
i = 378	 hw_result = -0.353592	 sw_result = -0.355232
i = 379	 hw_result = -0.493637	 sw_result = -0.512102
Error threshold exceeded: i = 379  Expected: -0.512102  Got: -0.493637  Delta: 0.0184649
i = 380	 hw_result = -0.572189	 sw_result = -0.550308
Error threshold exceeded: i = 380  Expected: -0.550308  Got: -0.572189  Delta: -0.0218813
i = 381	 hw_result = 0.32959	 sw_result = -0.259912
Error threshold exceeded: i = 381  Expected: -0.259912  Got: 0.32959  Delta: 0.589502
i = 382	 hw_result = -0.1241	 sw_result = -0.137972
Error threshold exceeded: i = 382  Expected: -0.137972  Got: -0.1241  Delta: 0.0138723
i = 383	 hw_result = -0.134567	 sw_result = -0.142994
i = 384	 hw_result = 0.215179	 sw_result = 0.141613
Error threshold exceeded: i = 384  Expected: 0.141613  Got: 0.215179  Delta: 0.0735664
i = 385	 hw_result = -0.575043	 sw_result = -0.889211
Error threshold exceeded: i = 385  Expected: -0.889211  Got: -0.575043  Delta: 0.314168
i = 386	 hw_result = -0.742905	 sw_result = -0.723698
Error threshold exceeded: i = 386  Expected: -0.723698  Got: -0.742905  Delta: -0.0192067
i = 387	 hw_result = 0.685638	 sw_result = 0.664448
Error threshold exceeded: i = 387  Expected: 0.664448  Got: 0.685638  Delta: 0.0211904
i = 388	 hw_result = -0.170197	 sw_result = -0.122648
Error threshold exceeded: i = 388  Expected: -0.122648  Got: -0.170197  Delta: -0.0475485
i = 389	 hw_result = -0.0156708	 sw_result = 0.017001
Error threshold exceeded: i = 389  Expected: 0.017001  Got: -0.0156708  Delta: -0.0326718
i = 390	 hw_result = 0.389954	 sw_result = 0.392893
i = 391	 hw_result = 0.109177	 sw_result = 0.102108
i = 392	 hw_result = -0.40123	 sw_result = -0.349167
Error threshold exceeded: i = 392  Expected: -0.349167  Got: -0.40123  Delta: -0.0520629
i = 393	 hw_result = 0.0800629	 sw_result = 0.119145
Error threshold exceeded: i = 393  Expected: 0.119145  Got: 0.0800629  Delta: -0.0390821
i = 394	 hw_result = -0.362946	 sw_result = -0.280553
Error threshold exceeded: i = 394  Expected: -0.280553  Got: -0.362946  Delta: -0.0823926
i = 395	 hw_result = -0.160126	 sw_result = -0.178933
Error threshold exceeded: i = 395  Expected: -0.178933  Got: -0.160126  Delta: 0.0188073
i = 396	 hw_result = 0.106216	 sw_result = 0.080388
Error threshold exceeded: i = 396  Expected: 0.080388  Got: 0.106216  Delta: 0.0258284
i = 397	 hw_result = -0.0143127	 sw_result = -0.004722
i = 398	 hw_result = 0.0933075	 sw_result = 0.09757
i = 399	 hw_result = 0.703232	 sw_result = 0.65822
Error threshold exceeded: i = 399  Expected: 0.65822  Got: 0.703232  Delta: 0.0450118
i = 400	 hw_result = 0.25174	 sw_result = 0.23522
Error threshold exceeded: i = 400  Expected: 0.23522  Got: 0.25174  Delta: 0.0165195
i = 401	 hw_result = -0.68605	 sw_result = -0.710396
Error threshold exceeded: i = 401  Expected: -0.710396  Got: -0.68605  Delta: 0.0243456
i = 402	 hw_result = -1.13519	 sw_result = -1.0733
Error threshold exceeded: i = 402  Expected: -1.0733  Got: -1.13519  Delta: -0.0618919
i = 403	 hw_result = 0.331726	 sw_result = 0.236292
Error threshold exceeded: i = 403  Expected: 0.236292  Got: 0.331726  Delta: 0.0954341
i = 404	 hw_result = 0.246948	 sw_result = 0.303141
Error threshold exceeded: i = 404  Expected: 0.303141  Got: 0.246948  Delta: -0.0561928
i = 405	 hw_result = -0.563278	 sw_result = -0.605703
Error threshold exceeded: i = 405  Expected: -0.605703  Got: -0.563278  Delta: 0.0424248
i = 406	 hw_result = -0.40509	 sw_result = -0.412528
i = 407	 hw_result = 0.527695	 sw_result = 0.574938
Error threshold exceeded: i = 407  Expected: 0.574938  Got: 0.527695  Delta: -0.0472433
i = 408	 hw_result = -0.341476	 sw_result = -0.349988
i = 409	 hw_result = 0.0933685	 sw_result = 0.012759
Error threshold exceeded: i = 409  Expected: 0.012759  Got: 0.0933685  Delta: 0.0806095
i = 410	 hw_result = 0.562149	 sw_result = 0.569967
i = 411	 hw_result = 0.00411987	 sw_result = 0.087183
Error threshold exceeded: i = 411  Expected: 0.087183  Got: 0.00411987  Delta: -0.0830631
i = 412	 hw_result = -0.0128326	 sw_result = 0.00128
Error threshold exceeded: i = 412  Expected: 0.00128  Got: -0.0128326  Delta: -0.0141126
i = 413	 hw_result = 0.675339	 sw_result = 0.652285
Error threshold exceeded: i = 413  Expected: 0.652285  Got: 0.675339  Delta: 0.0230537
i = 414	 hw_result = 0.456573	 sw_result = 0.482853
Error threshold exceeded: i = 414  Expected: 0.482853  Got: 0.456573  Delta: -0.0262795
i = 415	 hw_result = 0.128983	 sw_result = 0.082521
Error threshold exceeded: i = 415  Expected: 0.082521  Got: 0.128983  Delta: 0.0464615
i = 416	 hw_result = -0.776703	 sw_result = -0.732921
Error threshold exceeded: i = 416  Expected: -0.732921  Got: -0.776703  Delta: -0.0437819
i = 417	 hw_result = 0.139114	 sw_result = 0.095371
Error threshold exceeded: i = 417  Expected: 0.095371  Got: 0.139114  Delta: 0.0437434
i = 418	 hw_result = 0.61528	 sw_result = 0.612072
i = 419	 hw_result = 0.550583	 sw_result = 0.505603
Error threshold exceeded: i = 419  Expected: 0.505603  Got: 0.550583  Delta: 0.0449799
i = 420	 hw_result = 1.34315	 sw_result = 0.387255
Error threshold exceeded: i = 420  Expected: 0.387255  Got: 1.34315  Delta: 0.9559
i = 421	 hw_result = -0.943192	 sw_result = -1.12136
Error threshold exceeded: i = 421  Expected: -1.12136  Got: -0.943192  Delta: 0.17817
i = 422	 hw_result = -0.371277	 sw_result = -0.394927
Error threshold exceeded: i = 422  Expected: -0.394927  Got: -0.371277  Delta: 0.0236501
i = 423	 hw_result = -0.061676	 sw_result = -0.027082
Error threshold exceeded: i = 423  Expected: -0.027082  Got: -0.061676  Delta: -0.034594
i = 424	 hw_result = 0.141251	 sw_result = 0.549192
Error threshold exceeded: i = 424  Expected: 0.549192  Got: 0.141251  Delta: -0.407941
i = 425	 hw_result = 0.532318	 sw_result = 0.535238
i = 426	 hw_result = -0.419037	 sw_result = -0.392502
Error threshold exceeded: i = 426  Expected: -0.392502  Got: -0.419037  Delta: -0.0265349
i = 427	 hw_result = 0.0912323	 sw_result = 0.050686
Error threshold exceeded: i = 427  Expected: 0.050686  Got: 0.0912323  Delta: 0.0405463
i = 428	 hw_result = 0.815857	 sw_result = 0.63356
Error threshold exceeded: i = 428  Expected: 0.63356  Got: 0.815857  Delta: 0.182297
i = 429	 hw_result = 0.235031	 sw_result = 0.22825
i = 430	 hw_result = 0.853683	 sw_result = 0.779491
Error threshold exceeded: i = 430  Expected: 0.779491  Got: 0.853683  Delta: 0.0741925
i = 431	 hw_result = 0.403061	 sw_result = 0.407444
i = 432	 hw_result = -0.553574	 sw_result = -0.561356
i = 433	 hw_result = -0.788086	 sw_result = -0.799252
Error threshold exceeded: i = 433  Expected: -0.799252  Got: -0.788086  Delta: 0.0111661
i = 434	 hw_result = 0.268127	 sw_result = 0.212828
Error threshold exceeded: i = 434  Expected: 0.212828  Got: 0.268127  Delta: 0.0552994
i = 435	 hw_result = -0.315765	 sw_result = -0.327561
Error threshold exceeded: i = 435  Expected: -0.327561  Got: -0.315765  Delta: 0.0117956
i = 436	 hw_result = -0.0940247	 sw_result = -0.111227
Error threshold exceeded: i = 436  Expected: -0.111227  Got: -0.0940247  Delta: 0.0172023
i = 437	 hw_result = 0.207565	 sw_result = 0.179667
Error threshold exceeded: i = 437  Expected: 0.179667  Got: 0.207565  Delta: 0.0278983
i = 438	 hw_result = 0.115387	 sw_result = 0.072567
Error threshold exceeded: i = 438  Expected: 0.072567  Got: 0.115387  Delta: 0.04282
i = 439	 hw_result = -0.0424805	 sw_result = -0.049531
i = 440	 hw_result = 0.224869	 sw_result = 0.211086
Error threshold exceeded: i = 440  Expected: 0.211086  Got: 0.224869  Delta: 0.0137828
i = 441	 hw_result = -0.0733795	 sw_result = -0.03477
Error threshold exceeded: i = 441  Expected: -0.03477  Got: -0.0733795  Delta: -0.0386095
i = 442	 hw_result = 0.016449	 sw_result = 0.0194
i = 443	 hw_result = 0.199753	 sw_result = 0.174711
Error threshold exceeded: i = 443  Expected: 0.174711  Got: 0.199753  Delta: 0.0250418
i = 444	 hw_result = 0.410873	 sw_result = 0.369032
Error threshold exceeded: i = 444  Expected: 0.369032  Got: 0.410873  Delta: 0.0418414
i = 445	 hw_result = 0.623703	 sw_result = 0.624706
i = 446	 hw_result = -0.0772095	 sw_result = -0.032327
Error threshold exceeded: i = 446  Expected: -0.032327  Got: -0.0772095  Delta: -0.0448825
i = 447	 hw_result = -0.0348969	 sw_result = 0.033271
Error threshold exceeded: i = 447  Expected: 0.033271  Got: -0.0348969  Delta: -0.0681679
i = 448	 hw_result = 0.777161	 sw_result = 0.77384
i = 449	 hw_result = -0.357208	 sw_result = -0.3773
Error threshold exceeded: i = 449  Expected: -0.3773  Got: -0.357208  Delta: 0.0200917
i = 450	 hw_result = -0.0313263	 sw_result = 0.003376
Error threshold exceeded: i = 450  Expected: 0.003376  Got: -0.0313263  Delta: -0.0347023
i = 451	 hw_result = 0.461121	 sw_result = 0.546951
Error threshold exceeded: i = 451  Expected: 0.546951  Got: 0.461121  Delta: -0.0858304
i = 452	 hw_result = 0.31842	 sw_result = 0.287987
Error threshold exceeded: i = 452  Expected: 0.287987  Got: 0.31842  Delta: 0.0304334
i = 453	 hw_result = -0.586029	 sw_result = -0.514463
Error threshold exceeded: i = 453  Expected: -0.514463  Got: -0.586029  Delta: -0.0715661
i = 454	 hw_result = 0.526596	 sw_result = 0.418695
Error threshold exceeded: i = 454  Expected: 0.418695  Got: 0.526596  Delta: 0.107901
i = 455	 hw_result = 0.408417	 sw_result = 0.403111
i = 456	 hw_result = -0.0844574	 sw_result = -0.100485
Error threshold exceeded: i = 456  Expected: -0.100485  Got: -0.0844574  Delta: 0.0160276
i = 457	 hw_result = 0.278534	 sw_result = 0.280386
i = 458	 hw_result = 0.602646	 sw_result = 0.510478
Error threshold exceeded: i = 458  Expected: 0.510478  Got: 0.602646  Delta: 0.0921679
i = 459	 hw_result = -0.524429	 sw_result = -0.305579
Error threshold exceeded: i = 459  Expected: -0.305579  Got: -0.524429  Delta: -0.21885
i = 460	 hw_result = -0.0745087	 sw_result = -0.11615
Error threshold exceeded: i = 460  Expected: -0.11615  Got: -0.0745087  Delta: 0.0416413
i = 461	 hw_result = 0.714035	 sw_result = 0.665308
Error threshold exceeded: i = 461  Expected: 0.665308  Got: 0.714035  Delta: 0.048727
i = 462	 hw_result = 0.218384	 sw_result = 0.225863
i = 463	 hw_result = -1.2765	 sw_result = -0.01352
Error threshold exceeded: i = 463  Expected: -0.01352  Got: -1.2765  Delta: -1.26298
i = 464	 hw_result = -0.464554	 sw_result = -0.465004
i = 465	 hw_result = -0.349396	 sw_result = -0.374068
Error threshold exceeded: i = 465  Expected: -0.374068  Got: -0.349396  Delta: 0.0246722
i = 466	 hw_result = -0.185196	 sw_result = -0.070119
Error threshold exceeded: i = 466  Expected: -0.070119  Got: -0.185196  Delta: -0.115077
i = 467	 hw_result = 0.336853	 sw_result = 0.158169
Error threshold exceeded: i = 467  Expected: 0.158169  Got: 0.336853  Delta: 0.178684
i = 468	 hw_result = 0.458542	 sw_result = 0.502369
Error threshold exceeded: i = 468  Expected: 0.502369  Got: 0.458542  Delta: -0.0438271
i = 469	 hw_result = 0.432831	 sw_result = 0.388585
Error threshold exceeded: i = 469  Expected: 0.388585  Got: 0.432831  Delta: 0.0442458
i = 470	 hw_result = -0.326492	 sw_result = -0.344367
Error threshold exceeded: i = 470  Expected: -0.344367  Got: -0.326492  Delta: 0.0178747
i = 471	 hw_result = -0.566986	 sw_result = -0.573065
i = 472	 hw_result = -0.537415	 sw_result = -0.51404
Error threshold exceeded: i = 472  Expected: -0.51404  Got: -0.537415  Delta: -0.0233746
i = 473	 hw_result = -0.588028	 sw_result = -0.553635
Error threshold exceeded: i = 473  Expected: -0.553635  Got: -0.588028  Delta: -0.034393
i = 474	 hw_result = 0.150116	 sw_result = 0.156789
i = 475	 hw_result = 0.169556	 sw_result = 0.168971
i = 476	 hw_result = -0.0604095	 sw_result = -0.072148
Error threshold exceeded: i = 476  Expected: -0.072148  Got: -0.0604095  Delta: 0.0117385
i = 477	 hw_result = 0.732941	 sw_result = 0.667349
Error threshold exceeded: i = 477  Expected: 0.667349  Got: 0.732941  Delta: 0.0655917
i = 478	 hw_result = 0.882813	 sw_result = 0.780068
Error threshold exceeded: i = 478  Expected: 0.780068  Got: 0.882813  Delta: 0.102744
i = 479	 hw_result = 0.251556	 sw_result = 0.271239
Error threshold exceeded: i = 479  Expected: 0.271239  Got: 0.251556  Delta: -0.0196826
i = 480	 hw_result = -0.678894	 sw_result = -0.633827
Error threshold exceeded: i = 480  Expected: -0.633827  Got: -0.678894  Delta: -0.045067
i = 481	 hw_result = -0.20195	 sw_result = -0.254528
Error threshold exceeded: i = 481  Expected: -0.254528  Got: -0.20195  Delta: 0.0525779
i = 482	 hw_result = -0.418625	 sw_result = -0.435566
Error threshold exceeded: i = 482  Expected: -0.435566  Got: -0.418625  Delta: 0.0169411
i = 483	 hw_result = -0.589157	 sw_result = -0.6065
Error threshold exceeded: i = 483  Expected: -0.6065  Got: -0.589157  Delta: 0.0173429
i = 484	 hw_result = 0.0537567	 sw_result = 0.060179
i = 485	 hw_result = 0.344254	 sw_result = 0.326837
Error threshold exceeded: i = 485  Expected: 0.326837  Got: 0.344254  Delta: 0.0174165
i = 486	 hw_result = -0.385727	 sw_result = -0.390805
i = 487	 hw_result = -0.718658	 sw_result = -0.640717
Error threshold exceeded: i = 487  Expected: -0.640717  Got: -0.718658  Delta: -0.0779414
i = 488	 hw_result = -0.39801	 sw_result = -0.419125
Error threshold exceeded: i = 488  Expected: -0.419125  Got: -0.39801  Delta: 0.0211147
i = 489	 hw_result = -0.245544	 sw_result = -0.251801
i = 490	 hw_result = 0.104218	 sw_result = 0.114503
Error threshold exceeded: i = 490  Expected: 0.114503  Got: 0.104218  Delta: -0.0102855
i = 491	 hw_result = -0.460526	 sw_result = -0.423306
Error threshold exceeded: i = 491  Expected: -0.423306  Got: -0.460526  Delta: -0.0372195
i = 492	 hw_result = -0.320114	 sw_result = -0.352196
Error threshold exceeded: i = 492  Expected: -0.352196  Got: -0.320114  Delta: 0.0320819
i = 493	 hw_result = 0.0900116	 sw_result = 0.042623
Error threshold exceeded: i = 493  Expected: 0.042623  Got: 0.0900116  Delta: 0.0473886
i = 494	 hw_result = 0.104156	 sw_result = 0.07074
Error threshold exceeded: i = 494  Expected: 0.07074  Got: 0.104156  Delta: 0.0334165
i = 495	 hw_result = -0.610916	 sw_result = -0.615006
i = 496	 hw_result = 0.442627	 sw_result = 0.4029
Error threshold exceeded: i = 496  Expected: 0.4029  Got: 0.442627  Delta: 0.039727
i = 497	 hw_result = 0.320572	 sw_result = 0.343461
Error threshold exceeded: i = 497  Expected: 0.343461  Got: 0.320572  Delta: -0.0228891
i = 498	 hw_result = -0.386108	 sw_result = -0.371553
Error threshold exceeded: i = 498  Expected: -0.371553  Got: -0.386108  Delta: -0.0145554
i = 499	 hw_result = -0.615051	 sw_result = -0.534201
Error threshold exceeded: i = 499  Expected: -0.534201  Got: -0.615051  Delta: -0.0808503
INFO: [SIM 1] CSim done with 0 errors.
INFO: [SIM 3] *************** CSIM finish ***************
