

================================================================
== Vivado HLS Report for 'demodulationFM'
================================================================
* Date:           Sat Mar 28 17:54:11 2020

* Version:        2019.2 (Build 2704478 on Wed Nov 06 22:10:23 MST 2019)
* Project:        demodulation_FM1
* Solution:       solution1
* Product family: kintex7
* Target device:  xc7k70t-fbv676-1


================================================================
== Performance Estimates
================================================================
+ Timing: 
    * Summary: 
    +--------+----------+----------+------------+
    |  Clock |  Target  | Estimated| Uncertainty|
    +--------+----------+----------+------------+
    |ap_clk  | 10.00 ns | 8.566 ns |   1.25 ns  |
    +--------+----------+----------+------------+

+ Latency: 
    * Summary: 
    +---------+---------+-----------+-----------+---------+---------+---------+
    |  Latency (cycles) |   Latency (absolute)  |      Interval     | Pipeline|
    |   min   |   max   |    min    |    max    |   min   |   max   |   Type  |
    +---------+---------+-----------+-----------+---------+---------+---------+
    |  4533024|  4533024| 45.330 ms | 45.330 ms |  4533024|  4533024|   none  |
    +---------+---------+-----------+-----------+---------+---------+---------+

    + Detail: 
        * Instance: 
        +------------------+-------+---------+---------+-----------+-----------+---------+---------+---------+
        |                  |       |  Latency (cycles) |   Latency (absolute)  |      Interval     | Pipeline|
        |     Instance     | Module|   min   |   max   |    min    |    max    |   min   |   max   |   Type  |
        +------------------+-------+---------+---------+-----------+-----------+---------+---------+---------+
        |grp_shift_fu_271  |shift  |   200001|   200001|  2.000 ms |  2.000 ms |   200001|   200001|   none  |
        |grp_fir_fu_287    |fir    |  3797119|  3797119| 37.971 ms | 37.971 ms |  3797119|  3797119|   none  |
        |grp_fir_fu_295    |fir    |  3797119|  3797119| 37.971 ms | 37.971 ms |  3797119|  3797119|   none  |
        +------------------+-------+---------+---------+-----------+-----------+---------+---------+---------+

        * Loop: 
        +----------+---------+---------+----------+-----------+-----------+------+----------+
        |          |  Latency (cycles) | Iteration|  Initiation Interval  | Trip |          |
        | Loop Name|   min   |   max   |  Latency |  achieved |   target  | Count| Pipelined|
        +----------+---------+---------+----------+-----------+-----------+------+----------+
        |- Loop 1  |    10000|    10000|         2|          -|          -|  5000|    no    |
        |- Loop 2  |    10000|    10000|         2|          -|          -|  5000|    no    |
        |- Loop 3  |   514897|   514897|       103|          -|          -|  4999|    no    |
        |- Loop 4  |     1000|     1000|         2|          -|          -|   500|    no    |
        +----------+---------+---------+----------+-----------+-----------+------+----------+



================================================================
== Utilization Estimates
================================================================
* Summary: 
+-----------------+---------+-------+-------+-------+-----+
|       Name      | BRAM_18K| DSP48E|   FF  |  LUT  | URAM|
+-----------------+---------+-------+-------+-------+-----+
|DSP              |        -|      -|      -|      -|    -|
|Expression       |        -|     16|      0|    479|    -|
|FIFO             |        -|      -|      -|      -|    -|
|Instance         |        0|     16|   1413|   1742|    -|
|Memory           |      560|      -|      0|      0|    0|
|Multiplexer      |        -|      -|      -|    761|    -|
|Register         |        -|      -|    482|      -|    -|
+-----------------+---------+-------+-------+-------+-----+
|Total            |      560|     32|   1895|   2982|    0|
+-----------------+---------+-------+-------+-------+-----+
|Available        |      270|    240|  82000|  41000|    0|
+-----------------+---------+-------+-------+-------+-----+
|Utilization (%)  |      207|     13|      2|      7|    0|
+-----------------+---------+-------+-------+-------+-----+

+ Detail: 
    * Instance: 
    +--------------------------+----------------------+---------+-------+-----+-----+-----+
    |         Instance         |        Module        | BRAM_18K| DSP48E|  FF | LUT | URAM|
    +--------------------------+----------------------+---------+-------+-----+-----+-----+
    |demodulationFM_sdibs_U10  |demodulationFM_sdibs  |        0|      0|  779|  469|    0|
    |grp_fir_fu_287            |fir                   |        0|      2|  140|  316|    0|
    |grp_fir_fu_295            |fir                   |        0|      2|  140|  316|    0|
    |grp_shift_fu_271          |shift                 |        0|     12|  354|  641|    0|
    +--------------------------+----------------------+---------+-------+-----+-----+-----+
    |Total                     |                      |        0|     16| 1413| 1742|    0|
    +--------------------------+----------------------+---------+-------+-----+-----+-----+

    * DSP48E: 
    N/A

    * Memory: 
    +----------------+----------------------+---------+---+----+-----+-------+-----+------+-------------+
    |     Memory     |        Module        | BRAM_18K| FF| LUT| URAM| Words | Bits| Banks| W*Bits*Banks|
    +----------------+----------------------+---------+---+----+-----+-------+-----+------+-------------+
    |y_I_s_V_U       |demodulationFM_y_bkb  |      128|  0|   0|    0|  40000|   32|     1|      1280000|
    |y_Q_s_V_U       |demodulationFM_y_bkb  |      128|  0|   0|    0|  40000|   32|     1|      1280000|
    |y_I_fpb_V_U     |demodulationFM_y_bkb  |      128|  0|   0|    0|  40000|   32|     1|      1280000|
    |y_Q_fpb_V_U     |demodulationFM_y_bkb  |      128|  0|   0|    0|  40000|   32|     1|      1280000|
    |y_I_d_V_U       |demodulationFM_y_fYi  |       16|  0|   0|    0|   5000|   32|     1|       160000|
    |y_Q_d_V_U       |demodulationFM_y_fYi  |       16|  0|   0|    0|   5000|   32|     1|       160000|
    |y_demod_nd_V_U  |demodulationFM_y_hbi  |       16|  0|   0|    0|   5000|   32|     1|       160000|
    +----------------+----------------------+---------+---+----+-----+-------+-----+------+-------------+
    |Total           |                      |      560|  0|   0|    0| 175000|  224|     7|      5600000|
    +----------------+----------------------+---------+---+----+-----+-------+-----+------+-------------+

    * FIFO: 
    N/A

    * Expression: 
    +---------------------------------+----------+-------+---+----+------------+------------+
    |          Variable Name          | Operation| DSP48E| FF| LUT| Bitwidth P0| Bitwidth P1|
    +---------------------------------+----------+-------+---+----+------------+------------+
    |r_V_6_fu_411_p2                  |     *    |      4|  0|  21|          32|          32|
    |r_V_7_fu_423_p2                  |     *    |      4|  0|  21|          32|          32|
    |r_V_8_fu_435_p2                  |     *    |      4|  0|  21|          32|          32|
    |r_V_9_fu_441_p2                  |     *    |      4|  0|  21|          32|          32|
    |add_ln158_fu_524_p2              |     +    |      0|  0|  20|          13|          13|
    |add_ln171_fu_375_p2              |     +    |      0|  0|  20|          13|           2|
    |n_1_fu_339_p2                    |     +    |      0|  0|  20|          13|           1|
    |n_2_fu_494_p2                    |     +    |      0|  0|  16|           9|           1|
    |n_fu_309_p2                      |     +    |      0|  0|  20|          13|           1|
    |q_fu_387_p2                      |     +    |      0|  0|  20|          13|           1|
    |ret_V_2_fu_455_p2                |     +    |      0|  0|  72|          65|          65|
    |dii_V_fu_393_p2                  |     -    |      0|  0|  39|          32|          32|
    |dqq_V_fu_399_p2                  |     -    |      0|  0|  39|          32|          32|
    |ret_V_fu_429_p2                  |     -    |      0|  0|  71|          64|          64|
    |icmp_ln148_1_fu_333_p2           |   icmp   |      0|  0|  13|          13|          13|
    |icmp_ln148_fu_303_p2             |   icmp   |      0|  0|  13|          13|          13|
    |icmp_ln156_fu_488_p2             |   icmp   |      0|  0|  13|           9|           5|
    |icmp_ln169_fu_363_p2             |   icmp   |      0|  0|  13|          13|          13|
    |ap_block_state4_on_subcall_done  |    or    |      0|  0|   6|           1|           1|
    +---------------------------------+----------+-------+---+----+------------+------------+
    |Total                            |          |     16|  0| 479|         444|         385|
    +---------------------------------+----------+-------+---+----+------------+------------+

    * Multiplexer: 
    +-----------------------+-----+-----------+-----+-----------+
    |          Name         | LUT | Input Size| Bits| Total Bits|
    +-----------------------+-----+-----------+-----+-----------+
    |ap_NS_fsm              |  503|        114|    1|        114|
    |n_0_i13_reg_259        |    9|          2|    9|         18|
    |n_0_i3_reg_236         |    9|          2|   13|         26|
    |n_0_i_reg_224          |    9|          2|   13|         26|
    |q_0_i_reg_248          |    9|          2|   13|         26|
    |y_I_d_V_address0       |   15|          3|   13|         39|
    |y_I_fpb_V_address0     |   15|          3|   16|         48|
    |y_I_fpb_V_ce0          |   15|          3|    1|          3|
    |y_I_fpb_V_we0          |    9|          2|    1|          2|
    |y_I_s_V_address0       |   15|          3|   16|         48|
    |y_I_s_V_ce0            |   15|          3|    1|          3|
    |y_I_s_V_we0            |    9|          2|    1|          2|
    |y_Q_d_V_address0       |   15|          3|   13|         39|
    |y_Q_fpb_V_address0     |   15|          3|   16|         48|
    |y_Q_fpb_V_ce0          |   15|          3|    1|          3|
    |y_Q_fpb_V_we0          |    9|          2|    1|          2|
    |y_Q_s_V_address0       |   15|          3|   16|         48|
    |y_Q_s_V_ce0            |   15|          3|    1|          3|
    |y_Q_s_V_we0            |    9|          2|    1|          2|
    |y_demod_nd_V_address0  |   21|          4|   13|         52|
    |y_demod_nd_V_d0        |   15|          3|   32|         96|
    +-----------------------+-----+-----------+-----+-----------+
    |Total                  |  761|        167|  192|        648|
    +-----------------------+-----+-----------+-----+-----------+

    * Register: 
    +-------------------------------+-----+----+-----+-----------+
    |              Name             |  FF | LUT| Bits| Const Bits|
    +-------------------------------+-----+----+-----+-----------+
    |ap_CS_fsm                      |  113|   0|  113|          0|
    |dii_V_reg_604                  |   32|   0|   32|          0|
    |dqq_V_reg_614                  |   32|   0|   32|          0|
    |grp_fir_fu_287_ap_start_reg    |    1|   0|    1|          0|
    |grp_fir_fu_295_ap_start_reg    |    1|   0|    1|          0|
    |grp_shift_fu_271_ap_start_reg  |    1|   0|    1|          0|
    |n_0_i13_reg_259                |    9|   0|    9|          0|
    |n_0_i3_reg_236                 |   13|   0|   13|          0|
    |n_0_i_reg_224                  |   13|   0|   13|          0|
    |n_1_reg_556                    |   13|   0|   13|          0|
    |n_2_reg_642                    |    9|   0|    9|          0|
    |n_reg_543                      |   13|   0|   13|          0|
    |p_Val2_11_reg_609              |   32|   0|   32|          0|
    |p_Val2_s_reg_599               |   32|   0|   32|          0|
    |q_0_i_reg_248                  |   13|   0|   13|          0|
    |q_reg_594                      |   13|   0|   13|          0|
    |ret_V_2_reg_624                |   65|   0|   65|          0|
    |ret_V_reg_619                  |   64|   0|   64|          0|
    |zext_ln171_reg_569             |   13|   0|   64|         51|
    +-------------------------------+-----+----+-----+-----------+
    |Total                          |  482|   0|  533|         51|
    +-------------------------------+-----+----+-----+-----------+



================================================================
== Interface
================================================================
* Summary: 
+----------------------+-----+-----+------------+----------------+--------------+
|       RTL Ports      | Dir | Bits|  Protocol  |  Source Object |    C Type    |
+----------------------+-----+-----+------------+----------------+--------------+
|ap_clk                |  in |    1| ap_ctrl_hs | demodulationFM | return value |
|ap_rst                |  in |    1| ap_ctrl_hs | demodulationFM | return value |
|ap_start              |  in |    1| ap_ctrl_hs | demodulationFM | return value |
|ap_done               | out |    1| ap_ctrl_hs | demodulationFM | return value |
|ap_idle               | out |    1| ap_ctrl_hs | demodulationFM | return value |
|ap_ready              | out |    1| ap_ctrl_hs | demodulationFM | return value |
|ap_return             | out |   32| ap_ctrl_hs | demodulationFM | return value |
|y_I_V_address0        | out |   16|  ap_memory |      y_I_V     |     array    |
|y_I_V_ce0             | out |    1|  ap_memory |      y_I_V     |     array    |
|y_I_V_q0              |  in |   32|  ap_memory |      y_I_V     |     array    |
|y_Q_V_address0        | out |   16|  ap_memory |      y_Q_V     |     array    |
|y_Q_V_ce0             | out |    1|  ap_memory |      y_Q_V     |     array    |
|y_Q_V_q0              |  in |   32|  ap_memory |      y_Q_V     |     array    |
|y_demod_d_V_address0  | out |   16|  ap_memory |   y_demod_d_V  |     array    |
|y_demod_d_V_ce0       | out |    1|  ap_memory |   y_demod_d_V  |     array    |
|y_demod_d_V_we0       | out |    1|  ap_memory |   y_demod_d_V  |     array    |
|y_demod_d_V_d0        | out |   32|  ap_memory |   y_demod_d_V  |     array    |
+----------------------+-----+-----+------------+----------------+--------------+

