==============================================================
Vivado(TM) HLS - High-Level Synthesis from C, C++ and SystemC v2019.2 (64-bit)
Copyright 1986-2019 Xilinx, Inc. All Rights Reserved.
==============================================================
==============================================================
Vivado(TM) HLS - High-Level Synthesis from C, C++ and SystemC v2019.2 (64-bit)
Copyright 1986-2019 Xilinx, Inc. All Rights Reserved.
==============================================================
==============================================================
Vivado(TM) HLS - High-Level Synthesis from C, C++ and SystemC v2019.2 (64-bit)
Copyright 1986-2019 Xilinx, Inc. All Rights Reserved.
==============================================================
==============================================================
Vivado(TM) HLS - High-Level Synthesis from C, C++ and SystemC v2019.2 (64-bit)
Copyright 1986-2019 Xilinx, Inc. All Rights Reserved.
==============================================================
==============================================================
Vivado(TM) HLS - High-Level Synthesis from C, C++ and SystemC v2019.2 (64-bit)
Copyright 1986-2019 Xilinx, Inc. All Rights Reserved.
==============================================================
==============================================================
Vivado(TM) HLS - High-Level Synthesis from C, C++ and SystemC v2019.2 (64-bit)
Copyright 1986-2019 Xilinx, Inc. All Rights Reserved.
==============================================================
==============================================================
Vivado(TM) HLS - High-Level Synthesis from C, C++ and SystemC v2019.2 (64-bit)
Copyright 1986-2019 Xilinx, Inc. All Rights Reserved.
==============================================================
==============================================================
Vivado(TM) HLS - High-Level Synthesis from C, C++ and SystemC v2019.2 (64-bit)
Copyright 1986-2019 Xilinx, Inc. All Rights Reserved.
==============================================================
==============================================================
Vivado(TM) HLS - High-Level Synthesis from C, C++ and SystemC v2019.2 (64-bit)
Copyright 1986-2019 Xilinx, Inc. All Rights Reserved.
==============================================================
==============================================================
Vivado(TM) HLS - High-Level Synthesis from C, C++ and SystemC v2019.2 (64-bit)
Copyright 1986-2019 Xilinx, Inc. All Rights Reserved.
==============================================================
==============================================================
Vivado(TM) HLS - High-Level Synthesis from C, C++ and SystemC v2019.2 (64-bit)
Copyright 1986-2019 Xilinx, Inc. All Rights Reserved.
==============================================================
==============================================================
Vivado(TM) HLS - High-Level Synthesis from C, C++ and SystemC v2019.2 (64-bit)
Copyright 1986-2019 Xilinx, Inc. All Rights Reserved.
==============================================================
==============================================================
Vivado(TM) HLS - High-Level Synthesis from C, C++ and SystemC v2019.2 (64-bit)
Copyright 1986-2019 Xilinx, Inc. All Rights Reserved.
==============================================================
==============================================================
Vivado(TM) HLS - High-Level Synthesis from C, C++ and SystemC v2019.2 (64-bit)
Copyright 1986-2019 Xilinx, Inc. All Rights Reserved.
==============================================================
==============================================================
Vivado(TM) HLS - High-Level Synthesis from C, C++ and SystemC v2019.2 (64-bit)
Copyright 1986-2019 Xilinx, Inc. All Rights Reserved.
==============================================================
==============================================================
Vivado(TM) HLS - High-Level Synthesis from C, C++ and SystemC v2019.2 (64-bit)
Copyright 1986-2019 Xilinx, Inc. All Rights Reserved.
==============================================================
==============================================================
Vivado(TM) HLS - High-Level Synthesis from C, C++ and SystemC v2019.2 (64-bit)
Copyright 1986-2019 Xilinx, Inc. All Rights Reserved.
==============================================================
==============================================================
Vivado(TM) HLS - High-Level Synthesis from C, C++ and SystemC v2019.2 (64-bit)
Copyright 1986-2019 Xilinx, Inc. All Rights Reserved.
==============================================================
==============================================================
Vivado(TM) HLS - High-Level Synthesis from C, C++ and SystemC v2019.2 (64-bit)
Copyright 1986-2019 Xilinx, Inc. All Rights Reserved.
==============================================================
==============================================================
Vivado(TM) HLS - High-Level Synthesis from C, C++ and SystemC v2019.2 (64-bit)
Copyright 1986-2019 Xilinx, Inc. All Rights Reserved.
==============================================================
INFO: [SYN 201-201] Setting up clock 'default' with a period of 10ns.
WARNING: [HLS 200-40] Cannot find library '/opt/Xilinx/Vivado/2019.2/common/technology/xilinx/Kintex-7/Kintex-7.lib'.
WARNING: [HLS 200-40] Cannot find library 'xilinx/Kintex-7/Kintex-7'.
INFO: [HLS 200-10] Setting target device to 'xc7k70t-fbv676-1'
INFO: [SCHED 204-61] Option 'relax_ii_for_timing' is enabled, will increase II to preserve clock frequency constraints.
INFO: [HLS 200-10] Analyzing design file 'demodulation_FM.cpp' ... 
INFO: [HLS 200-111] Finished Linking Time (s): cpu = 00:00:17 ; elapsed = 00:00:18 . Memory (MB): peak = 959.930 ; gain = 526.004 ; free physical = 375 ; free virtual = 3881
INFO: [HLS 200-111] Finished Checking Pragmas Time (s): cpu = 00:00:17 ; elapsed = 00:00:18 . Memory (MB): peak = 959.930 ; gain = 526.004 ; free physical = 375 ; free virtual = 3881
INFO: [HLS 200-10] Starting code transformations ...
INFO: [HLS 200-111] Finished Standard Transforms Time (s): cpu = 00:00:18 ; elapsed = 00:00:19 . Memory (MB): peak = 959.930 ; gain = 526.004 ; free physical = 358 ; free virtual = 3865
INFO: [HLS 200-10] Checking synthesizability ...
INFO: [HLS 200-111] Finished Checking Synthesizability Time (s): cpu = 00:00:40 ; elapsed = 00:00:41 . Memory (MB): peak = 1119.934 ; gain = 686.008 ; free physical = 161 ; free virtual = 3641
WARNING: [XFORM 203-124] Array  'y_demod_d.V': may have improper streaming access(es), possible reasons: (1) some entries are accessed more than once; (2) some entries are not used; (3) the entries are not accessed in sequential order.
INFO: [XFORM 203-401] Performing if-conversion on hyperblock from (demodulation_FM.cpp:307:11) to (demodulation_FM.cpp:317:3) in function 'demodulationFM'... converting 3 basic blocks.
INFO: [XFORM 203-401] Performing if-conversion on hyperblock from (demodulation_FM.cpp:419:48) to (demodulation_FM.cpp:419:42) in function 'demodulationFM'... converting 5 basic blocks.
INFO: [XFORM 203-602] Inlining function 'cos_lookup' into 'demodulationFM' (demodulation_FM.cpp:315) automatically.
INFO: [XFORM 203-602] Inlining function 'sin_lookup' into 'demodulationFM' (demodulation_FM.cpp:315) automatically.
INFO: [HLS 200-111] Finished Pre-synthesis Time (s): cpu = 00:01:02 ; elapsed = 00:01:03 . Memory (MB): peak = 1120.492 ; gain = 686.566 ; free physical = 157 ; free virtual = 3605
INFO: [HLS 200-472] Inferring partial write operation for 'y_I_s.V' (demodulation_FM.cpp:319:15)
INFO: [HLS 200-472] Inferring partial write operation for 'y_Q_s.V' (demodulation_FM.cpp:320:15)
INFO: [HLS 200-472] Inferring partial write operation for 'y_I_s.V' (demodulation_FM.cpp:324:15)
INFO: [HLS 200-472] Inferring partial write operation for 'y_Q_s.V' (demodulation_FM.cpp:325:15)
INFO: [HLS 200-472] Inferring partial write operation for 'y_I_s.V' (demodulation_FM.cpp:329:4)
INFO: [HLS 200-472] Inferring partial write operation for 'y_Q_s.V' (demodulation_FM.cpp:330:4)
INFO: [HLS 200-472] Inferring partial write operation for 'y_I_fpb.V' (demodulation_FM.cpp:408:3)
INFO: [HLS 200-472] Inferring partial write operation for 'y_Q_fpb.V' (demodulation_FM.cpp:409:3)
INFO: [HLS 200-472] Inferring partial write operation for 'hwin_I.V' (demodulation_FM.cpp:410:3)
INFO: [HLS 200-472] Inferring partial write operation for 'hwin_Q.V' (demodulation_FM.cpp:411:3)
INFO: [HLS 200-472] Inferring partial write operation for 'hwin_I.V' (demodulation_FM.cpp:420:17)
INFO: [HLS 200-472] Inferring partial write operation for 'hwin_Q.V' (demodulation_FM.cpp:422:17)
INFO: [HLS 200-472] Inferring partial write operation for 'y_I_fpb.V' (demodulation_FM.cpp:427:17)
INFO: [HLS 200-472] Inferring partial write operation for 'y_Q_fpb.V' (demodulation_FM.cpp:428:17)
INFO: [HLS 200-472] Inferring partial write operation for 'y_I_d.V' (demodulation_FM.cpp:472:4)
INFO: [HLS 200-472] Inferring partial write operation for 'y_Q_d.V' (demodulation_FM.cpp:473:4)
INFO: [HLS 200-472] Inferring partial write operation for 'y_demod_nd.V' (demodulation_FM.cpp:511:2)
INFO: [HLS 200-472] Inferring partial write operation for 'y_demod_nd.V' (demodulation_FM.cpp:523:86)
INFO: [HLS 200-111] Finished Architecture Synthesis Time (s): cpu = 00:01:03 ; elapsed = 00:01:04 . Memory (MB): peak = 1120.492 ; gain = 686.566 ; free physical = 153 ; free virtual = 3605
INFO: [HLS 200-10] Starting hardware synthesis ...
INFO: [HLS 200-10] Synthesizing 'demodulationFM' ...
INFO: [HLS 200-10] ----------------------------------------------------------------
INFO: [HLS 200-42] -- Implementing module 'demodulationFM' 
INFO: [HLS 200-10] ----------------------------------------------------------------
INFO: [SCHED 204-11] Starting scheduling ...
INFO: [SCHED 204-11] Finished scheduling.
INFO: [HLS 200-111]  Elapsed time: 64.79 seconds; current allocated memory: 222.764 MB.
INFO: [BIND 205-100] Starting micro-architecture generation ...
INFO: [BIND 205-101] Performing variable lifetime analysis.
INFO: [BIND 205-101] Exploring resource sharing.
INFO: [BIND 205-101] Binding ...
INFO: [BIND 205-100] Finished micro-architecture generation.
INFO: [HLS 200-111]  Elapsed time: 0.3 seconds; current allocated memory: 224.335 MB.
INFO: [HLS 200-10] ----------------------------------------------------------------
INFO: [HLS 200-10] -- Generating RTL for module 'demodulationFM' 
INFO: [HLS 200-10] ----------------------------------------------------------------
INFO: [RTGEN 206-500] Setting interface mode on port 'demodulationFM/y_I_V' to 'ap_fifo'.
INFO: [RTGEN 206-500] Setting interface mode on port 'demodulationFM/y_Q_V' to 'ap_fifo'.
INFO: [RTGEN 206-500] Setting interface mode on port 'demodulationFM/y_demod_d_V' to 'ap_fifo'.
INFO: [RTGEN 206-500] Setting interface mode on function 'demodulationFM' to 'ap_ctrl_hs'.
INFO: [SYN 201-210] Renamed object name 'demodulationFM_cos_table' to 'demodulationFM_cobkb' due to the length limit 20
INFO: [SYN 201-210] Renamed object name 'demodulationFM_sin_table' to 'demodulationFM_sicud' due to the length limit 20
INFO: [SYN 201-210] Renamed object name 'demodulationFM_coef_V' to 'demodulationFM_codEe' due to the length limit 20
INFO: [SYN 201-210] Renamed object name 'demodulationFM_y_I_s_V' to 'demodulationFM_y_eOg' due to the length limit 20
INFO: [SYN 201-210] Renamed object name 'demodulationFM_y_Q_s_V' to 'demodulationFM_y_fYi' due to the length limit 20
INFO: [SYN 201-210] Renamed object name 'demodulationFM_y_I_fpb_V' to 'demodulationFM_y_g8j' due to the length limit 20
INFO: [SYN 201-210] Renamed object name 'demodulationFM_y_Q_fpb_V' to 'demodulationFM_y_hbi' due to the length limit 20
INFO: [SYN 201-210] Renamed object name 'demodulationFM_hwin_I_V' to 'demodulationFM_hwibs' due to the length limit 20
INFO: [SYN 201-210] Renamed object name 'demodulationFM_hwin_Q_V' to 'demodulationFM_hwjbC' due to the length limit 20
INFO: [SYN 201-210] Renamed object name 'demodulationFM_y_I_d_V' to 'demodulationFM_y_kbM' due to the length limit 20
INFO: [SYN 201-210] Renamed object name 'demodulationFM_y_Q_d_V' to 'demodulationFM_y_lbW' due to the length limit 20
INFO: [SYN 201-210] Renamed object name 'demodulationFM_y_demod_nd_V' to 'demodulationFM_y_mb6' due to the length limit 20
INFO: [SYN 201-210] Renamed object name 'demodulationFM_sdiv_96ns_65s_96_100_seq_1' to 'demodulationFM_sdncg' due to the length limit 20
INFO: [RTGEN 206-100] Generating core module 'demodulationFM_sdncg': 1 instance(s).
INFO: [RTGEN 206-100] Finished creating RTL model for 'demodulationFM'.
INFO: [HLS 200-111]  Elapsed time: 0.46 seconds; current allocated memory: 227.170 MB.
INFO: [HLS 200-790] **** Loop Constraint Status: All loop constraints were satisfied.
INFO: [HLS 200-789] **** Estimated Fmax: 116.74 MHz
INFO: [RTMG 210-282] Generating pipelined core: 'demodulationFM_sdncg_div'
INFO: [RTMG 210-279] Implementing memory 'demodulationFM_cobkb_rom' using distributed ROMs.
INFO: [RTMG 210-279] Implementing memory 'demodulationFM_sicud_rom' using distributed ROMs.
INFO: [RTMG 210-279] Implementing memory 'demodulationFM_codEe_rom' using distributed ROMs.
INFO: [RTMG 210-278] Implementing memory 'demodulationFM_y_eOg_ram (RAM)' using block RAMs.
INFO: [RTMG 210-278] Implementing memory 'demodulationFM_hwibs_ram (RAM)' using distributed RAMs.
==============================================================
Vivado(TM) HLS - High-Level Synthesis from C, C++ and SystemC v2019.2 (64-bit)
Copyright 1986-2019 Xilinx, Inc. All Rights Reserved.
==============================================================
INFO: [SYN 201-201] Setting up clock 'default' with a period of 10ns.
WARNING: [HLS 200-40] Cannot find library '/opt/Xilinx/Vivado/2019.2/common/technology/xilinx/Kintex-7/Kintex-7.lib'.
WARNING: [HLS 200-40] Cannot find library 'xilinx/Kintex-7/Kintex-7'.
INFO: [HLS 200-10] Setting target device to 'xc7k70t-fbv676-1'
INFO: [SCHED 204-61] Option 'relax_ii_for_timing' is enabled, will increase II to preserve clock frequency constraints.
INFO: [HLS 200-10] Analyzing design file 'demodulation_FM.cpp' ... 
INFO: [HLS 200-111] Finished Linking Time (s): cpu = 00:00:16 ; elapsed = 00:00:16 . Memory (MB): peak = 959.930 ; gain = 526.004 ; free physical = 370 ; free virtual = 3816
INFO: [HLS 200-111] Finished Checking Pragmas Time (s): cpu = 00:00:16 ; elapsed = 00:00:16 . Memory (MB): peak = 959.930 ; gain = 526.004 ; free physical = 370 ; free virtual = 3816
INFO: [HLS 200-10] Starting code transformations ...
INFO: [HLS 200-111] Finished Standard Transforms Time (s): cpu = 00:00:17 ; elapsed = 00:00:18 . Memory (MB): peak = 959.930 ; gain = 526.004 ; free physical = 351 ; free virtual = 3799
INFO: [HLS 200-10] Checking synthesizability ...
INFO: [HLS 200-111] Finished Checking Synthesizability Time (s): cpu = 00:00:39 ; elapsed = 00:00:40 . Memory (MB): peak = 1119.934 ; gain = 686.008 ; free physical = 167 ; free virtual = 3577
WARNING: [XFORM 203-124] Array  'y_demod_d.V': may have improper streaming access(es), possible reasons: (1) some entries are accessed more than once; (2) some entries are not used; (3) the entries are not accessed in sequential order.
INFO: [XFORM 203-401] Performing if-conversion on hyperblock from (demodulation_FM.cpp:307:11) to (demodulation_FM.cpp:317:3) in function 'demodulationFM'... converting 3 basic blocks.
INFO: [XFORM 203-401] Performing if-conversion on hyperblock from (demodulation_FM.cpp:419:48) to (demodulation_FM.cpp:419:42) in function 'demodulationFM'... converting 5 basic blocks.
INFO: [XFORM 203-602] Inlining function 'cos_lookup' into 'demodulationFM' (demodulation_FM.cpp:315) automatically.
INFO: [XFORM 203-602] Inlining function 'sin_lookup' into 'demodulationFM' (demodulation_FM.cpp:315) automatically.
INFO: [HLS 200-111] Finished Pre-synthesis Time (s): cpu = 00:01:01 ; elapsed = 00:01:02 . Memory (MB): peak = 1120.488 ; gain = 686.562 ; free physical = 164 ; free virtual = 3536
INFO: [HLS 200-472] Inferring partial write operation for 'y_I_s.V' (demodulation_FM.cpp:319:15)
INFO: [HLS 200-472] Inferring partial write operation for 'y_Q_s.V' (demodulation_FM.cpp:320:15)
INFO: [HLS 200-472] Inferring partial write operation for 'y_I_s.V' (demodulation_FM.cpp:324:15)
INFO: [HLS 200-472] Inferring partial write operation for 'y_Q_s.V' (demodulation_FM.cpp:325:15)
INFO: [HLS 200-472] Inferring partial write operation for 'y_I_s.V' (demodulation_FM.cpp:329:4)
INFO: [HLS 200-472] Inferring partial write operation for 'y_Q_s.V' (demodulation_FM.cpp:330:4)
INFO: [HLS 200-472] Inferring partial write operation for 'y_I_fpb.V' (demodulation_FM.cpp:408:3)
INFO: [HLS 200-472] Inferring partial write operation for 'y_Q_fpb.V' (demodulation_FM.cpp:409:3)
INFO: [HLS 200-472] Inferring partial write operation for 'hwin_I.V' (demodulation_FM.cpp:410:3)
INFO: [HLS 200-472] Inferring partial write operation for 'hwin_Q.V' (demodulation_FM.cpp:411:3)
INFO: [HLS 200-472] Inferring partial write operation for 'hwin_I.V' (demodulation_FM.cpp:420:17)
INFO: [HLS 200-472] Inferring partial write operation for 'hwin_Q.V' (demodulation_FM.cpp:422:17)
INFO: [HLS 200-472] Inferring partial write operation for 'y_I_fpb.V' (demodulation_FM.cpp:427:17)
INFO: [HLS 200-472] Inferring partial write operation for 'y_Q_fpb.V' (demodulation_FM.cpp:428:17)
INFO: [HLS 200-472] Inferring partial write operation for 'y_I_d.V' (demodulation_FM.cpp:472:4)
INFO: [HLS 200-472] Inferring partial write operation for 'y_Q_d.V' (demodulation_FM.cpp:473:4)
INFO: [HLS 200-472] Inferring partial write operation for 'y_demod_nd.V' (demodulation_FM.cpp:511:2)
INFO: [HLS 200-472] Inferring partial write operation for 'y_demod_nd.V' (demodulation_FM.cpp:523:86)
INFO: [HLS 200-111] Finished Architecture Synthesis Time (s): cpu = 00:01:02 ; elapsed = 00:01:03 . Memory (MB): peak = 1120.488 ; gain = 686.562 ; free physical = 177 ; free virtual = 3538
INFO: [HLS 200-10] Starting hardware synthesis ...
INFO: [HLS 200-10] Synthesizing 'demodulationFM' ...
INFO: [HLS 200-10] ----------------------------------------------------------------
INFO: [HLS 200-42] -- Implementing module 'demodulationFM' 
INFO: [HLS 200-10] ----------------------------------------------------------------
INFO: [SCHED 204-11] Starting scheduling ...
INFO: [SCHED 204-11] Finished scheduling.
INFO: [HLS 200-111]  Elapsed time: 63.52 seconds; current allocated memory: 222.403 MB.
INFO: [BIND 205-100] Starting micro-architecture generation ...
INFO: [BIND 205-101] Performing variable lifetime analysis.
INFO: [BIND 205-101] Exploring resource sharing.
INFO: [BIND 205-101] Binding ...
INFO: [BIND 205-100] Finished micro-architecture generation.
INFO: [HLS 200-111]  Elapsed time: 0.3 seconds; current allocated memory: 223.973 MB.
INFO: [HLS 200-10] ----------------------------------------------------------------
INFO: [HLS 200-10] -- Generating RTL for module 'demodulationFM' 
INFO: [HLS 200-10] ----------------------------------------------------------------
INFO: [RTGEN 206-500] Setting interface mode on port 'demodulationFM/y_I_V' to 'ap_fifo'.
INFO: [RTGEN 206-500] Setting interface mode on port 'demodulationFM/y_Q_V' to 'ap_fifo'.
INFO: [RTGEN 206-500] Setting interface mode on port 'demodulationFM/y_demod_d_V' to 'ap_fifo'.
INFO: [RTGEN 206-500] Setting interface mode on function 'demodulationFM' to 'ap_ctrl_hs'.
INFO: [SYN 201-210] Renamed object name 'demodulationFM_cos_table' to 'demodulationFM_cobkb' due to the length limit 20
INFO: [SYN 201-210] Renamed object name 'demodulationFM_sin_table' to 'demodulationFM_sicud' due to the length limit 20
INFO: [SYN 201-210] Renamed object name 'demodulationFM_coef_V' to 'demodulationFM_codEe' due to the length limit 20
INFO: [SYN 201-210] Renamed object name 'demodulationFM_y_I_s_V' to 'demodulationFM_y_eOg' due to the length limit 20
INFO: [SYN 201-210] Renamed object name 'demodulationFM_y_Q_s_V' to 'demodulationFM_y_fYi' due to the length limit 20
INFO: [SYN 201-210] Renamed object name 'demodulationFM_y_I_fpb_V' to 'demodulationFM_y_g8j' due to the length limit 20
INFO: [SYN 201-210] Renamed object name 'demodulationFM_y_Q_fpb_V' to 'demodulationFM_y_hbi' due to the length limit 20
INFO: [SYN 201-210] Renamed object name 'demodulationFM_hwin_I_V' to 'demodulationFM_hwibs' due to the length limit 20
INFO: [SYN 201-210] Renamed object name 'demodulationFM_hwin_Q_V' to 'demodulationFM_hwjbC' due to the length limit 20
INFO: [SYN 201-210] Renamed object name 'demodulationFM_y_I_d_V' to 'demodulationFM_y_kbM' due to the length limit 20
INFO: [SYN 201-210] Renamed object name 'demodulationFM_y_Q_d_V' to 'demodulationFM_y_lbW' due to the length limit 20
INFO: [SYN 201-210] Renamed object name 'demodulationFM_y_demod_nd_V' to 'demodulationFM_y_mb6' due to the length limit 20
INFO: [SYN 201-210] Renamed object name 'demodulationFM_sdiv_96ns_65s_96_100_seq_1' to 'demodulationFM_sdncg' due to the length limit 20
INFO: [RTGEN 206-100] Generating core module 'demodulationFM_sdncg': 1 instance(s).
INFO: [RTGEN 206-100] Finished creating RTL model for 'demodulationFM'.
INFO: [HLS 200-111]  Elapsed time: 0.43 seconds; current allocated memory: 226.840 MB.
INFO: [HLS 200-790] **** Loop Constraint Status: All loop constraints were satisfied.
INFO: [HLS 200-789] **** Estimated Fmax: 116.74 MHz
INFO: [RTMG 210-282] Generating pipelined core: 'demodulationFM_sdncg_div'
INFO: [RTMG 210-279] Implementing memory 'demodulationFM_cobkb_rom' using distributed ROMs.
INFO: [RTMG 210-279] Implementing memory 'demodulationFM_sicud_rom' using distributed ROMs.
INFO: [RTMG 210-279] Implementing memory 'demodulationFM_codEe_rom' using distributed ROMs.
INFO: [RTMG 210-278] Implementing memory 'demodulationFM_y_eOg_ram (RAM)' using block RAMs.
INFO: [RTMG 210-278] Implementing memory 'demodulationFM_hwibs_ram (RAM)' using distributed RAMs.
==============================================================
Vivado(TM) HLS - High-Level Synthesis from C, C++ and SystemC v2019.2 (64-bit)
Copyright 1986-2019 Xilinx, Inc. All Rights Reserved.
==============================================================
==============================================================
Vivado(TM) HLS - High-Level Synthesis from C, C++ and SystemC v2019.2 (64-bit)
Copyright 1986-2019 Xilinx, Inc. All Rights Reserved.
==============================================================
==============================================================
Vivado(TM) HLS - High-Level Synthesis from C, C++ and SystemC v2019.2 (64-bit)
Copyright 1986-2019 Xilinx, Inc. All Rights Reserved.
==============================================================
==============================================================
Vivado(TM) HLS - High-Level Synthesis from C, C++ and SystemC v2019.2 (64-bit)
Copyright 1986-2019 Xilinx, Inc. All Rights Reserved.
==============================================================
==============================================================
Vivado(TM) HLS - High-Level Synthesis from C, C++ and SystemC v2019.2 (64-bit)
Copyright 1986-2019 Xilinx, Inc. All Rights Reserved.
==============================================================
==============================================================
Vivado(TM) HLS - High-Level Synthesis from C, C++ and SystemC v2019.2 (64-bit)
Copyright 1986-2019 Xilinx, Inc. All Rights Reserved.
==============================================================
==============================================================
Vivado(TM) HLS - High-Level Synthesis from C, C++ and SystemC v2019.2 (64-bit)
Copyright 1986-2019 Xilinx, Inc. All Rights Reserved.
==============================================================
==============================================================
Vivado(TM) HLS - High-Level Synthesis from C, C++ and SystemC v2019.2 (64-bit)
Copyright 1986-2019 Xilinx, Inc. All Rights Reserved.
==============================================================
==============================================================
Vivado(TM) HLS - High-Level Synthesis from C, C++ and SystemC v2019.2 (64-bit)
Copyright 1986-2019 Xilinx, Inc. All Rights Reserved.
==============================================================
==============================================================
Vivado(TM) HLS - High-Level Synthesis from C, C++ and SystemC v2019.2 (64-bit)
Copyright 1986-2019 Xilinx, Inc. All Rights Reserved.
==============================================================
==============================================================
Vivado(TM) HLS - High-Level Synthesis from C, C++ and SystemC v2019.2 (64-bit)
Copyright 1986-2019 Xilinx, Inc. All Rights Reserved.
==============================================================
==============================================================
Vivado(TM) HLS - High-Level Synthesis from C, C++ and SystemC v2019.2 (64-bit)
Copyright 1986-2019 Xilinx, Inc. All Rights Reserved.
==============================================================
==============================================================
Vivado(TM) HLS - High-Level Synthesis from C, C++ and SystemC v2019.2 (64-bit)
Copyright 1986-2019 Xilinx, Inc. All Rights Reserved.
==============================================================
==============================================================
Vivado(TM) HLS - High-Level Synthesis from C, C++ and SystemC v2019.2 (64-bit)
Copyright 1986-2019 Xilinx, Inc. All Rights Reserved.
==============================================================
==============================================================
Vivado(TM) HLS - High-Level Synthesis from C, C++ and SystemC v2019.2 (64-bit)
Copyright 1986-2019 Xilinx, Inc. All Rights Reserved.
==============================================================
==============================================================
Vivado(TM) HLS - High-Level Synthesis from C, C++ and SystemC v2019.2 (64-bit)
Copyright 1986-2019 Xilinx, Inc. All Rights Reserved.
==============================================================
==============================================================
Vivado(TM) HLS - High-Level Synthesis from C, C++ and SystemC v2019.2 (64-bit)
Copyright 1986-2019 Xilinx, Inc. All Rights Reserved.
==============================================================
==============================================================
Vivado(TM) HLS - High-Level Synthesis from C, C++ and SystemC v2019.2 (64-bit)
Copyright 1986-2019 Xilinx, Inc. All Rights Reserved.
==============================================================
==============================================================
Vivado(TM) HLS - High-Level Synthesis from C, C++ and SystemC v2019.2 (64-bit)
Copyright 1986-2019 Xilinx, Inc. All Rights Reserved.
==============================================================
==============================================================
Vivado(TM) HLS - High-Level Synthesis from C, C++ and SystemC v2019.2 (64-bit)
Copyright 1986-2019 Xilinx, Inc. All Rights Reserved.
==============================================================
==============================================================
Vivado(TM) HLS - High-Level Synthesis from C, C++ and SystemC v2019.2 (64-bit)
Copyright 1986-2019 Xilinx, Inc. All Rights Reserved.
==============================================================
==============================================================
Vivado(TM) HLS - High-Level Synthesis from C, C++ and SystemC v2019.2 (64-bit)
Copyright 1986-2019 Xilinx, Inc. All Rights Reserved.
==============================================================
==============================================================
Vivado(TM) HLS - High-Level Synthesis from C, C++ and SystemC v2019.2 (64-bit)
Copyright 1986-2019 Xilinx, Inc. All Rights Reserved.
==============================================================
==============================================================
Vivado(TM) HLS - High-Level Synthesis from C, C++ and SystemC v2019.2 (64-bit)
Copyright 1986-2019 Xilinx, Inc. All Rights Reserved.
==============================================================
==============================================================
Vivado(TM) HLS - High-Level Synthesis from C, C++ and SystemC v2019.2 (64-bit)
Copyright 1986-2019 Xilinx, Inc. All Rights Reserved.
==============================================================
==============================================================
Vivado(TM) HLS - High-Level Synthesis from C, C++ and SystemC v2019.2 (64-bit)
Copyright 1986-2019 Xilinx, Inc. All Rights Reserved.
==============================================================
==============================================================
Vivado(TM) HLS - High-Level Synthesis from C, C++ and SystemC v2019.2 (64-bit)
Copyright 1986-2019 Xilinx, Inc. All Rights Reserved.
==============================================================
==============================================================
Vivado(TM) HLS - High-Level Synthesis from C, C++ and SystemC v2019.2 (64-bit)
Copyright 1986-2019 Xilinx, Inc. All Rights Reserved.
==============================================================
==============================================================
Vivado(TM) HLS - High-Level Synthesis from C, C++ and SystemC v2019.2 (64-bit)
Copyright 1986-2019 Xilinx, Inc. All Rights Reserved.
==============================================================
==============================================================
Vivado(TM) HLS - High-Level Synthesis from C, C++ and SystemC v2019.2 (64-bit)
Copyright 1986-2019 Xilinx, Inc. All Rights Reserved.
==============================================================
==============================================================
Vivado(TM) HLS - High-Level Synthesis from C, C++ and SystemC v2019.2 (64-bit)
Copyright 1986-2019 Xilinx, Inc. All Rights Reserved.
==============================================================
==============================================================
Vivado(TM) HLS - High-Level Synthesis from C, C++ and SystemC v2019.2 (64-bit)
Copyright 1986-2019 Xilinx, Inc. All Rights Reserved.
==============================================================
==============================================================
Vivado(TM) HLS - High-Level Synthesis from C, C++ and SystemC v2019.2 (64-bit)
Copyright 1986-2019 Xilinx, Inc. All Rights Reserved.
==============================================================
==============================================================
Vivado(TM) HLS - High-Level Synthesis from C, C++ and SystemC v2019.2 (64-bit)
Copyright 1986-2019 Xilinx, Inc. All Rights Reserved.
==============================================================
==============================================================
Vivado(TM) HLS - High-Level Synthesis from C, C++ and SystemC v2019.2 (64-bit)
Copyright 1986-2019 Xilinx, Inc. All Rights Reserved.
==============================================================
==============================================================
Vivado(TM) HLS - High-Level Synthesis from C, C++ and SystemC v2019.2 (64-bit)
Copyright 1986-2019 Xilinx, Inc. All Rights Reserved.
==============================================================
