INFO-FLOW: Workspace /home/louart/Documents/these/partie_pratique/experience/c/demodulation_FM1/DemodulationFM/solution1 opened at Mon May 04 11:38:03 CEST 2020
Execute     config_clock -quiet -name default -period 10 -default=false 
INFO: [SYN 201-201] Setting up clock 'default' with a period of 10ns.
WARNING: [HLS 200-40] Cannot find library '/opt/Xilinx/Vivado/2019.2/common/technology/xilinx/Kintex-7/Kintex-7.lib'.
WARNING: [HLS 200-40] Cannot find library 'xilinx/Kintex-7/Kintex-7'.
Execute     open_platform DefaultPlatform 
Execute     import_lib /opt/Xilinx/Vivado/2019.2/common/technology/xilinx/kintex7/kintex7 
Execute       source /opt/Xilinx/Vivado/2019.2/common/technology/xilinx/common/xilinx.lib 
Execute         source /opt/Xilinx/Vivado/2019.2/common/technology/xilinx/interface/xilinx_interface.lib 
Execute           source /opt/Xilinx/Vivado/2019.2/common/technology/xilinx/interface/plb46.lib 
Execute           source /opt/Xilinx/Vivado/2019.2/common/technology/xilinx/interface/fsl.lib 
Execute           source /opt/Xilinx/Vivado/2019.2/common/technology/xilinx/interface/axi4.lib 
Execute           source /opt/Xilinx/Vivado/2019.2/common/technology/xilinx/interface/maxi.lib 
Execute           source /opt/Xilinx/Vivado/2019.2/common/technology/xilinx/interface/saxilite.lib 
Execute         source /opt/Xilinx/Vivado/2019.2/common/technology/xilinx/common/dsp48.lib 
Execute         source /opt/Xilinx/Vivado/2019.2/common/technology/xilinx/ip/dds_compiler.lib 
Execute         source /opt/Xilinx/Vivado/2019.2/common/technology/xilinx/ip/xfft.lib 
Execute         source /opt/Xilinx/Vivado/2019.2/common/technology/xilinx/ip/xfir.lib 
Execute       source /opt/Xilinx/Vivado/2019.2/common/technology/xilinx/common/xilinx.hlp 
Execute         source /opt/Xilinx/Vivado/2019.2/common/technology/xilinx/common/target_info.tcl 
Execute         source /opt/Xilinx/Vivado/2019.2/common/technology/xilinx/interface/xilinx_interface.hlp 
Execute           source /opt/Xilinx/Vivado/2019.2/common/technology/xilinx/interface/maxi.hlp 
Execute           source /opt/Xilinx/Vivado/2019.2/common/technology/xilinx/interface/saxilite.hlp 
Execute         source /opt/Xilinx/Vivado/2019.2/common/technology/xilinx/common/dsp48.hlp 
Execute       source /opt/Xilinx/Vivado/2019.2/common/technology/xilinx/kintex7/dsp48e1.hlp 
Execute       source /opt/Xilinx/Vivado/2019.2/common/technology/xilinx/common/xilinx.hlp 
Execute         source /opt/Xilinx/Vivado/2019.2/common/technology/xilinx/common/target_info.tcl 
Execute         source /opt/Xilinx/Vivado/2019.2/common/technology/xilinx/interface/xilinx_interface.hlp 
Execute           source /opt/Xilinx/Vivado/2019.2/common/technology/xilinx/interface/maxi.hlp 
Execute           source /opt/Xilinx/Vivado/2019.2/common/technology/xilinx/interface/saxilite.hlp 
Execute         source /opt/Xilinx/Vivado/2019.2/common/technology/xilinx/common/dsp48.hlp 
Execute     source /opt/Xilinx/Vivado/2019.2/common/technology/xilinx/kintex7/kintex7.gen 
Execute       source /opt/Xilinx/Vivado/2019.2/common/technology/xilinx/common/xilinx.gen 
Execute         source /opt/Xilinx/Vivado/2019.2/common/technology/xilinx/interface/plb46.gen 
Execute         source /opt/Xilinx/Vivado/2019.2/common/technology/xilinx/interface/fsl.gen 
Execute         source /opt/Xilinx/Vivado/2019.2/common/technology/xilinx/interface/axi4.gen 
Execute         source /opt/Xilinx/Vivado/2019.2/common/technology/xilinx/interface/nativeAXI4.gen 
Execute           source /opt/Xilinx/Vivado/2019.2/common/technology/xilinx/interface/saxilite.gen 
Execute           source /opt/Xilinx/Vivado/2019.2/common/technology/xilinx/interface/maxi.gen 
Execute         source /opt/Xilinx/Vivado/2019.2/common/technology/xilinx/scripts/xilinxcoregen.gen 
Execute         source /opt/Xilinx/Vivado/2019.2/common/technology/xilinx/interface/XilEDKCoreGen.gen 
Execute         source /opt/Xilinx/Vivado/2019.2/common/technology/xilinx/ip/dds_compiler.gen 
Execute         source /opt/Xilinx/Vivado/2019.2/common/technology/xilinx/ip/util.gen 
Execute         source /opt/Xilinx/Vivado/2019.2/common/technology/xilinx/ip/xfft.gen 
Execute         source /opt/Xilinx/Vivado/2019.2/common/technology/xilinx/ip/xfir.gen 
Execute         source /opt/Xilinx/Vivado/2019.2/common/technology/xilinx/common/dsp48.gen 
Execute     open_platform DefaultPlatform 
Execute     import_lib /opt/Xilinx/Vivado/2019.2/common/technology/xilinx/kintex7/kintex7_fpv6 
Execute       source /opt/Xilinx/Vivado/2019.2/common/technology/xilinx/common/xilinx_fp.lib 
Execute       source /opt/Xilinx/Vivado/2019.2/common/technology/xilinx/common/xilinx_fp.hlp 
Execute         source /opt/Xilinx/Vivado/2019.2/common/technology/xilinx/common/xilinx.hlp 
Execute           source /opt/Xilinx/Vivado/2019.2/common/technology/xilinx/common/target_info.tcl 
Execute           source /opt/Xilinx/Vivado/2019.2/common/technology/xilinx/interface/xilinx_interface.hlp 
Execute             source /opt/Xilinx/Vivado/2019.2/common/technology/xilinx/interface/maxi.hlp 
Execute             source /opt/Xilinx/Vivado/2019.2/common/technology/xilinx/interface/saxilite.hlp 
Execute           source /opt/Xilinx/Vivado/2019.2/common/technology/xilinx/common/dsp48.hlp 
Execute     source /opt/Xilinx/Vivado/2019.2/common/technology/xilinx/kintex7/kintex7_fpv6.gen 
Execute       source /opt/Xilinx/Vivado/2019.2/common/technology/xilinx/common/xilinx_fp.gen 
Execute     set_part xc7k70t-fbv676-1 
Execute       ap_part_info -name xc7k70t-fbv676-1 -data single -quiet 
Command       ap_part_info done; 0.78 sec.
Execute       ap_part_info -name xc7k70t-fbv676-1 -data info 
Execute       add_library xilinx/kintex7/kintex7:xc7k70t:-fbv676:-1 
Execute         get_default_platform 
Execute         open_platform DefaultPlatform 
Execute         import_lib /opt/Xilinx/Vivado/2019.2/common/technology/xilinx/kintex7/kintex7 
Execute           source /opt/Xilinx/Vivado/2019.2/common/technology/xilinx/common/xilinx.lib 
Execute             source /opt/Xilinx/Vivado/2019.2/common/technology/xilinx/interface/xilinx_interface.lib 
Execute               source /opt/Xilinx/Vivado/2019.2/common/technology/xilinx/interface/plb46.lib 
Execute               source /opt/Xilinx/Vivado/2019.2/common/technology/xilinx/interface/fsl.lib 
Execute               source /opt/Xilinx/Vivado/2019.2/common/technology/xilinx/interface/axi4.lib 
Execute               source /opt/Xilinx/Vivado/2019.2/common/technology/xilinx/interface/maxi.lib 
Execute               source /opt/Xilinx/Vivado/2019.2/common/technology/xilinx/interface/saxilite.lib 
Execute             source /opt/Xilinx/Vivado/2019.2/common/technology/xilinx/common/dsp48.lib 
Execute             source /opt/Xilinx/Vivado/2019.2/common/technology/xilinx/ip/dds_compiler.lib 
Execute             source /opt/Xilinx/Vivado/2019.2/common/technology/xilinx/ip/xfft.lib 
Execute             source /opt/Xilinx/Vivado/2019.2/common/technology/xilinx/ip/xfir.lib 
Execute           source /opt/Xilinx/Vivado/2019.2/common/technology/xilinx/common/xilinx.hlp 
Execute             source /opt/Xilinx/Vivado/2019.2/common/technology/xilinx/common/target_info.tcl 
Execute             source /opt/Xilinx/Vivado/2019.2/common/technology/xilinx/interface/xilinx_interface.hlp 
Execute               source /opt/Xilinx/Vivado/2019.2/common/technology/xilinx/interface/maxi.hlp 
Execute               source /opt/Xilinx/Vivado/2019.2/common/technology/xilinx/interface/saxilite.hlp 
Execute             source /opt/Xilinx/Vivado/2019.2/common/technology/xilinx/common/dsp48.hlp 
Execute           source /opt/Xilinx/Vivado/2019.2/common/technology/xilinx/kintex7/dsp48e1.hlp 
Execute           source /opt/Xilinx/Vivado/2019.2/common/technology/xilinx/common/xilinx.hlp 
Execute             source /opt/Xilinx/Vivado/2019.2/common/technology/xilinx/common/target_info.tcl 
Execute             source /opt/Xilinx/Vivado/2019.2/common/technology/xilinx/interface/xilinx_interface.hlp 
Execute               source /opt/Xilinx/Vivado/2019.2/common/technology/xilinx/interface/maxi.hlp 
Execute               source /opt/Xilinx/Vivado/2019.2/common/technology/xilinx/interface/saxilite.hlp 
Execute             source /opt/Xilinx/Vivado/2019.2/common/technology/xilinx/common/dsp48.hlp 
Execute         source /opt/Xilinx/Vivado/2019.2/common/technology/xilinx/kintex7/kintex7.gen 
Execute           source /opt/Xilinx/Vivado/2019.2/common/technology/xilinx/common/xilinx.gen 
Execute             source /opt/Xilinx/Vivado/2019.2/common/technology/xilinx/interface/plb46.gen 
Execute             source /opt/Xilinx/Vivado/2019.2/common/technology/xilinx/interface/fsl.gen 
Execute             source /opt/Xilinx/Vivado/2019.2/common/technology/xilinx/interface/axi4.gen 
Execute             source /opt/Xilinx/Vivado/2019.2/common/technology/xilinx/interface/nativeAXI4.gen 
Execute               source /opt/Xilinx/Vivado/2019.2/common/technology/xilinx/interface/saxilite.gen 
Execute               source /opt/Xilinx/Vivado/2019.2/common/technology/xilinx/interface/maxi.gen 
Execute             source /opt/Xilinx/Vivado/2019.2/common/technology/xilinx/scripts/xilinxcoregen.gen 
Execute             source /opt/Xilinx/Vivado/2019.2/common/technology/xilinx/interface/XilEDKCoreGen.gen 
Execute             source /opt/Xilinx/Vivado/2019.2/common/technology/xilinx/ip/dds_compiler.gen 
Execute             source /opt/Xilinx/Vivado/2019.2/common/technology/xilinx/ip/util.gen 
Execute             source /opt/Xilinx/Vivado/2019.2/common/technology/xilinx/ip/xfft.gen 
Execute             source /opt/Xilinx/Vivado/2019.2/common/technology/xilinx/ip/xfir.gen 
Execute             source /opt/Xilinx/Vivado/2019.2/common/technology/xilinx/common/dsp48.gen 
Execute         ap_part_info -data single -name xc7k70t-fbv676-1 
Execute         ap_part_info -name xc7k70t-fbv676-1 -data resources 
Execute         ap_part_info -name xc7k70t-fbv676-1 -data info 
Execute         ap_part_info -name xc7k70t-fbv676-1 -data info 
Execute         config_chip_info -quiet -resource {SLICE 10250} {LUT 41000} {FF 82000} {DSP48E 240} {BRAM 270} {URAM 0} 
Execute         ap_part_info -name xc7k70t-fbv676-1 -data info 
Execute         config_chip_info -quiet -speed slow 
Command       add_library done; 0.12 sec.
Execute       add_library xilinx/kintex7/kintex7_fpv6 
Execute         get_default_platform 
Execute         open_platform DefaultPlatform 
Execute         import_lib /opt/Xilinx/Vivado/2019.2/common/technology/xilinx/kintex7/kintex7_fpv6 
Execute           source /opt/Xilinx/Vivado/2019.2/common/technology/xilinx/common/xilinx_fp.lib 
Execute           source /opt/Xilinx/Vivado/2019.2/common/technology/xilinx/common/xilinx_fp.hlp 
Execute             source /opt/Xilinx/Vivado/2019.2/common/technology/xilinx/common/xilinx.hlp 
Execute               source /opt/Xilinx/Vivado/2019.2/common/technology/xilinx/common/target_info.tcl 
Execute               source /opt/Xilinx/Vivado/2019.2/common/technology/xilinx/interface/xilinx_interface.hlp 
Execute                 source /opt/Xilinx/Vivado/2019.2/common/technology/xilinx/interface/maxi.hlp 
Execute                 source /opt/Xilinx/Vivado/2019.2/common/technology/xilinx/interface/saxilite.hlp 
Execute               source /opt/Xilinx/Vivado/2019.2/common/technology/xilinx/common/dsp48.hlp 
Execute         source /opt/Xilinx/Vivado/2019.2/common/technology/xilinx/kintex7/kintex7_fpv6.gen 
Execute           source /opt/Xilinx/Vivado/2019.2/common/technology/xilinx/common/xilinx_fp.gen 
INFO: [HLS 200-10] Setting target device to 'xc7k70t-fbv676-1'
Execute       ap_part_info -name xc7k70t-fbv676-1 -data info 
Execute       get_default_platform 
Command     set_part done; 1 sec.
Execute     ap_part_info -data single -name xc7k70t-fbv676-1 
Execute     ap_part_info -name xc7k70t-fbv676-1 -data resources 
Execute     ap_part_info -name xc7k70t-fbv676-1 -data info 
Execute     ap_part_info -name xc7k70t-fbv676-1 -data info 
Execute     config_chip_info -quiet -resource {SLICE 10250} {LUT 41000} {FF 82000} {DSP48E 240} {BRAM 270} {URAM 0} 
Execute     ap_part_info -name xc7k70t-fbv676-1 -data info 
Execute     config_chip_info -quiet -speed slow 
Command   open_solution done; 1.14 sec.
Execute   set_part xc7k70tfbv676-1 
Execute     ap_part_info -name xc7k70tfbv676-1 -data single -quiet 
Execute     ap_part_info -name xc7k70tfbv676-1 -data info 
Execute     add_library xilinx/kintex7/kintex7:xc7k70t:-fbv676:-1 
Execute       get_default_platform 
Execute       open_platform DefaultPlatform 
Execute       import_lib /opt/Xilinx/Vivado/2019.2/common/technology/xilinx/kintex7/kintex7 
Execute         source /opt/Xilinx/Vivado/2019.2/common/technology/xilinx/common/xilinx.lib 
Execute           source /opt/Xilinx/Vivado/2019.2/common/technology/xilinx/interface/xilinx_interface.lib 
Execute             source /opt/Xilinx/Vivado/2019.2/common/technology/xilinx/interface/plb46.lib 
Execute             source /opt/Xilinx/Vivado/2019.2/common/technology/xilinx/interface/fsl.lib 
Execute             source /opt/Xilinx/Vivado/2019.2/common/technology/xilinx/interface/axi4.lib 
Execute             source /opt/Xilinx/Vivado/2019.2/common/technology/xilinx/interface/maxi.lib 
Execute             source /opt/Xilinx/Vivado/2019.2/common/technology/xilinx/interface/saxilite.lib 
Execute           source /opt/Xilinx/Vivado/2019.2/common/technology/xilinx/common/dsp48.lib 
Execute           source /opt/Xilinx/Vivado/2019.2/common/technology/xilinx/ip/dds_compiler.lib 
Execute           source /opt/Xilinx/Vivado/2019.2/common/technology/xilinx/ip/xfft.lib 
Execute           source /opt/Xilinx/Vivado/2019.2/common/technology/xilinx/ip/xfir.lib 
Execute         source /opt/Xilinx/Vivado/2019.2/common/technology/xilinx/common/xilinx.hlp 
Execute           source /opt/Xilinx/Vivado/2019.2/common/technology/xilinx/common/target_info.tcl 
Execute           source /opt/Xilinx/Vivado/2019.2/common/technology/xilinx/interface/xilinx_interface.hlp 
Execute             source /opt/Xilinx/Vivado/2019.2/common/technology/xilinx/interface/maxi.hlp 
Execute             source /opt/Xilinx/Vivado/2019.2/common/technology/xilinx/interface/saxilite.hlp 
Execute           source /opt/Xilinx/Vivado/2019.2/common/technology/xilinx/common/dsp48.hlp 
Execute         source /opt/Xilinx/Vivado/2019.2/common/technology/xilinx/kintex7/dsp48e1.hlp 
Execute         source /opt/Xilinx/Vivado/2019.2/common/technology/xilinx/common/xilinx.hlp 
Execute           source /opt/Xilinx/Vivado/2019.2/common/technology/xilinx/common/target_info.tcl 
Execute           source /opt/Xilinx/Vivado/2019.2/common/technology/xilinx/interface/xilinx_interface.hlp 
Execute             source /opt/Xilinx/Vivado/2019.2/common/technology/xilinx/interface/maxi.hlp 
Execute             source /opt/Xilinx/Vivado/2019.2/common/technology/xilinx/interface/saxilite.hlp 
Execute           source /opt/Xilinx/Vivado/2019.2/common/technology/xilinx/common/dsp48.hlp 
Execute       source /opt/Xilinx/Vivado/2019.2/common/technology/xilinx/kintex7/kintex7.gen 
Execute         source /opt/Xilinx/Vivado/2019.2/common/technology/xilinx/common/xilinx.gen 
Execute           source /opt/Xilinx/Vivado/2019.2/common/technology/xilinx/interface/plb46.gen 
Execute           source /opt/Xilinx/Vivado/2019.2/common/technology/xilinx/interface/fsl.gen 
Execute           source /opt/Xilinx/Vivado/2019.2/common/technology/xilinx/interface/axi4.gen 
Execute           source /opt/Xilinx/Vivado/2019.2/common/technology/xilinx/interface/nativeAXI4.gen 
Execute             source /opt/Xilinx/Vivado/2019.2/common/technology/xilinx/interface/saxilite.gen 
Execute             source /opt/Xilinx/Vivado/2019.2/common/technology/xilinx/interface/maxi.gen 
Execute           source /opt/Xilinx/Vivado/2019.2/common/technology/xilinx/scripts/xilinxcoregen.gen 
Execute           source /opt/Xilinx/Vivado/2019.2/common/technology/xilinx/interface/XilEDKCoreGen.gen 
Execute           source /opt/Xilinx/Vivado/2019.2/common/technology/xilinx/ip/dds_compiler.gen 
Execute           source /opt/Xilinx/Vivado/2019.2/common/technology/xilinx/ip/util.gen 
Execute           source /opt/Xilinx/Vivado/2019.2/common/technology/xilinx/ip/xfft.gen 
Execute           source /opt/Xilinx/Vivado/2019.2/common/technology/xilinx/ip/xfir.gen 
Execute           source /opt/Xilinx/Vivado/2019.2/common/technology/xilinx/common/dsp48.gen 
Execute       ap_part_info -data single -name xc7k70t-fbv676-1 
Execute       ap_part_info -name xc7k70t-fbv676-1 -data resources 
Execute       ap_part_info -name xc7k70t-fbv676-1 -data info 
Execute       ap_part_info -name xc7k70t-fbv676-1 -data info 
Execute       config_chip_info -quiet -resource {SLICE 10250} {LUT 41000} {FF 82000} {DSP48E 240} {BRAM 270} {URAM 0} 
Execute       ap_part_info -name xc7k70t-fbv676-1 -data info 
Execute       config_chip_info -quiet -speed slow 
Command     add_library done; 0.13 sec.
Execute     add_library xilinx/kintex7/kintex7_fpv6 
Execute       get_default_platform 
Execute       open_platform DefaultPlatform 
Execute       import_lib /opt/Xilinx/Vivado/2019.2/common/technology/xilinx/kintex7/kintex7_fpv6 
Execute         source /opt/Xilinx/Vivado/2019.2/common/technology/xilinx/common/xilinx_fp.lib 
Execute         source /opt/Xilinx/Vivado/2019.2/common/technology/xilinx/common/xilinx_fp.hlp 
Execute           source /opt/Xilinx/Vivado/2019.2/common/technology/xilinx/common/xilinx.hlp 
Execute             source /opt/Xilinx/Vivado/2019.2/common/technology/xilinx/common/target_info.tcl 
Execute             source /opt/Xilinx/Vivado/2019.2/common/technology/xilinx/interface/xilinx_interface.hlp 
Execute               source /opt/Xilinx/Vivado/2019.2/common/technology/xilinx/interface/maxi.hlp 
Execute               source /opt/Xilinx/Vivado/2019.2/common/technology/xilinx/interface/saxilite.hlp 
Execute             source /opt/Xilinx/Vivado/2019.2/common/technology/xilinx/common/dsp48.hlp 
Execute       source /opt/Xilinx/Vivado/2019.2/common/technology/xilinx/kintex7/kintex7_fpv6.gen 
Execute         source /opt/Xilinx/Vivado/2019.2/common/technology/xilinx/common/xilinx_fp.gen 
Execute     ap_part_info -name xc7k70t-fbv676-1 -data info 
Execute     get_default_platform 
Command   set_part done; 0.21 sec.
Execute   create_clock -period 10 -name default 
Execute     config_clock -quiet -name default -period 10 -default=false 
INFO: [SYN 201-201] Setting up clock 'default' with a period of 10ns.
Execute   csynth_design 
Execute     get_config_compile -dump_cfg 
Execute     get_config_compile -effort 
Execute     get_config_compile -enable_clang39 
Execute     get_config_compile -g 
Execute     get_config_compile -ng 
Execute     get_config_compile -opt_fp 
Execute     get_config_compile -skip_cdt 
Execute     get_config_compile -skip_syncheck 
Execute     get_config_compile -skip_transform 
Execute     get_config_compile -keep_printf 
Execute     elaborate -effort=medium -skip_syncheck=0 -keep_printf=0 -skip_cdt=0 -skip_transform=0 -ng=0 -g=0 -opt_fp=0 -from_csynth_design=1 
Execute       get_config_schedule -relax_ii_for_timing 
INFO: [SCHED 204-61] Option 'relax_ii_for_timing' is enabled, will increase II to preserve clock frequency constraints.
Execute       get_config_schedule -suppress_dependence_error_break 
INFO: [HLS 200-10] Analyzing design file 'demodulation_FM.cpp' ... 
INFO-FLOW: Compiling one TU...
Execute       is_m_axi_addr64 
INFO-FLOW: Handling demodulation_FM.cpp as C++
Execute       ap_part_info -name xc7k70t-fbv676-1 -data info 
Execute       is_encrypted demodulation_FM.cpp 
Execute       ap_part_info -name xc7k70t-fbv676-1 -data info 
INFO-FLOW: Running: GCC PP
INFO-FLOW: Source preprocessing
Execute       clang  -fno-limit-debug-info -gcc-toolchain "/opt/Xilinx/Vivado/2019.2/lnx64/tools/gcc" -hls  -fno-exceptions  -D__llvm__  -E "demodulation_FM.cpp"     -fno-math-errno -c -emit-llvm -O0  -mllvm -disable-llvm-optzns -fno-threadsafe-statics  -fno-use-cxa-atexit  -fno-threadsafe-statics -fno-use-cxa-atexit -D__CLANG_3_1__ -DAESL_SYN -D__SYNTHESIS__ -D__HLS_SYN__ -I "/opt/Xilinx/Vivado/2019.2/common/technology/autopilot" -I "/opt/Xilinx/Vivado/2019.2/common/technology/autopilot/ap_sysc" -include etc/autopilot_ssdm_op.h -D__DSP48E1__  -o "/home/louart/Documents/these/partie_pratique/experience/c/demodulation_FM1/DemodulationFM/solution1/.autopilot/db/demodulation_FM.pp.0.cpp" 
INFO-FLOW: exec /opt/Xilinx/Vivado/2019.2/lnx64/tools/clang/bin/clang -fno-limit-debug-info -gcc-toolchain /opt/Xilinx/Vivado/2019.2/lnx64/tools/gcc -hls -fno-exceptions -D__llvm__ -E demodulation_FM.cpp -fno-math-errno -c -emit-llvm -O0 -mllvm -disable-llvm-optzns -fno-threadsafe-statics -fno-use-cxa-atexit -fno-threadsafe-statics -fno-use-cxa-atexit -D__CLANG_3_1__ -DAESL_SYN -D__SYNTHESIS__ -D__HLS_SYN__ -I /opt/Xilinx/Vivado/2019.2/common/technology/autopilot -I /opt/Xilinx/Vivado/2019.2/common/technology/autopilot/ap_sysc -include etc/autopilot_ssdm_op.h -D__DSP48E1__ -o /home/louart/Documents/these/partie_pratique/experience/c/demodulation_FM1/DemodulationFM/solution1/.autopilot/db/demodulation_FM.pp.0.cpp
Command       clang done; 1.56 sec.
Execute       tidy_31 xilinx-xfmat-array-geometry /home/louart/Documents/these/partie_pratique/experience/c/demodulation_FM1/DemodulationFM/solution1/.autopilot/db/demodulation_FM.pp.0.cpp std=gnu++98 
INFO-FLOW: exec /opt/Xilinx/Vivado/2019.2/lnx64/tools/clang-3.9-csynth/bin/tidy-3.1 -header-filter=.* -checks=-*,xilinx-xfmat-array-geometry -quiet -fix /home/louart/Documents/these/partie_pratique/experience/c/demodulation_FM1/DemodulationFM/solution1/.autopilot/db/demodulation_FM.pp.0.cpp -- -std=gnu++98 -fhls -ferror-limit=0
Command       tidy_31 done; 1.05 sec.
INFO-FLOW: Syntax Checking before pre-processing...
Execute       clang -syntaxcheck -src /home/louart/Documents/these/partie_pratique/experience/c/demodulation_FM1/DemodulationFM/solution1/.autopilot/db/demodulation_FM.pp.0.cpp  -fno-limit-debug-info -gcc-toolchain "/opt/Xilinx/Vivado/2019.2/lnx64/tools/gcc" -hls    -fno-math-errno -c -emit-llvm -O0  -mllvm -disable-llvm-optzns -fno-threadsafe-statics  -fno-use-cxa-atexit  -fno-threadsafe-statics -fno-use-cxa-atexit -D__CLANG_3_1__ -DAESL_SYN -D__SYNTHESIS__ -D__HLS_SYN__ -I "/opt/Xilinx/Vivado/2019.2/common/technology/autopilot" -I "/opt/Xilinx/Vivado/2019.2/common/technology/autopilot/ap_sysc" -include etc/autopilot_ssdm_op.h -D__DSP48E1__  "/home/louart/Documents/these/partie_pratique/experience/c/demodulation_FM1/DemodulationFM/solution1/.autopilot/db/demodulation_FM.pp.0.cpp"  -o "/home/louart/Documents/these/partie_pratique/experience/c/demodulation_FM1/DemodulationFM/solution1/.autopilot/db/useless.bc"  
INFO-FLOW: exec /opt/Xilinx/Vivado/2019.2/lnx64/tools/clang/bin/clang -fno-limit-debug-info -gcc-toolchain /opt/Xilinx/Vivado/2019.2/lnx64/tools/gcc -hls -fno-math-errno -c -emit-llvm -O0 -mllvm -disable-llvm-optzns -fno-threadsafe-statics -fno-use-cxa-atexit -fno-threadsafe-statics -fno-use-cxa-atexit -D__CLANG_3_1__ -DAESL_SYN -D__SYNTHESIS__ -D__HLS_SYN__ -I /opt/Xilinx/Vivado/2019.2/common/technology/autopilot -I /opt/Xilinx/Vivado/2019.2/common/technology/autopilot/ap_sysc -include etc/autopilot_ssdm_op.h -D__DSP48E1__ /home/louart/Documents/these/partie_pratique/experience/c/demodulation_FM1/DemodulationFM/solution1/.autopilot/db/demodulation_FM.pp.0.cpp -o /home/louart/Documents/these/partie_pratique/experience/c/demodulation_FM1/DemodulationFM/solution1/.autopilot/db/useless.bc
Command       clang done; 2.1 sec.
INFO-FLOW: Done: GCC PP time: 4.7 seconds per iteration
Execute       source /opt/Xilinx/Vivado/2019.2/tps/tcl/tcllib1.11.1/yaml/huddle.tcl 
Execute       source /opt/Xilinx/Vivado/2019.2/tps/tcl/tcllib1.11.1/yaml/json2huddle.tcl 
Execute         source /opt/Xilinx/Vivado/2019.2/tps/tcl/tcllib1.11.1/try/try.tcl 
Execute       list_core -type functional_unit 
Execute       tidy_31 xilinx-systemc-detector /home/louart/Documents/these/partie_pratique/experience/c/demodulation_FM1/DemodulationFM/solution1/.autopilot/db/demodulation_FM.pp.0.cpp std=gnu++98 -directive=/home/louart/Documents/these/partie_pratique/experience/c/demodulation_FM1/DemodulationFM/solution1/.autopilot/db/.systemc_flag 
INFO-FLOW: exec /opt/Xilinx/Vivado/2019.2/lnx64/tools/clang-3.9-csynth/bin/tidy-3.1 -header-filter=.* -checks=-*,xilinx-systemc-detector -import-directive=/home/louart/Documents/these/partie_pratique/experience/c/demodulation_FM1/DemodulationFM/solution1/.autopilot/db/.systemc_flag -quiet -fix-errors /home/louart/Documents/these/partie_pratique/experience/c/demodulation_FM1/DemodulationFM/solution1/.autopilot/db/demodulation_FM.pp.0.cpp -- -std=gnu++98 -fhls -ferror-limit=0
Command       tidy_31 done; 0.86 sec.
INFO-FLOW: Running: tidy-3.1 CDT preprocess
Execute       tidy_31 xilinx-directive2pragma /home/louart/Documents/these/partie_pratique/experience/c/demodulation_FM1/DemodulationFM/solution1/.autopilot/db/demodulation_FM.pp.0.cpp std=gnu++98 -directive=/home/louart/Documents/these/partie_pratique/experience/c/demodulation_FM1/DemodulationFM/solution1/.autopilot/db/all.directive.json 
INFO-FLOW: exec /opt/Xilinx/Vivado/2019.2/lnx64/tools/clang-3.9-csynth/bin/tidy-3.1 -header-filter=.* -checks=-*,xilinx-directive2pragma -import-directive=/home/louart/Documents/these/partie_pratique/experience/c/demodulation_FM1/DemodulationFM/solution1/.autopilot/db/all.directive.json -quiet -fix-errors /home/louart/Documents/these/partie_pratique/experience/c/demodulation_FM1/DemodulationFM/solution1/.autopilot/db/demodulation_FM.pp.0.cpp -- -std=gnu++98 -fhls -ferror-limit=0
Command       tidy_31 done; 0.86 sec.
Execute       get_config_dataflow -strict_mode 
Execute       ap_eval exec -ignorestderr /opt/Xilinx/Vivado/2019.2/lnx64/tools/clang-3.9-csynth/bin/xilinx-dataflow-lawyer -export-fixes=/home/louart/Documents/these/partie_pratique/experience/c/demodulation_FM1/DemodulationFM/solution1/.autopilot/db/xilinx-dataflow-lawyer.demodulation_FM.pp.0.cpp.diag.yml /home/louart/Documents/these/partie_pratique/experience/c/demodulation_FM1/DemodulationFM/solution1/.autopilot/db/demodulation_FM.pp.0.cpp -- -std=gnu++98 -fhls -ferror-limit=0 -fstrict-dataflow > /home/louart/Documents/these/partie_pratique/experience/c/demodulation_FM1/DemodulationFM/solution1/.autopilot/db/xilinx-dataflow-lawyer.demodulation_FM.pp.0.cpp.out.log 2> /home/louart/Documents/these/partie_pratique/experience/c/demodulation_FM1/DemodulationFM/solution1/.autopilot/db/xilinx-dataflow-lawyer.demodulation_FM.pp.0.cpp.err.log 
Command       ap_eval done; 0.99 sec.
Execute       tidy_31 -errorcheck xilinx-constantarray-param,xilinx-resource-pragma-transformer,xilinx-xfmat-array-geometry /home/louart/Documents/these/partie_pratique/experience/c/demodulation_FM1/DemodulationFM/solution1/.autopilot/db/demodulation_FM.pp.0.cpp std=gnu++98 
Execute         ap_eval exec -ignorestderr /opt/Xilinx/Vivado/2019.2/lnx64/tools/clang-3.9-csynth/bin/tidy-3.1 -export-fixes=/home/louart/Documents/these/partie_pratique/experience/c/demodulation_FM1/DemodulationFM/solution1/.autopilot/db/tidy-3.1.demodulation_FM.pp.0.cpp.diag.yml -header-filter=.* -checks=-*,xilinx-constantarray-param,xilinx-resource-pragma-transformer,xilinx-xfmat-array-geometry -quiet -fix-errors /home/louart/Documents/these/partie_pratique/experience/c/demodulation_FM1/DemodulationFM/solution1/.autopilot/db/demodulation_FM.pp.0.cpp -- -std=gnu++98 -fhls -ferror-limit=0 > /home/louart/Documents/these/partie_pratique/experience/c/demodulation_FM1/DemodulationFM/solution1/.autopilot/db/tidy-3.1.demodulation_FM.pp.0.cpp.out.log 2> /home/louart/Documents/these/partie_pratique/experience/c/demodulation_FM1/DemodulationFM/solution1/.autopilot/db/tidy-3.1.demodulation_FM.pp.0.cpp.err.log 
Command         ap_eval done; 1.07 sec.
Execute         ap_eval exec -ignorestderr /opt/Xilinx/Vivado/2019.2/lnx64/tools/clang-3.9-csynth/bin/xilinx-legacy-rewriter /home/louart/Documents/these/partie_pratique/experience/c/demodulation_FM1/DemodulationFM/solution1/.autopilot/db/demodulation_FM.pp.0.cpp -- -std=gnu++98 -fhls -ferror-limit=0 > /home/louart/Documents/these/partie_pratique/experience/c/demodulation_FM1/DemodulationFM/solution1/.autopilot/db/xilinx-legacy-rewriter.demodulation_FM.pp.0.cpp.out.log 2> /home/louart/Documents/these/partie_pratique/experience/c/demodulation_FM1/DemodulationFM/solution1/.autopilot/db/xilinx-legacy-rewriter.demodulation_FM.pp.0.cpp.err.log 
Command         ap_eval done; 0.74 sec.
Command       tidy_31 done; 1.81 sec.
INFO-FLOW: Done: tidy-3.1 CDT preprocess time: 3.7 seconds per iteration
INFO-FLOW: Pragma Handling...
Execute       tidy_31 xilinx-ssdm-intrinsics-arguments /home/louart/Documents/these/partie_pratique/experience/c/demodulation_FM1/DemodulationFM/solution1/.autopilot/db/demodulation_FM.pragma.1.cpp std=gnu++98 
INFO-FLOW: exec /opt/Xilinx/Vivado/2019.2/lnx64/tools/clang-3.9-csynth/bin/tidy-3.1 -header-filter=.* -checks=-*,xilinx-ssdm-intrinsics-arguments -quiet -fix-errors /home/louart/Documents/these/partie_pratique/experience/c/demodulation_FM1/DemodulationFM/solution1/.autopilot/db/demodulation_FM.pragma.1.cpp -- -std=gnu++98 -fhls -ferror-limit=0
Command       tidy_31 done; 1.14 sec.
Execute       ap_part_info -name xc7k70t-fbv676-1 -data info 
INFO-FLOW: Processing labels
Execute       clang -src /home/louart/Documents/these/partie_pratique/experience/c/demodulation_FM1/DemodulationFM/solution1/.autopilot/db/demodulation_FM.pragma.2.cpp  -fno-limit-debug-info -gcc-toolchain /opt/Xilinx/Vivado/2019.2/lnx64/tools/gcc -hls -hls-analyze-label -hls-analyze-pragma -fno-exceptions  -D__llvm__  -w  "/home/louart/Documents/these/partie_pratique/experience/c/demodulation_FM1/DemodulationFM/solution1/.autopilot/db/demodulation_FM.pragma.2.cpp"    -fno-math-errno -c -emit-llvm -O0  -mllvm -disable-llvm-optzns -fno-threadsafe-statics  -fno-use-cxa-atexit -DAESL_SYN -D__SYNTHESIS__ -D__HLS_SYN__ -I "/opt/Xilinx/Vivado/2019.2/common/technology/autopilot" -I "/opt/Xilinx/Vivado/2019.2/common/technology/autopilot/ap_sysc" -include etc/autopilot_ssdm_op.h -D__DSP48E1__ -g -o "/home/louart/Documents/these/partie_pratique/experience/c/demodulation_FM1/DemodulationFM/solution1/.autopilot/db/demodulation_FM.bc" 
INFO-FLOW: exec /opt/Xilinx/Vivado/2019.2/lnx64/tools/clang/bin/clang -fno-limit-debug-info -gcc-toolchain /opt/Xilinx/Vivado/2019.2/lnx64/tools/gcc -hls -hls-analyze-label -hls-analyze-pragma -fno-exceptions -D__llvm__ -w /home/louart/Documents/these/partie_pratique/experience/c/demodulation_FM1/DemodulationFM/solution1/.autopilot/db/demodulation_FM.pragma.2.cpp -fno-math-errno -c -emit-llvm -O0 -mllvm -disable-llvm-optzns -fno-threadsafe-statics -fno-use-cxa-atexit -DAESL_SYN -D__SYNTHESIS__ -D__HLS_SYN__ -I /opt/Xilinx/Vivado/2019.2/common/technology/autopilot -I /opt/Xilinx/Vivado/2019.2/common/technology/autopilot/ap_sysc -include etc/autopilot_ssdm_op.h -D__DSP48E1__ -g -o /home/louart/Documents/these/partie_pratique/experience/c/demodulation_FM1/DemodulationFM/solution1/.autopilot/db/demodulation_FM.bc
Command       clang done; 2.18 sec.
INFO-FLOW: Linking Debug ...
Execute       llvm-ld /home/louart/Documents/these/partie_pratique/experience/c/demodulation_FM1/DemodulationFM/solution1/.autopilot/db/demodulation_FM.g.bc -hls-opt -except-internalize demodulationFM -L/opt/Xilinx/Vivado/2019.2/lnx64/lib -lhlsm -lhlsmc++ -o /home/louart/Documents/these/partie_pratique/experience/c/demodulation_FM1/DemodulationFM/solution1/.autopilot/db/a.g 
Command       llvm-ld done; 0.87 sec.
INFO: [HLS 200-111] Finished Linking Time (s): cpu = 00:00:14 ; elapsed = 00:00:15 . Memory (MB): peak = 959.930 ; gain = 526.004 ; free physical = 505 ; free virtual = 5135
INFO: [HLS 200-111] Finished Checking Pragmas Time (s): cpu = 00:00:14 ; elapsed = 00:00:15 . Memory (MB): peak = 959.930 ; gain = 526.004 ; free physical = 505 ; free virtual = 5135
Execute       get_config_sdx -target 
Execute       opt_and_import_c a -opt_level=2 -skip_syncheck=0 -ng=0 -keep_printf=0 
Execute         cleanup_all_models 
INFO: [HLS 200-10] Starting code transformations ...
Execute         transform -promote-dbg-pointer /home/louart/Documents/these/partie_pratique/experience/c/demodulation_FM1/DemodulationFM/solution1/.autopilot/db/a.pp.bc -o /home/louart/Documents/these/partie_pratique/experience/c/demodulation_FM1/DemodulationFM/solution1/.autopilot/db/a.pp.0.bc -f 
Execute         llvm-ld /home/louart/Documents/these/partie_pratique/experience/c/demodulation_FM1/DemodulationFM/solution1/.autopilot/db/a.pp.0.bc -disable-opt -L/opt/Xilinx/Vivado/2019.2/lnx64/lib -lfloatconversion -o /home/louart/Documents/these/partie_pratique/experience/c/demodulation_FM1/DemodulationFM/solution1/.autopilot/db/a.g.0 
Command         llvm-ld done; 0.92 sec.
INFO-FLOW: Running Standard Transforms...
Execute         transform -hls -share-std-xform -demangle-name -inline-byval-memcpy -always-inline -promote-dbg-pointer -interface-preproc -mem2reg -scalarrepl -mem2reg -keep-read-access -instcombine -dce -promote-dbg-pointer -bitop-raise -loop-simplify -indvarspre -indvars -loop-simplify -xunroll -constprop -instcombine -simplifycfg -indvars -simplifycfg -dce -globaldce -basicaa -simplifycfg -mem2reg -globalopt -global-constprop -deadargelim -instcombine -simplifycfg -prune-eh -simplifycfg -scalarrepl -instcombine -reassociate -licm -simplifycfg -loop-simplify -indvars -instcombine -simplifycfg -mem2reg -loop-simplify -indvars -instcombine -gvn -gvn -instcombine -adce -break-crit-edges -simplifycfg -loop-delete -global-array-opt -dce -dse -adce -find-syn-modules -top demodulationFM -deadargelim -mem2reg -instcombine -dce -presyn-prepare -auto-rom-infer -interface-preproc -syn-check -check-rec-only -find-region -simplifycfg -func-extr -function-inline -globaldce -mem2reg -instcombine -dce -gvn -globaldce -adce -adse -constprop -instcombine -bit-constprop -instcombine -dce -simplifycfg -bitop-raise -simplifycfg -dce -loop-delete -reassociate -globalopt -global-privatize -mem2reg -dce -global-constprop -pointer-simplify -constprop -dce -func-inst -deadargelim -auto-shift-reg-idiom -promote-dbg-pointer -norm-name /home/louart/Documents/these/partie_pratique/experience/c/demodulation_FM1/DemodulationFM/solution1/.autopilot/db/a.g.0.bc -o /home/louart/Documents/these/partie_pratique/experience/c/demodulation_FM1/DemodulationFM/solution1/.autopilot/db/a.g.1.bc -f -phase std-opt 
Command         transform done; 0.26 sec.
INFO: [HLS 200-111] Finished Standard Transforms Time (s): cpu = 00:00:16 ; elapsed = 00:00:16 . Memory (MB): peak = 959.930 ; gain = 526.004 ; free physical = 483 ; free virtual = 5118
INFO: [HLS 200-10] Checking synthesizability ...
INFO-FLOW: Checking Synthesizability 1/2..
Execute         transform -hls -syn-check -check-rec-only -disaggr -scalarrepl -norm-name -dce -mem2reg -instcombine -function-uniquify -directive-preproc -mem2reg -dse -dce -auto-rom-infer -dce -pag -array-normalize -instcombine -dce -warn-fifo-pointer -array-seg-normalize -instcombine -dce -array-flatten -instcombine -dce -array-burst -dce -deadargelim -promote-global-argument -simplifycfg -mem2reg -globaldce -dce -deadargelim -dce -instcombine -function-inline -globaldce -dce -doublePtrSimplify -doublePtrElim -dce -doublePtrSimplify -promote-dbg-pointer -dce -scalarrepl -dse -adse -instcombine -ptrLegalization -simplifycfg -dce -instcombine -pointer-simplify -ptrArgReplace -dce -instcombine -resolve-double-ptr -disaggr -scalarrepl -norm-name -dce -mem2reg -instcombine -ptrLegalization -simplifycfg -deadargelim -instcombine -dce -inst-simplify -function-uniquify -directive-preproc -mem2reg -dse -dce -globaldce -check-dspbuiltin /home/louart/Documents/these/partie_pratique/experience/c/demodulation_FM1/DemodulationFM/solution1/.autopilot/db/a.g.1.bc -o /home/louart/Documents/these/partie_pratique/experience/c/demodulation_FM1/DemodulationFM/solution1/.autopilot/db/a.g.2.prechk.bc -f 
INFO-FLOW: Checking Synthesizability 2/2..
Execute         transform -syn-check /home/louart/Documents/these/partie_pratique/experience/c/demodulation_FM1/DemodulationFM/solution1/.autopilot/db/a.g.2.prechk.bc -o /home/louart/Documents/these/partie_pratique/experience/c/demodulation_FM1/DemodulationFM/solution1/.autopilot/db/a.g.2.bc -f -phase syn-check 
INFO: [HLS 200-111] Finished Checking Synthesizability Time (s): cpu = 00:00:16 ; elapsed = 00:00:16 . Memory (MB): peak = 959.930 ; gain = 526.004 ; free physical = 473 ; free virtual = 5110
INFO-FLOW: Compiler optimizing ...
INFO-FLOW: Share syncheck's 1.bc for syn flow: copy /home/louart/Documents/these/partie_pratique/experience/c/demodulation_FM1/DemodulationFM/solution1/.autopilot/db/a.g.1.bc to /home/louart/Documents/these/partie_pratique/experience/c/demodulation_FM1/DemodulationFM/solution1/.autopilot/db/a.o.1.bc
INFO-FLOW: Presyn 1...
Execute         transform -hls -tmp /home/louart/Documents/these/partie_pratique/experience/c/demodulation_FM1/DemodulationFM/solution1/.autopilot/db -interface-port-rename -type-info -function-uniquify -directive-preproc -mem2reg -dse -dce -disaggr -scalarrepl -norm-name -deadargelim -mem2reg -instcombine -dce -simplifycfg -auto-rom-infer -dce -function-uniquify -resource-proc -clib-intrinsic-prepare -dce -func-buffer -dce -pag -array-normalize -func-legal -instcombine -gvn -constprop -dce -simplifycfg -mem2reg -globaldce -resolve-double-ptr -dce -deadargelim -dce -instcombine -ptrArgReplace -mem2reg -dce -array-seg-normalize -deadargelim -instcombine -dce -pointer-simplify -dce -port-alignment -dce -interface-preproc -data-pack -instcombine -dce -basicaa -aggr-aa -aggrmodref-aa -aggr-aa -gvn -gvn -basicaa -aggr-aa -aggrmodref-aa -aggr-aa -dse -adse -adce -loop-simplify -indvars -instcombine -gvn -loop-simplify -mem2reg -dce -find-region -instcombine -auto-loop-pipeline -inst-simplify -interface-preproc -cfgopt -instcombine -indvars -auto-loop-unroll -loop-simplify -loop-bound -xunroll -constprop -instcombine -simplifycfg -indvars -simplifycfg -dce -globaldce -clean-region -attach-range -gvn -inst-simplify -constprop -simplifycfg -dce -pointer-simplify -dce -globalopt -constprop -dce -array-promote -constprop -dce -ptrArgReplace -mem2reg -simplifycfg -dce -auto-par -instcombine -dce -array-transform-check -array-reshape -instcombine -simplifycfg -dce -ptrArgReplace -deadargelim -mem2reg -instcombine -simplifycfg -dce -indvars -loop-simplify -loop-bound -xunroll -constprop -instcombine -simplifycfg -indvars -simplifycfg -dce -globaldce -basicaa -aggr-aa -aggrmodref-aa -aggr-aa -dse -duplicate-dataflow-processes -globaldce -instcombine -array-partition -instcombine -simplifycfg -dce -ptrArgReplace -global-constprop -deadargelim -mem2reg -func-legal -dce -global-constprop -deadargelim -mem2reg -simplifycfg -dce -merge-param -deadargelim -globalopt -constprop -dce -array-promote -constprop -dce -ptrArgReplace -mem2reg -simplifycfg -dce -mem-intrinsic-preproc -dce -global-internalize -global-privatize -mem2reg -globaldce -promote-global-argument -ptrArgReplace -mem2reg -dce -globalopt -mergereturn -simplify-global-access -mem2reg -dce -pointer-simplify -dce -functionattrs -basicaa -aggr-aa -aggrmodref-aa -aggr-aa -gvn -gvn -basicaa -aggr-aa -aggrmodref-aa -aggr-aa -dse -adse -adce -dce -norm-name -function-inline -complex-op-raise -inst-simplify -globaldce -func-inst -constprop -instcombine -simplifycfg -dce -func-legal -dce -loop-bound -arraycheck -bitwidthmin -on-by-dataflow -loop-delete -instcombine -simplifycfg -globaldce -dce -gvn -deadargelim -dce -loop-simplify -clean-region -simplifycfg -propagate-stable-arguments -loop-stream -instcombine -simplifycfg -dce -globaldce -duplicate-dataflow-processes -stream-intrinsic-preproc -dce -check-ap-stream -loop-simplify -eliminate-keepreads -extract-dataflow-in-loop -loop-simplify -dce -gvn -deadargelim -dse -check-dataflow-syntax -legalize-stream-variable -legalize-global -extract-subproc -dce -dead-channel-elimination -canonicalize-gep -globaldce -dce -gvn -deadargelim -annotate-dataflow-channels -scalar-propagation -deadargelim -globaldce -mem2reg -check-dataflow-channels -function-stream -dce -globaldce -prop-fifo-spec -internal-stream-gen -canonicalize-gep -globaldce -dce -gvn -deadargelim -mergereturn -indvars -loop-simplify -instcombine -array-stream -array-seg-normalize -array-partition -func-legal -instcombine -simplifycfg -dce -bundle-memfifo-ops -deadargelim -function-uniquify -directive-preproc -mem2reg -dse -dce -group-axi-access -licm -simplifycfg -dce -loop-delete -norm-name /home/louart/Documents/these/partie_pratique/experience/c/demodulation_FM1/DemodulationFM/solution1/.autopilot/db/a.o.1.bc -o /home/louart/Documents/these/partie_pratique/experience/c/demodulation_FM1/DemodulationFM/solution1/.autopilot/db/a.o.1.tmp.bc -f 
Command         transform done; 0.17 sec.
INFO-FLOW: Presyn 2...
Execute         transform -hls -keep-callgraph -scalarrepl -mem2reg -port-alignment -attach-range -dce -pipe-mux-gen -indvars -loop-bound -inst-simplify -instcombine -dce -merge-array-access -mem2reg -dce -clean-region -mergereturn -if-conv -instcombine -dce -constprop -basicaa -aggr-aa -aggrmodref-aa -aggr-aa -gvn -gvn -basicaa -aggr-aa -aggrmodref-aa -aggr-aa -dse -adse -adce -scalarrepl -mem2reg -global-constprop -deadargelim -deadargelim -instcombine -dce -simplifycfg -ptrArgReplace -mem2reg -function-inline -globaldce -mem2reg -instcombine -dce -expr-balance -instcombine -dce -bitwidthmin -interface-preproc -directive-preproc -inst-rectify -instcombine -dce -functionattrs -constprop -instcombine -bit-constprop -simplify-global-access -globalopt -globaldce -inst-simplify -instcombine -elimdeaddata -dce -loop-delete -simplifycfg -loop-simplify -auto-burst -norm-name /home/louart/Documents/these/partie_pratique/experience/c/demodulation_FM1/DemodulationFM/solution1/.autopilot/db/a.o.1.tmp.bc -o /home/louart/Documents/these/partie_pratique/experience/c/demodulation_FM1/DemodulationFM/solution1/.autopilot/db/a.o.2.bc -f -phase presyn 
INFO: [XFORM 203-401] Performing if-conversion on hyperblock from (demodulation_FM.cpp:209:38) to (demodulation_FM.cpp:209:32) in function 'demodulationFM'... converting 5 basic blocks.
INFO: [XFORM 203-401] Performing if-conversion on hyperblock from (demodulation_FM.cpp:177:3) to (demodulation_FM.cpp:209:22) in function 'demodulationFM'... converting 7 basic blocks.
INFO: [XFORM 203-602] Inlining function 'cos_lookup' into 'demodulationFM' (demodulation_FM.cpp:188) automatically.
INFO: [XFORM 203-602] Inlining function 'sin_lookup' into 'demodulationFM' (demodulation_FM.cpp:188) automatically.
Command         transform done; 0.12 sec.
INFO: [HLS 200-111] Finished Pre-synthesis Time (s): cpu = 00:00:16 ; elapsed = 00:00:17 . Memory (MB): peak = 959.930 ; gain = 526.004 ; free physical = 442 ; free virtual = 5081
INFO-FLOW: Building ssdm...
Execute         transform -hls -function-uniquify -auto-function-inline -globaldce -ptrArgReplace -mem2reg -dce -reset-lda -loop-simplify -indvars -licm -loop-dep -loop-bound -licm -loop-simplify -flattenloopnest -array-flatten -gvn -instcombine -dce -array-map -dce -func-legal -gvn -adce -instcombine -cfgopt -simplifycfg -loop-simplify -array-burst -promote-global-argument -dce -ptrLegalization -axi4-lower -array-seg-normalize -basicaa -aggrmodref-aa -globalsmodref-aa -aggr-aa -gvn -gvn -basicaa -aggrmodref-aa -globalsmodref-aa -aggr-aa -dse -adse -adce -licm -inst-simplify -dce -globaldce -instcombine -array-stream -eliminate-keepreads -instcombine -dce -deadargelim -doublePtrSimplify -doublePtrElim -dce -doublePtrSimplify -promote-dbg-pointer -dce -scalarrepl -mem2reg -disaggr -norm-name -mem2reg -instcombine -dse -adse -adce -ptrLegalization -dce -auto-rom-infer -array-flatten -dce -instcombine -check-doubleptr -loop-rot -constprop -cfgopt -simplifycfg -loop-simplify -indvars -pointer-simplify -dce -loop-bound -loop-simplify -loop-preproc -constprop -global-constprop -gvn -mem2reg -instcombine -dce -loop-bound -loop-merge -dce -bitwidthmin -deadargelim -dce -canonicalize-dataflow -dce -scalar-propagation -deadargelim -globaldce -mem2reg -read-loop-dep -interface-preproc -directive-preproc -interface-gen -bram-byte-enable -deadargelim -inst-simplify -dce -gvn -mem2reg -instcombine -dce -adse -loop-bound -instcombine -cfgopt -simplifycfg -loop-simplify -clean-region -io-protocol -find-region -mem2reg -bitop-raise -complex-op-raise -inst-simplify -inst-rectify -instcombine -adce -deadargelim -loop-simplify -phi-opt -bitop-raise -cfgopt -simplifycfg -strip-dead-prototypes -interface-lower -bitop-lower -intrinsic-lower -auto-function-inline -basicaa -aggrmodref-aa -globalsmodref-aa -aggr-aa -inst-simplify -simplifycfg -loop-simplify -mergereturn -inst-simplify -inst-rectify -dce -load-elim -bitop-lower -loop-rewind -pointer-simplify -dce -cfgopt -dce -loop-bound -loop-dep -read-loop-dep -dce -check-stream -norm-name -legalize -validate-dataflow -inst-clarity -bitwidth -dump-loop-dep-to-ir -check-all-ssdm -cdfg-build /home/louart/Documents/these/partie_pratique/experience/c/demodulation_FM1/DemodulationFM/solution1/.autopilot/db/a.o.2.bc -o /home/louart/Documents/these/partie_pratique/experience/c/demodulation_FM1/DemodulationFM/solution1/.autopilot/db/a.o.3.bc -f -phase build-ssdm 
INFO: [HLS 200-472] Inferring partial write operation for 'hwin_Q.V' (demodulation_FM.cpp:97:154)
INFO: [HLS 200-472] Inferring partial write operation for 'hwin_I.V' (demodulation_FM.cpp:210:4)
INFO: [HLS 200-472] Inferring partial write operation for 'hwin_Q.V' (demodulation_FM.cpp:212:4)
Command         transform done; 0.2 sec.
INFO: [HLS 200-111] Finished Architecture Synthesis Time (s): cpu = 00:00:16 ; elapsed = 00:00:17 . Memory (MB): peak = 965.461 ; gain = 531.535 ; free physical = 445 ; free virtual = 5084
INFO-FLOW: Finish building internal data model.
Command       opt_and_import_c done; 1.86 sec.
Command     elaborate done; 15.36 sec.
Execute     autosyn -from_csynth_design=1 
INFO: [HLS 200-10] Starting hardware synthesis ...
INFO-FLOW: Synthesizing C/C++ design ...
INFO: [HLS 200-10] Synthesizing 'demodulationFM' ...
Execute       ap_set_top_model demodulationFM 
Execute       get_model_list demodulationFM -filter all-wo-channel -topdown 
Execute       preproc_iomode -model demodulationFM 
Execute       get_model_list demodulationFM -filter all-wo-channel 
INFO-FLOW: Model list for configure: demodulationFM
INFO-FLOW: Configuring Module : demodulationFM ...
Execute       set_default_model demodulationFM 
Execute       apply_spec_resource_limit demodulationFM 
INFO-FLOW: Model list for preprocess: demodulationFM
INFO-FLOW: Preprocessing Module: demodulationFM ...
Execute       set_default_model demodulationFM 
Execute       cdfg_preprocess -model demodulationFM 
Execute       rtl_gen_preprocess demodulationFM 
INFO-FLOW: Model list for synthesis: demodulationFM
INFO: [HLS 200-10] ----------------------------------------------------------------
INFO: [HLS 200-42] -- Implementing module 'demodulationFM' 
INFO: [HLS 200-10] ----------------------------------------------------------------
Execute       set_default_model demodulationFM 
Execute       schedule -model demodulationFM 
INFO: [SCHED 204-11] Starting scheduling ...
WARNING: [SCHED 204-21] Estimated clock period (8.771ns) exceeds the target (target clock period: 10ns, clock uncertainty: 1.25ns, effective delay budget: 8.75ns).
WARNING: [SCHED 204-21] The critical path in module 'demodulationFM' consists of the following:
	'mul' operation of DSP[289] ('r.V', demodulation_FM.cpp:228) [288]  (2.84 ns)
	'sub' operation of DSP[289] ('ret.V', demodulation_FM.cpp:228) [289]  (2.95 ns)
	'sdiv' operation ('sdiv_ln1148', demodulation_FM.cpp:228) [297]  (2.98 ns)
INFO: [SCHED 204-11] Finished scheduling.
Command       schedule done; 0.19 sec.
INFO: [HLS 200-111]  Elapsed time: 17.11 seconds; current allocated memory: 135.220 MB.
Execute       syn_report -verbosereport -o /home/louart/Documents/these/partie_pratique/experience/c/demodulation_FM1/DemodulationFM/solution1/.autopilot/db/demodulationFM.verbose.sched.rpt 
Execute       db_write -o /home/louart/Documents/these/partie_pratique/experience/c/demodulation_FM1/DemodulationFM/solution1/.autopilot/db/demodulationFM.sched.adb -f 
INFO-FLOW: Finish scheduling demodulationFM.
Execute       set_default_model demodulationFM 
Execute       bind -model demodulationFM 
BIND OPTION: model=demodulationFM
INFO: [BIND 205-100] Starting micro-architecture generation ...
INFO: [BIND 205-101] Performing variable lifetime analysis.
INFO: [BIND 205-101] Exploring resource sharing.
INFO: [BIND 205-101] Binding ...
INFO: [BIND 205-100] Finished micro-architecture generation.
INFO: [HLS 200-111]  Elapsed time: 0.17 seconds; current allocated memory: 136.454 MB.
Execute       syn_report -verbosereport -o /home/louart/Documents/these/partie_pratique/experience/c/demodulation_FM1/DemodulationFM/solution1/.autopilot/db/demodulationFM.verbose.bind.rpt 
Command       syn_report done; 0.19 sec.
Execute       db_write -o /home/louart/Documents/these/partie_pratique/experience/c/demodulation_FM1/DemodulationFM/solution1/.autopilot/db/demodulationFM.bind.adb -f 
INFO-FLOW: Finish binding demodulationFM.
Execute       get_model_list demodulationFM -filter all-wo-channel 
INFO-FLOW: Preprocessing for RTLGen ...
Execute       rtl_gen_preprocess demodulationFM 
INFO-FLOW: Model list for RTL generation: demodulationFM
INFO: [HLS 200-10] ----------------------------------------------------------------
INFO: [HLS 200-10] -- Generating RTL for module 'demodulationFM' 
INFO: [HLS 200-10] ----------------------------------------------------------------
Execute       get_config_rtl -module_prefix 
Execute       get_config_rtl -module_auto_prefix 
Execute       create_rtl_model demodulationFM -vendor xilinx -mg_file /home/louart/Documents/these/partie_pratique/experience/c/demodulation_FM1/DemodulationFM/solution1/.autopilot/db/demodulationFM.compgen.tcl 
INFO: [RTGEN 206-500] Setting interface mode on port 'demodulationFM/y_I_V_V' to 'ap_fifo'.
INFO: [RTGEN 206-500] Setting interface mode on port 'demodulationFM/y_Q_V_V' to 'ap_fifo'.
INFO: [RTGEN 206-500] Setting interface mode on port 'demodulationFM/y_demod_d_V_V' to 'ap_fifo'.
INFO: [RTGEN 206-500] Setting interface mode on function 'demodulationFM' to 'ap_ctrl_hs'.
INFO: [SYN 201-210] Renamed object name 'demodulationFM_cos_table' to 'demodulationFM_cobkb' due to the length limit 20
INFO: [SYN 201-210] Renamed object name 'demodulationFM_sin_table' to 'demodulationFM_sicud' due to the length limit 20
INFO: [SYN 201-210] Renamed object name 'demodulationFM_hwin_I_V' to 'demodulationFM_hwdEe' due to the length limit 20
INFO: [SYN 201-210] Renamed object name 'demodulationFM_hwin_Q_V' to 'demodulationFM_hweOg' due to the length limit 20
INFO: [SYN 201-210] Renamed object name 'demodulationFM_sdiv_60ns_37s_60_64_seq_1' to 'demodulationFM_sdfYi' due to the length limit 20
INFO: [SYN 201-210] Renamed object name 'demodulationFM_mul_mul_18s_9s_27_1_1' to 'demodulationFM_mug8j' due to the length limit 20
INFO: [SYN 201-210] Renamed object name 'demodulationFM_mac_muladd_9s_18s_27s_27_1_1' to 'demodulationFM_mahbi' due to the length limit 20
INFO: [SYN 201-210] Renamed object name 'demodulationFM_mul_mul_9s_18s_27_1_1' to 'demodulationFM_muibs' due to the length limit 20
INFO: [SYN 201-210] Renamed object name 'demodulationFM_mul_mul_18s_18s_36_1_1' to 'demodulationFM_mujbC' due to the length limit 20
INFO: [SYN 201-210] Renamed object name 'demodulationFM_mac_muladd_10ns_18s_32ns_32_1_1' to 'demodulationFM_makbM' due to the length limit 20
INFO: [SYN 201-210] Renamed object name 'demodulationFM_mac_mulsub_18s_18s_36s_36_1_1' to 'demodulationFM_malbW' due to the length limit 20
INFO: [SYN 201-210] Renamed object name 'demodulationFM_mac_muladd_18s_18s_36s_37_1_1' to 'demodulationFM_mamb6' due to the length limit 20
INFO: [RTGEN 206-100] Generating core module 'demodulationFM_mahbi': 1 instance(s).
INFO: [RTGEN 206-100] Generating core module 'demodulationFM_makbM': 2 instance(s).
INFO: [RTGEN 206-100] Generating core module 'demodulationFM_malbW': 1 instance(s).
INFO: [RTGEN 206-100] Generating core module 'demodulationFM_mamb6': 1 instance(s).
INFO: [RTGEN 206-100] Generating core module 'demodulationFM_mug8j': 1 instance(s).
INFO: [RTGEN 206-100] Generating core module 'demodulationFM_muibs': 2 instance(s).
INFO: [RTGEN 206-100] Generating core module 'demodulationFM_mujbC': 2 instance(s).
INFO: [RTGEN 206-100] Generating core module 'demodulationFM_sdfYi': 1 instance(s).
INFO: [RTGEN 206-100] Finished creating RTL model for 'demodulationFM'.
INFO: [HLS 200-111]  Elapsed time: 0.27 seconds; current allocated memory: 138.843 MB.
Execute       source /home/louart/Documents/these/partie_pratique/experience/c/demodulation_FM1/DemodulationFM/solution1/.autopilot/db/demodulationFM.rtl_wrap.cfg.tcl 
Execute       gen_rtl demodulationFM -istop -style xilinx -tracefl mytrace -tracefmt vcd -traceopt all -f -lang sc -o /home/louart/Documents/these/partie_pratique/experience/c/demodulation_FM1/DemodulationFM/solution1/syn/systemc/demodulationFM -synmodules demodulationFM 
Execute       gen_rtl demodulationFM -istop -style xilinx -f -lang vhdl -o /home/louart/Documents/these/partie_pratique/experience/c/demodulation_FM1/DemodulationFM/solution1/syn/vhdl/demodulationFM 
Execute       gen_rtl demodulationFM -istop -style xilinx -f -lang vlog -o /home/louart/Documents/these/partie_pratique/experience/c/demodulation_FM1/DemodulationFM/solution1/syn/verilog/demodulationFM 
Execute       syn_report -csynth -model demodulationFM -o /home/louart/Documents/these/partie_pratique/experience/c/demodulation_FM1/DemodulationFM/solution1/syn/report/demodulationFM_csynth.rpt 
Execute       syn_report -rtlxml -model demodulationFM -o /home/louart/Documents/these/partie_pratique/experience/c/demodulation_FM1/DemodulationFM/solution1/syn/report/demodulationFM_csynth.xml 
Execute       syn_report -verbosereport -model demodulationFM -o /home/louart/Documents/these/partie_pratique/experience/c/demodulation_FM1/DemodulationFM/solution1/.autopilot/db/demodulationFM.verbose.rpt 
Command       syn_report done; 0.2 sec.
Execute       db_write -model demodulationFM -f -o /home/louart/Documents/these/partie_pratique/experience/c/demodulation_FM1/DemodulationFM/solution1/.autopilot/db/demodulationFM.adb 
Execute       gen_tb_info demodulationFM -p /home/louart/Documents/these/partie_pratique/experience/c/demodulation_FM1/DemodulationFM/solution1/.autopilot/db -o /home/louart/Documents/these/partie_pratique/experience/c/demodulation_FM1/DemodulationFM/solution1/.autopilot/db/demodulationFM 
Execute       export_constraint_db -f -tool general -o /home/louart/Documents/these/partie_pratique/experience/c/demodulation_FM1/DemodulationFM/solution1/.autopilot/db/demodulationFM.constraint.tcl 
Execute       syn_report -designview -model demodulationFM -o /home/louart/Documents/these/partie_pratique/experience/c/demodulation_FM1/DemodulationFM/solution1/.autopilot/db/demodulationFM.design.xml 
Execute       get_config_rtl -disable_wave_debug 
Execute       syn_report -wcfg -model demodulationFM -o /home/louart/Documents/these/partie_pratique/experience/c/demodulation_FM1/DemodulationFM/solution1/.autopilot/db/demodulationFM_dataflow_ana.wcfg 
Execute       syn_report -protoinst -model demodulationFM -o /home/louart/Documents/these/partie_pratique/experience/c/demodulation_FM1/DemodulationFM/solution1/.autopilot/db/demodulationFM.protoinst 
Execute       get_config_debug -directory 
Execute       sc_get_clocks demodulationFM 
Execute       get_config_export -vivado_clock 
Execute       sc_get_portdomain demodulationFM 
INFO-FLOW: Model list for RTL component generation: demodulationFM
INFO-FLOW: Handling components in module [demodulationFM] ... 
Execute       source /home/louart/Documents/these/partie_pratique/experience/c/demodulation_FM1/DemodulationFM/solution1/.autopilot/db/demodulationFM.compgen.tcl 
INFO-FLOW: Found component demodulationFM_sdfYi.
INFO-FLOW: Append model demodulationFM_sdfYi
INFO-FLOW: Found component demodulationFM_mug8j.
INFO-FLOW: Append model demodulationFM_mug8j
INFO-FLOW: Found component demodulationFM_mahbi.
INFO-FLOW: Append model demodulationFM_mahbi
INFO-FLOW: Found component demodulationFM_muibs.
INFO-FLOW: Append model demodulationFM_muibs
INFO-FLOW: Found component demodulationFM_mujbC.
INFO-FLOW: Append model demodulationFM_mujbC
INFO-FLOW: Found component demodulationFM_makbM.
INFO-FLOW: Append model demodulationFM_makbM
INFO-FLOW: Found component demodulationFM_malbW.
INFO-FLOW: Append model demodulationFM_malbW
INFO-FLOW: Found component demodulationFM_mamb6.
INFO-FLOW: Append model demodulationFM_mamb6
INFO-FLOW: Found component demodulationFM_cobkb.
INFO-FLOW: Append model demodulationFM_cobkb
INFO-FLOW: Found component demodulationFM_sicud.
INFO-FLOW: Append model demodulationFM_sicud
INFO-FLOW: Found component demodulationFM_coef.
INFO-FLOW: Append model demodulationFM_coef
INFO-FLOW: Found component demodulationFM_hwdEe.
INFO-FLOW: Append model demodulationFM_hwdEe
INFO-FLOW: Found component demodulationFM_hweOg.
INFO-FLOW: Append model demodulationFM_hweOg
INFO-FLOW: Append model demodulationFM
INFO-FLOW: Generating RTL model list ...
INFO-FLOW: All models in this session: demodulationFM_sdfYi demodulationFM_mug8j demodulationFM_mahbi demodulationFM_muibs demodulationFM_mujbC demodulationFM_makbM demodulationFM_malbW demodulationFM_mamb6 demodulationFM_cobkb demodulationFM_sicud demodulationFM_coef demodulationFM_hwdEe demodulationFM_hweOg demodulationFM
INFO-FLOW: To file: write model demodulationFM_sdfYi
INFO-FLOW: To file: write model demodulationFM_mug8j
INFO-FLOW: To file: write model demodulationFM_mahbi
INFO-FLOW: To file: write model demodulationFM_muibs
INFO-FLOW: To file: write model demodulationFM_mujbC
INFO-FLOW: To file: write model demodulationFM_makbM
INFO-FLOW: To file: write model demodulationFM_malbW
INFO-FLOW: To file: write model demodulationFM_mamb6
INFO-FLOW: To file: write model demodulationFM_cobkb
INFO-FLOW: To file: write model demodulationFM_sicud
INFO-FLOW: To file: write model demodulationFM_coef
INFO-FLOW: To file: write model demodulationFM_hwdEe
INFO-FLOW: To file: write model demodulationFM_hweOg
INFO-FLOW: To file: write model demodulationFM
INFO-FLOW: Finished generating RTL model list.


INFO-FLOW: RTL Generation done.
INFO-FLOW: CAS Generation done.
INFO-FLOW: CBC Generation done.
Execute       syn_report -model demodulationFM -printsummary 
INFO: [HLS 200-790] **** Loop Constraint Status: All loop constraints were satisfied.
INFO: [HLS 200-789] **** Estimated Fmax: 114.01 MHz
INFO-FLOW: DBG:CMD: auto_generate_csynth_design
INFO-FLOW: DBG:CMD:     auto_generate --sim-model -phase csynth_design -d /home/louart/Documents/these/partie_pratique/experience/c/demodulation_FM1/DemodulationFM/solution1
Execute       source /home/louart/Documents/these/partie_pratique/experience/c/demodulation_FM1/DemodulationFM/solution1/.autopilot/db/global.setting.tcl 
INFO-FLOW: DBG:CMD: read_platform_lib /home/louart/Documents/these/partie_pratique/experience/c/demodulation_FM1/DemodulationFM/solution1/.autopilot/db/global.setting.tcl
Execute       source /opt/Xilinx/Vivado/2019.2/common/technology/generic/autopilot/common.gen 
Execute         source /opt/Xilinx/Vivado/2019.2/common/technology/generic/autopilot/APCoreGen.gen 
Execute       source /opt/Xilinx/Vivado/2019.2/common/technology/generic/autopilot/op.gen 
Execute       source /opt/Xilinx/Vivado/2019.2/common/technology/generic/autopilot/op_simcore.gen 
Execute       source /opt/Xilinx/Vivado/2019.2/common/technology/generic/autopilot/interface.gen 
Execute       source /home/louart/Documents/these/partie_pratique/experience/c/demodulation_FM1/DemodulationFM/solution1/.autopilot/db/global.setting.tcl 
Execute       source /opt/Xilinx/Vivado/2019.2/common/technology/xilinx/kintex7/kintex7.gen 
Execute         source /opt/Xilinx/Vivado/2019.2/common/technology/xilinx/common/xilinx.gen 
Execute           source /opt/Xilinx/Vivado/2019.2/common/technology/xilinx/interface/plb46.gen 
Execute           source /opt/Xilinx/Vivado/2019.2/common/technology/xilinx/interface/fsl.gen 
Execute           source /opt/Xilinx/Vivado/2019.2/common/technology/xilinx/interface/axi4.gen 
Execute           source /opt/Xilinx/Vivado/2019.2/common/technology/xilinx/interface/nativeAXI4.gen 
Execute             source /opt/Xilinx/Vivado/2019.2/common/technology/xilinx/interface/saxilite.gen 
Execute             source /opt/Xilinx/Vivado/2019.2/common/technology/xilinx/interface/maxi.gen 
Execute           source /opt/Xilinx/Vivado/2019.2/common/technology/xilinx/scripts/xilinxcoregen.gen 
Execute           source /opt/Xilinx/Vivado/2019.2/common/technology/xilinx/interface/XilEDKCoreGen.gen 
Execute           source /opt/Xilinx/Vivado/2019.2/common/technology/xilinx/ip/dds_compiler.gen 
Execute           source /opt/Xilinx/Vivado/2019.2/common/technology/xilinx/ip/util.gen 
Execute           source /opt/Xilinx/Vivado/2019.2/common/technology/xilinx/ip/xfft.gen 
Execute           source /opt/Xilinx/Vivado/2019.2/common/technology/xilinx/ip/xfir.gen 
Execute           source /opt/Xilinx/Vivado/2019.2/common/technology/xilinx/common/dsp48.gen 
Execute       source /opt/Xilinx/Vivado/2019.2/common/technology/xilinx/kintex7/kintex7_fpv6.gen 
Execute         source /opt/Xilinx/Vivado/2019.2/common/technology/xilinx/common/xilinx_fp.gen 
INFO-FLOW: DBG:CMD:   using AESL_AUTOCG::g_clock_period=10.000 (was NA)
INFO-FLOW: DBG:CMD:       generate_ip_cores sim=1 export=0 expOnly=0 dstVlogDir=syn/verilog
Execute       source /home/louart/Documents/these/partie_pratique/experience/c/demodulation_FM1/DemodulationFM/solution1/.autopilot/db/global.setting.tcl 
Execute       ap_part_info -name xc7k70t-fbv676-1 -data names -quiet 
Execute       ap_part_info -name xc7k70t-fbv676-1 -data info -quiet 
Execute       source /home/louart/Documents/these/partie_pratique/experience/c/demodulation_FM1/DemodulationFM/solution1/.autopilot/db/global.setting.tcl 
Execute       source /home/louart/Documents/these/partie_pratique/experience/c/demodulation_FM1/DemodulationFM/solution1/.autopilot/db/global.setting.tcl 
Execute       source /home/louart/Documents/these/partie_pratique/experience/c/demodulation_FM1/DemodulationFM/solution1/.autopilot/db/demodulationFM.compgen.tcl 
Execute         ap_part_info -name xc7k70t-fbv676-1 -data names -quiet 
Execute         ap_part_info -name xc7k70t-fbv676-1 -data info -quiet 
INFO: [RTMG 210-282] Generating pipelined core: 'demodulationFM_sdfYi_div'
Execute         ap_part_info -name xc7k70t-fbv676-1 -data names -quiet 
Execute         ap_part_info -name xc7k70t-fbv676-1 -data info -quiet 
Execute         ap_part_info -name xc7k70t-fbv676-1 -data names -quiet 
Execute         ap_part_info -name xc7k70t-fbv676-1 -data info -quiet 
Execute         ap_part_info -name xc7k70t-fbv676-1 -data info 
Execute         ap_part_info -name xc7k70t-fbv676-1 -data names -quiet 
Execute         ap_part_info -name xc7k70t-fbv676-1 -data info -quiet 
Execute         ap_part_info -name xc7k70t-fbv676-1 -data names -quiet 
Execute         ap_part_info -name xc7k70t-fbv676-1 -data info -quiet 
Execute         ap_part_info -name xc7k70t-fbv676-1 -data names -quiet 
Execute         ap_part_info -name xc7k70t-fbv676-1 -data info -quiet 
Execute         ap_part_info -name xc7k70t-fbv676-1 -data info 
Execute         ap_part_info -name xc7k70t-fbv676-1 -data names -quiet 
Execute         ap_part_info -name xc7k70t-fbv676-1 -data info -quiet 
Execute         ap_part_info -name xc7k70t-fbv676-1 -data info 
Execute         ap_part_info -name xc7k70t-fbv676-1 -data names -quiet 
Execute         ap_part_info -name xc7k70t-fbv676-1 -data info -quiet 
Execute         ap_part_info -name xc7k70t-fbv676-1 -data info 
Execute         ap_part_info -name xc7k70t-fbv676-1 -data names -quiet 
Execute         ap_part_info -name xc7k70t-fbv676-1 -data info -quiet 
INFO: [RTMG 210-279] Implementing memory 'demodulationFM_cobkb_rom' using distributed ROMs.
Execute         ap_part_info -name xc7k70t-fbv676-1 -data names -quiet 
Execute         ap_part_info -name xc7k70t-fbv676-1 -data info -quiet 
Execute         ap_part_info -name xc7k70t-fbv676-1 -data names -quiet 
Execute         ap_part_info -name xc7k70t-fbv676-1 -data info -quiet 
Execute         ap_part_info -name xc7k70t-fbv676-1 -data names -quiet 
Execute         ap_part_info -name xc7k70t-fbv676-1 -data info -quiet 
INFO: [RTMG 210-279] Implementing memory 'demodulationFM_sicud_rom' using distributed ROMs.
Execute         ap_part_info -name xc7k70t-fbv676-1 -data names -quiet 
Execute         ap_part_info -name xc7k70t-fbv676-1 -data info -quiet 
Execute         ap_part_info -name xc7k70t-fbv676-1 -data names -quiet 
Execute         ap_part_info -name xc7k70t-fbv676-1 -data info -quiet 
Execute         ap_part_info -name xc7k70t-fbv676-1 -data names -quiet 
Execute         ap_part_info -name xc7k70t-fbv676-1 -data info -quiet 
INFO: [RTMG 210-279] Implementing memory 'demodulationFM_coef_rom' using distributed ROMs.
Execute         ap_part_info -name xc7k70t-fbv676-1 -data names -quiet 
Execute         ap_part_info -name xc7k70t-fbv676-1 -data info -quiet 
Execute         ap_part_info -name xc7k70t-fbv676-1 -data names -quiet 
Execute         ap_part_info -name xc7k70t-fbv676-1 -data info -quiet 
INFO: [RTMG 210-278] Implementing memory 'demodulationFM_hwdEe_ram (RAM)' using distributed RAMs.
Execute         ap_part_info -name xc7k70t-fbv676-1 -data names -quiet 
Execute         ap_part_info -name xc7k70t-fbv676-1 -data info -quiet 
INFO: [RTMG 210-278] Implementing memory 'demodulationFM_hweOg_ram (RAM)' using block RAMs.
Execute         ap_part_info -name xc7k70t-fbv676-1 -data names -quiet 
Execute         ap_part_info -name xc7k70t-fbv676-1 -data info -quiet 
Command       ap_source done; 0.18 sec.
INFO-FLOW: DBG:CMD:     auto_generate -export -impltomg_flag -rtl both -tool Vivado -pcore_version 1.00.a -phase csynth_design -d /home/louart/Documents/these/partie_pratique/experience/c/demodulation_FM1/DemodulationFM/solution1
Execute       source /home/louart/Documents/these/partie_pratique/experience/c/demodulation_FM1/DemodulationFM/solution1/.autopilot/db/global.setting.tcl 
INFO-FLOW: DBG:CMD: read_platform_lib /home/louart/Documents/these/partie_pratique/experience/c/demodulation_FM1/DemodulationFM/solution1/.autopilot/db/global.setting.tcl
Execute       source /opt/Xilinx/Vivado/2019.2/common/technology/generic/autopilot/common.gen 
Execute         source /opt/Xilinx/Vivado/2019.2/common/technology/generic/autopilot/APCoreGen.gen 
Execute       source /opt/Xilinx/Vivado/2019.2/common/technology/generic/autopilot/op.gen 
Execute       source /opt/Xilinx/Vivado/2019.2/common/technology/generic/autopilot/op_simcore.gen 
Execute       source /opt/Xilinx/Vivado/2019.2/common/technology/generic/autopilot/interface.gen 
Execute       source /home/louart/Documents/these/partie_pratique/experience/c/demodulation_FM1/DemodulationFM/solution1/.autopilot/db/global.setting.tcl 
Execute       source /opt/Xilinx/Vivado/2019.2/common/technology/xilinx/kintex7/kintex7.gen 
Execute         source /opt/Xilinx/Vivado/2019.2/common/technology/xilinx/common/xilinx.gen 
Execute           source /opt/Xilinx/Vivado/2019.2/common/technology/xilinx/interface/plb46.gen 
Execute           source /opt/Xilinx/Vivado/2019.2/common/technology/xilinx/interface/fsl.gen 
Execute           source /opt/Xilinx/Vivado/2019.2/common/technology/xilinx/interface/axi4.gen 
Execute           source /opt/Xilinx/Vivado/2019.2/common/technology/xilinx/interface/nativeAXI4.gen 
Execute             source /opt/Xilinx/Vivado/2019.2/common/technology/xilinx/interface/saxilite.gen 
Execute             source /opt/Xilinx/Vivado/2019.2/common/technology/xilinx/interface/maxi.gen 
Execute           source /opt/Xilinx/Vivado/2019.2/common/technology/xilinx/scripts/xilinxcoregen.gen 
Execute           source /opt/Xilinx/Vivado/2019.2/common/technology/xilinx/interface/XilEDKCoreGen.gen 
Execute           source /opt/Xilinx/Vivado/2019.2/common/technology/xilinx/ip/dds_compiler.gen 
Execute           source /opt/Xilinx/Vivado/2019.2/common/technology/xilinx/ip/util.gen 
Execute           source /opt/Xilinx/Vivado/2019.2/common/technology/xilinx/ip/xfft.gen 
Execute           source /opt/Xilinx/Vivado/2019.2/common/technology/xilinx/ip/xfir.gen 
Execute           source /opt/Xilinx/Vivado/2019.2/common/technology/xilinx/common/dsp48.gen 
Execute       source /opt/Xilinx/Vivado/2019.2/common/technology/xilinx/kintex7/kintex7_fpv6.gen 
Execute         source /opt/Xilinx/Vivado/2019.2/common/technology/xilinx/common/xilinx_fp.gen 
INFO-FLOW: DBG:CMD:       initCTypeInfo top_module=demodulationFM xml_exists=0
Execute       source /home/louart/Documents/these/partie_pratique/experience/c/demodulation_FM1/DemodulationFM/solution1/.autopilot/db/demodulationFM.rtl_wrap.cfg.tcl 
Execute       source /home/louart/Documents/these/partie_pratique/experience/c/demodulation_FM1/DemodulationFM/solution1/.autopilot/db/demodulationFM.rtl_wrap.cfg.tcl 
Execute       source /home/louart/Documents/these/partie_pratique/experience/c/demodulation_FM1/DemodulationFM/solution1/.autopilot/db/demodulationFM.rtl_wrap.cfg.tcl 
Execute       source /home/louart/Documents/these/partie_pratique/experience/c/demodulation_FM1/DemodulationFM/solution1/.autopilot/db/demodulationFM.tbgen.tcl 
Execute       source /home/louart/Documents/these/partie_pratique/experience/c/demodulation_FM1/DemodulationFM/solution1/.autopilot/db/demodulationFM.tbgen.tcl 
INFO-FLOW: DBG:CMD:       export_impl_rtl
INFO-FLOW: DBG:CMD:       generate_ip_cores sim=0 export=0 expOnly=0 dstVlogDir=impl/.verilog
Execute       source /home/louart/Documents/these/partie_pratique/experience/c/demodulation_FM1/DemodulationFM/solution1/.autopilot/db/global.setting.tcl 
Execute       source /home/louart/Documents/these/partie_pratique/experience/c/demodulation_FM1/DemodulationFM/solution1/.autopilot/db/demodulationFM.compgen.tcl 
INFO-FLOW: DBG:CMD:       generate_ip_cores sim=0 export=1 expOnly=1 dstVlogDir=impl/.pcores/verilog
Execute       source /home/louart/Documents/these/partie_pratique/experience/c/demodulation_FM1/DemodulationFM/solution1/.autopilot/db/global.setting.tcl 
Execute       source /home/louart/Documents/these/partie_pratique/experience/c/demodulation_FM1/DemodulationFM/solution1/.autopilot/db/demodulationFM.compgen.tcl 
Execute         ap_part_info -name xc7k70t-fbv676-1 -data names -quiet 
Execute         ap_part_info -name xc7k70t-fbv676-1 -data info -quiet 
Execute         ap_part_info -name xc7k70t-fbv676-1 -data names -quiet 
Execute         ap_part_info -name xc7k70t-fbv676-1 -data info -quiet 
Execute         ap_part_info -name xc7k70t-fbv676-1 -data names -quiet 
Execute         ap_part_info -name xc7k70t-fbv676-1 -data info -quiet 
Execute         ap_part_info -name xc7k70t-fbv676-1 -data names -quiet 
Execute         ap_part_info -name xc7k70t-fbv676-1 -data info -quiet 
Execute         ap_part_info -name xc7k70t-fbv676-1 -data names -quiet 
Execute         ap_part_info -name xc7k70t-fbv676-1 -data info -quiet 
Execute         ap_part_info -name xc7k70t-fbv676-1 -data names -quiet 
Execute         ap_part_info -name xc7k70t-fbv676-1 -data info -quiet 
Execute         ap_part_info -name xc7k70t-fbv676-1 -data names -quiet 
Execute         ap_part_info -name xc7k70t-fbv676-1 -data info -quiet 
Execute         ap_part_info -name xc7k70t-fbv676-1 -data names -quiet 
Execute         ap_part_info -name xc7k70t-fbv676-1 -data info -quiet 
Execute         ap_part_info -name xc7k70t-fbv676-1 -data names -quiet 
Execute         ap_part_info -name xc7k70t-fbv676-1 -data info -quiet 
Execute         ap_part_info -name xc7k70t-fbv676-1 -data names -quiet 
Execute         ap_part_info -name xc7k70t-fbv676-1 -data info -quiet 
Execute         ap_part_info -name xc7k70t-fbv676-1 -data names -quiet 
Execute         ap_part_info -name xc7k70t-fbv676-1 -data info -quiet 
Execute       ap_part_info -name xc7k70t-fbv676-1 -data names -quiet 
Execute       ap_part_info -name xc7k70t-fbv676-1 -data info -quiet 
INFO-FLOW: DBG:CMD:       generate_ip_cores sim=0 export=0 expOnly=0 dstVlogDir=impl/.pcores/verilog_sim
Execute       source /home/louart/Documents/these/partie_pratique/experience/c/demodulation_FM1/DemodulationFM/solution1/.autopilot/db/global.setting.tcl 
Execute       source /home/louart/Documents/these/partie_pratique/experience/c/demodulation_FM1/DemodulationFM/solution1/.autopilot/db/demodulationFM.compgen.tcl 
Execute       ap_part_info -name xc7k70t-fbv676-1 -data names -quiet 
Execute       ap_part_info -name xc7k70t-fbv676-1 -data info -quiet 
Execute       ap_part_info -name xc7k70t-fbv676-1 -data names -quiet 
Execute       ap_part_info -name xc7k70t-fbv676-1 -data info -quiet 
Execute       source /home/louart/Documents/these/partie_pratique/experience/c/demodulation_FM1/DemodulationFM/solution1/.autopilot/db/global.setting.tcl 
Execute       ap_part_info -name xc7k70t-fbv676-1 -data names -quiet 
Execute       ap_part_info -name xc7k70t-fbv676-1 -data info -quiet 
Execute       source /home/louart/Documents/these/partie_pratique/experience/c/demodulation_FM1/DemodulationFM/solution1/.autopilot/db/demodulationFM.constraint.tcl 
Execute       source /home/louart/Documents/these/partie_pratique/experience/c/demodulation_FM1/DemodulationFM/solution1/.autopilot/db/demodulationFM.tbgen.tcl 
INFO-FLOW: DBG:CMD:       hasPcoreIpAdapter=false #gSsdmPorts=10
INFO-FLOW: DBG:CMD: Skipping loadAnalyze_DB, #g_database=4
INFO-FLOW: DBG:CMD:       generate_json is_phase_csynth=1 g_has_adaptors=false generate_bd_files=0 #modelList=14 #gSsdmPorts=10
Execute       source /opt/Xilinx/Vivado/2019.2/tps/tcl/tcllib1.11.1/fileutil/fileutil.tcl 
Execute         source /opt/Xilinx/Vivado/2019.2/tps/tcl/tcllib1.11.1/cmdline/cmdline.tcl 
Execute       source /home/louart/Documents/these/partie_pratique/experience/c/demodulation_FM1/DemodulationFM/solution1/.autopilot/db/global.setting.tcl 
Execute       source /home/louart/Documents/these/partie_pratique/experience/c/demodulation_FM1/DemodulationFM/solution1/.autopilot/db/global.setting.tcl 
Execute       get_config_export -xo 
Execute       source /home/louart/Documents/these/partie_pratique/experience/c/demodulation_FM1/DemodulationFM/solution1/.autopilot/db/demodulationFM.tbgen.tcl 
Execute       source /home/louart/Documents/these/partie_pratique/experience/c/demodulation_FM1/DemodulationFM/solution1/.autopilot/db/demodulationFM.tbgen.tcl 
Execute       source /home/louart/Documents/these/partie_pratique/experience/c/demodulation_FM1/DemodulationFM/solution1/.autopilot/db/demodulationFM.tbgen.tcl 
Execute       source /home/louart/Documents/these/partie_pratique/experience/c/demodulation_FM1/DemodulationFM/solution1/.autopilot/db/demodulationFM.tbgen.tcl 
Execute       source /home/louart/Documents/these/partie_pratique/experience/c/demodulation_FM1/DemodulationFM/solution1/.autopilot/db/global.setting.tcl 
Execute       get_config_sdx -target 
Execute       source /home/louart/Documents/these/partie_pratique/experience/c/demodulation_FM1/DemodulationFM/solution1/.autopilot/db/demodulationFM.rtl_wrap.cfg.tcl 
Execute       source /home/louart/Documents/these/partie_pratique/experience/c/demodulation_FM1/DemodulationFM/solution1/.autopilot/db/demodulationFM.compgen.dataonly.tcl 
Execute       source /home/louart/Documents/these/partie_pratique/experience/c/demodulation_FM1/DemodulationFM/solution1/.autopilot/db/global.setting.tcl 
Execute       ap_part_info -name xc7k70t-fbv676-1 -data names -quiet 
Execute       ap_part_info -name xc7k70t-fbv676-1 -data info -quiet 
Execute       source /home/louart/Documents/these/partie_pratique/experience/c/demodulation_FM1/DemodulationFM/solution1/.autopilot/db/demodulationFM.constraint.tcl 
Execute       sc_get_clocks demodulationFM 
Execute       ap_part_info -name xc7k70t-fbv676-1 -data names -quiet 
Execute       ap_part_info -name xc7k70t-fbv676-1 -data info -quiet 
Execute       source /home/louart/Documents/these/partie_pratique/experience/c/demodulation_FM1/DemodulationFM/solution1/.autopilot/db/global.setting.tcl 
Execute       get_config_debug -directory 
Execute       source /home/louart/Documents/these/partie_pratique/experience/c/demodulation_FM1/DemodulationFM/solution1/.autopilot/db/demodulationFM.tbgen.tcl 
Execute       get_config_sdx -target 
Execute       get_config_sdx -profile 
Execute       get_config_rtl -kernel_profile 
Execute       get_config_rtl -stall_sig_gen 
Execute       get_config_rtl -profile 
INFO-FLOW: DBG:CMD: add_json_sdx_info kernel file does not exist, skipping opencl info: /home/louart/Documents/these/partie_pratique/experience/c/demodulation_FM1/DemodulationFM/solution1/.autopilot/db/kernel.internal.xml
INFO-FLOW: DBG:CMD:       delete-temp-dirs (skipped for debug)
INFO: [HLS 200-111] Finished generating all RTL models Time (s): cpu = 00:00:18 ; elapsed = 00:00:19 . Memory (MB): peak = 966.461 ; gain = 532.535 ; free physical = 413 ; free virtual = 5067
INFO: [VHDL 208-304] Generating VHDL RTL for demodulationFM.
INFO: [VLOG 209-307] Generating Verilog RTL for demodulationFM.
Command     autosyn done; 1.76 sec.
Command   csynth_design done; 17.13 sec.
Command ap_source done; 18.49 sec.
Execute cleanup_all 
