INFO-FLOW: Workspace /home/louart/Documents/these/partie_pratique/experience/c/demodulationFM_RAM/demodulationFM/solution1 opened at Tue Apr 28 17:37:23 CEST 2020
Execute     config_clock -quiet -name default -period 10 -default=false 
INFO: [SYN 201-201] Setting up clock 'default' with a period of 10ns.
WARNING: [HLS 200-40] Cannot find library '/opt/Xilinx/Vivado/2019.2/common/technology/xilinx/Kintex-7/Kintex-7.lib'.
WARNING: [HLS 200-40] Cannot find library 'xilinx/Kintex-7/Kintex-7'.
Execute     open_platform DefaultPlatform 
Execute     import_lib /opt/Xilinx/Vivado/2019.2/common/technology/xilinx/kintex7/kintex7 
Execute       source /opt/Xilinx/Vivado/2019.2/common/technology/xilinx/common/xilinx.lib 
Execute         source /opt/Xilinx/Vivado/2019.2/common/technology/xilinx/interface/xilinx_interface.lib 
Execute           source /opt/Xilinx/Vivado/2019.2/common/technology/xilinx/interface/plb46.lib 
Execute           source /opt/Xilinx/Vivado/2019.2/common/technology/xilinx/interface/fsl.lib 
Execute           source /opt/Xilinx/Vivado/2019.2/common/technology/xilinx/interface/axi4.lib 
Execute           source /opt/Xilinx/Vivado/2019.2/common/technology/xilinx/interface/maxi.lib 
Execute           source /opt/Xilinx/Vivado/2019.2/common/technology/xilinx/interface/saxilite.lib 
Execute         source /opt/Xilinx/Vivado/2019.2/common/technology/xilinx/common/dsp48.lib 
Execute         source /opt/Xilinx/Vivado/2019.2/common/technology/xilinx/ip/dds_compiler.lib 
Execute         source /opt/Xilinx/Vivado/2019.2/common/technology/xilinx/ip/xfft.lib 
Execute         source /opt/Xilinx/Vivado/2019.2/common/technology/xilinx/ip/xfir.lib 
Execute       source /opt/Xilinx/Vivado/2019.2/common/technology/xilinx/common/xilinx.hlp 
Execute         source /opt/Xilinx/Vivado/2019.2/common/technology/xilinx/common/target_info.tcl 
Execute         source /opt/Xilinx/Vivado/2019.2/common/technology/xilinx/interface/xilinx_interface.hlp 
Execute           source /opt/Xilinx/Vivado/2019.2/common/technology/xilinx/interface/maxi.hlp 
Execute           source /opt/Xilinx/Vivado/2019.2/common/technology/xilinx/interface/saxilite.hlp 
Execute         source /opt/Xilinx/Vivado/2019.2/common/technology/xilinx/common/dsp48.hlp 
Execute       source /opt/Xilinx/Vivado/2019.2/common/technology/xilinx/kintex7/dsp48e1.hlp 
Execute       source /opt/Xilinx/Vivado/2019.2/common/technology/xilinx/common/xilinx.hlp 
Execute         source /opt/Xilinx/Vivado/2019.2/common/technology/xilinx/common/target_info.tcl 
Execute         source /opt/Xilinx/Vivado/2019.2/common/technology/xilinx/interface/xilinx_interface.hlp 
Execute           source /opt/Xilinx/Vivado/2019.2/common/technology/xilinx/interface/maxi.hlp 
Execute           source /opt/Xilinx/Vivado/2019.2/common/technology/xilinx/interface/saxilite.hlp 
Execute         source /opt/Xilinx/Vivado/2019.2/common/technology/xilinx/common/dsp48.hlp 
Execute     source /opt/Xilinx/Vivado/2019.2/common/technology/xilinx/kintex7/kintex7.gen 
Execute       source /opt/Xilinx/Vivado/2019.2/common/technology/xilinx/common/xilinx.gen 
Execute         source /opt/Xilinx/Vivado/2019.2/common/technology/xilinx/interface/plb46.gen 
Execute         source /opt/Xilinx/Vivado/2019.2/common/technology/xilinx/interface/fsl.gen 
Execute         source /opt/Xilinx/Vivado/2019.2/common/technology/xilinx/interface/axi4.gen 
Execute         source /opt/Xilinx/Vivado/2019.2/common/technology/xilinx/interface/nativeAXI4.gen 
Execute           source /opt/Xilinx/Vivado/2019.2/common/technology/xilinx/interface/saxilite.gen 
Execute           source /opt/Xilinx/Vivado/2019.2/common/technology/xilinx/interface/maxi.gen 
Execute         source /opt/Xilinx/Vivado/2019.2/common/technology/xilinx/scripts/xilinxcoregen.gen 
Execute         source /opt/Xilinx/Vivado/2019.2/common/technology/xilinx/interface/XilEDKCoreGen.gen 
Execute         source /opt/Xilinx/Vivado/2019.2/common/technology/xilinx/ip/dds_compiler.gen 
Execute         source /opt/Xilinx/Vivado/2019.2/common/technology/xilinx/ip/util.gen 
Execute         source /opt/Xilinx/Vivado/2019.2/common/technology/xilinx/ip/xfft.gen 
Execute         source /opt/Xilinx/Vivado/2019.2/common/technology/xilinx/ip/xfir.gen 
Execute         source /opt/Xilinx/Vivado/2019.2/common/technology/xilinx/common/dsp48.gen 
Execute     open_platform DefaultPlatform 
Execute     import_lib /opt/Xilinx/Vivado/2019.2/common/technology/xilinx/kintex7/kintex7_fpv6 
Execute       source /opt/Xilinx/Vivado/2019.2/common/technology/xilinx/common/xilinx_fp.lib 
Execute       source /opt/Xilinx/Vivado/2019.2/common/technology/xilinx/common/xilinx_fp.hlp 
Execute         source /opt/Xilinx/Vivado/2019.2/common/technology/xilinx/common/xilinx.hlp 
Execute           source /opt/Xilinx/Vivado/2019.2/common/technology/xilinx/common/target_info.tcl 
Execute           source /opt/Xilinx/Vivado/2019.2/common/technology/xilinx/interface/xilinx_interface.hlp 
Execute             source /opt/Xilinx/Vivado/2019.2/common/technology/xilinx/interface/maxi.hlp 
Execute             source /opt/Xilinx/Vivado/2019.2/common/technology/xilinx/interface/saxilite.hlp 
Execute           source /opt/Xilinx/Vivado/2019.2/common/technology/xilinx/common/dsp48.hlp 
Execute     source /opt/Xilinx/Vivado/2019.2/common/technology/xilinx/kintex7/kintex7_fpv6.gen 
Execute       source /opt/Xilinx/Vivado/2019.2/common/technology/xilinx/common/xilinx_fp.gen 
Execute     set_part xc7k70t-fbv676-1 
Execute       ap_part_info -name xc7k70t-fbv676-1 -data single -quiet 
Command       ap_part_info done; 0.79 sec.
Execute       ap_part_info -name xc7k70t-fbv676-1 -data info 
Execute       add_library xilinx/kintex7/kintex7:xc7k70t:-fbv676:-1 
Execute         get_default_platform 
Execute         open_platform DefaultPlatform 
Execute         import_lib /opt/Xilinx/Vivado/2019.2/common/technology/xilinx/kintex7/kintex7 
Execute           source /opt/Xilinx/Vivado/2019.2/common/technology/xilinx/common/xilinx.lib 
Execute             source /opt/Xilinx/Vivado/2019.2/common/technology/xilinx/interface/xilinx_interface.lib 
Execute               source /opt/Xilinx/Vivado/2019.2/common/technology/xilinx/interface/plb46.lib 
Execute               source /opt/Xilinx/Vivado/2019.2/common/technology/xilinx/interface/fsl.lib 
Execute               source /opt/Xilinx/Vivado/2019.2/common/technology/xilinx/interface/axi4.lib 
Execute               source /opt/Xilinx/Vivado/2019.2/common/technology/xilinx/interface/maxi.lib 
Execute               source /opt/Xilinx/Vivado/2019.2/common/technology/xilinx/interface/saxilite.lib 
Execute             source /opt/Xilinx/Vivado/2019.2/common/technology/xilinx/common/dsp48.lib 
Execute             source /opt/Xilinx/Vivado/2019.2/common/technology/xilinx/ip/dds_compiler.lib 
Execute             source /opt/Xilinx/Vivado/2019.2/common/technology/xilinx/ip/xfft.lib 
Execute             source /opt/Xilinx/Vivado/2019.2/common/technology/xilinx/ip/xfir.lib 
Execute           source /opt/Xilinx/Vivado/2019.2/common/technology/xilinx/common/xilinx.hlp 
Execute             source /opt/Xilinx/Vivado/2019.2/common/technology/xilinx/common/target_info.tcl 
Execute             source /opt/Xilinx/Vivado/2019.2/common/technology/xilinx/interface/xilinx_interface.hlp 
Execute               source /opt/Xilinx/Vivado/2019.2/common/technology/xilinx/interface/maxi.hlp 
Execute               source /opt/Xilinx/Vivado/2019.2/common/technology/xilinx/interface/saxilite.hlp 
Execute             source /opt/Xilinx/Vivado/2019.2/common/technology/xilinx/common/dsp48.hlp 
Execute           source /opt/Xilinx/Vivado/2019.2/common/technology/xilinx/kintex7/dsp48e1.hlp 
Execute           source /opt/Xilinx/Vivado/2019.2/common/technology/xilinx/common/xilinx.hlp 
Execute             source /opt/Xilinx/Vivado/2019.2/common/technology/xilinx/common/target_info.tcl 
Execute             source /opt/Xilinx/Vivado/2019.2/common/technology/xilinx/interface/xilinx_interface.hlp 
Execute               source /opt/Xilinx/Vivado/2019.2/common/technology/xilinx/interface/maxi.hlp 
Execute               source /opt/Xilinx/Vivado/2019.2/common/technology/xilinx/interface/saxilite.hlp 
Execute             source /opt/Xilinx/Vivado/2019.2/common/technology/xilinx/common/dsp48.hlp 
Execute         source /opt/Xilinx/Vivado/2019.2/common/technology/xilinx/kintex7/kintex7.gen 
Execute           source /opt/Xilinx/Vivado/2019.2/common/technology/xilinx/common/xilinx.gen 
Execute             source /opt/Xilinx/Vivado/2019.2/common/technology/xilinx/interface/plb46.gen 
Execute             source /opt/Xilinx/Vivado/2019.2/common/technology/xilinx/interface/fsl.gen 
Execute             source /opt/Xilinx/Vivado/2019.2/common/technology/xilinx/interface/axi4.gen 
Execute             source /opt/Xilinx/Vivado/2019.2/common/technology/xilinx/interface/nativeAXI4.gen 
Execute               source /opt/Xilinx/Vivado/2019.2/common/technology/xilinx/interface/saxilite.gen 
Execute               source /opt/Xilinx/Vivado/2019.2/common/technology/xilinx/interface/maxi.gen 
Execute             source /opt/Xilinx/Vivado/2019.2/common/technology/xilinx/scripts/xilinxcoregen.gen 
Execute             source /opt/Xilinx/Vivado/2019.2/common/technology/xilinx/interface/XilEDKCoreGen.gen 
Execute             source /opt/Xilinx/Vivado/2019.2/common/technology/xilinx/ip/dds_compiler.gen 
Execute             source /opt/Xilinx/Vivado/2019.2/common/technology/xilinx/ip/util.gen 
Execute             source /opt/Xilinx/Vivado/2019.2/common/technology/xilinx/ip/xfft.gen 
Execute             source /opt/Xilinx/Vivado/2019.2/common/technology/xilinx/ip/xfir.gen 
Execute             source /opt/Xilinx/Vivado/2019.2/common/technology/xilinx/common/dsp48.gen 
Execute         ap_part_info -data single -name xc7k70t-fbv676-1 
Execute         ap_part_info -name xc7k70t-fbv676-1 -data resources 
Execute         ap_part_info -name xc7k70t-fbv676-1 -data info 
Execute         ap_part_info -name xc7k70t-fbv676-1 -data info 
Execute         config_chip_info -quiet -resource {SLICE 10250} {LUT 41000} {FF 82000} {DSP48E 240} {BRAM 270} {URAM 0} 
Execute         ap_part_info -name xc7k70t-fbv676-1 -data info 
Execute         config_chip_info -quiet -speed slow 
Command       add_library done; 0.11 sec.
Execute       add_library xilinx/kintex7/kintex7_fpv6 
Execute         get_default_platform 
Execute         open_platform DefaultPlatform 
Execute         import_lib /opt/Xilinx/Vivado/2019.2/common/technology/xilinx/kintex7/kintex7_fpv6 
Execute           source /opt/Xilinx/Vivado/2019.2/common/technology/xilinx/common/xilinx_fp.lib 
Execute           source /opt/Xilinx/Vivado/2019.2/common/technology/xilinx/common/xilinx_fp.hlp 
Execute             source /opt/Xilinx/Vivado/2019.2/common/technology/xilinx/common/xilinx.hlp 
Execute               source /opt/Xilinx/Vivado/2019.2/common/technology/xilinx/common/target_info.tcl 
Execute               source /opt/Xilinx/Vivado/2019.2/common/technology/xilinx/interface/xilinx_interface.hlp 
Execute                 source /opt/Xilinx/Vivado/2019.2/common/technology/xilinx/interface/maxi.hlp 
Execute                 source /opt/Xilinx/Vivado/2019.2/common/technology/xilinx/interface/saxilite.hlp 
Execute               source /opt/Xilinx/Vivado/2019.2/common/technology/xilinx/common/dsp48.hlp 
Execute         source /opt/Xilinx/Vivado/2019.2/common/technology/xilinx/kintex7/kintex7_fpv6.gen 
Execute           source /opt/Xilinx/Vivado/2019.2/common/technology/xilinx/common/xilinx_fp.gen 
INFO: [HLS 200-10] Setting target device to 'xc7k70t-fbv676-1'
Execute       ap_part_info -name xc7k70t-fbv676-1 -data info 
Execute       get_default_platform 
Command     set_part done; 0.97 sec.
Execute     ap_part_info -data single -name xc7k70t-fbv676-1 
Execute     ap_part_info -name xc7k70t-fbv676-1 -data resources 
Execute     ap_part_info -name xc7k70t-fbv676-1 -data info 
Execute     ap_part_info -name xc7k70t-fbv676-1 -data info 
Execute     config_chip_info -quiet -resource {SLICE 10250} {LUT 41000} {FF 82000} {DSP48E 240} {BRAM 270} {URAM 0} 
Execute     ap_part_info -name xc7k70t-fbv676-1 -data info 
Execute     config_chip_info -quiet -speed slow 
Command   open_solution done; 1.12 sec.
Execute   set_part xc7k70tfbv676-1 
Execute     ap_part_info -name xc7k70tfbv676-1 -data single -quiet 
Execute     ap_part_info -name xc7k70tfbv676-1 -data info 
Execute     add_library xilinx/kintex7/kintex7:xc7k70t:-fbv676:-1 
Execute       get_default_platform 
Execute       open_platform DefaultPlatform 
Execute       import_lib /opt/Xilinx/Vivado/2019.2/common/technology/xilinx/kintex7/kintex7 
Execute         source /opt/Xilinx/Vivado/2019.2/common/technology/xilinx/common/xilinx.lib 
Execute           source /opt/Xilinx/Vivado/2019.2/common/technology/xilinx/interface/xilinx_interface.lib 
Execute             source /opt/Xilinx/Vivado/2019.2/common/technology/xilinx/interface/plb46.lib 
Execute             source /opt/Xilinx/Vivado/2019.2/common/technology/xilinx/interface/fsl.lib 
Execute             source /opt/Xilinx/Vivado/2019.2/common/technology/xilinx/interface/axi4.lib 
Execute             source /opt/Xilinx/Vivado/2019.2/common/technology/xilinx/interface/maxi.lib 
Execute             source /opt/Xilinx/Vivado/2019.2/common/technology/xilinx/interface/saxilite.lib 
Execute           source /opt/Xilinx/Vivado/2019.2/common/technology/xilinx/common/dsp48.lib 
Execute           source /opt/Xilinx/Vivado/2019.2/common/technology/xilinx/ip/dds_compiler.lib 
Execute           source /opt/Xilinx/Vivado/2019.2/common/technology/xilinx/ip/xfft.lib 
Execute           source /opt/Xilinx/Vivado/2019.2/common/technology/xilinx/ip/xfir.lib 
Execute         source /opt/Xilinx/Vivado/2019.2/common/technology/xilinx/common/xilinx.hlp 
Execute           source /opt/Xilinx/Vivado/2019.2/common/technology/xilinx/common/target_info.tcl 
Execute           source /opt/Xilinx/Vivado/2019.2/common/technology/xilinx/interface/xilinx_interface.hlp 
Execute             source /opt/Xilinx/Vivado/2019.2/common/technology/xilinx/interface/maxi.hlp 
Execute             source /opt/Xilinx/Vivado/2019.2/common/technology/xilinx/interface/saxilite.hlp 
Execute           source /opt/Xilinx/Vivado/2019.2/common/technology/xilinx/common/dsp48.hlp 
Execute         source /opt/Xilinx/Vivado/2019.2/common/technology/xilinx/kintex7/dsp48e1.hlp 
Execute         source /opt/Xilinx/Vivado/2019.2/common/technology/xilinx/common/xilinx.hlp 
Execute           source /opt/Xilinx/Vivado/2019.2/common/technology/xilinx/common/target_info.tcl 
Execute           source /opt/Xilinx/Vivado/2019.2/common/technology/xilinx/interface/xilinx_interface.hlp 
Execute             source /opt/Xilinx/Vivado/2019.2/common/technology/xilinx/interface/maxi.hlp 
Execute             source /opt/Xilinx/Vivado/2019.2/common/technology/xilinx/interface/saxilite.hlp 
Execute           source /opt/Xilinx/Vivado/2019.2/common/technology/xilinx/common/dsp48.hlp 
Execute       source /opt/Xilinx/Vivado/2019.2/common/technology/xilinx/kintex7/kintex7.gen 
Execute         source /opt/Xilinx/Vivado/2019.2/common/technology/xilinx/common/xilinx.gen 
Execute           source /opt/Xilinx/Vivado/2019.2/common/technology/xilinx/interface/plb46.gen 
Execute           source /opt/Xilinx/Vivado/2019.2/common/technology/xilinx/interface/fsl.gen 
Execute           source /opt/Xilinx/Vivado/2019.2/common/technology/xilinx/interface/axi4.gen 
Execute           source /opt/Xilinx/Vivado/2019.2/common/technology/xilinx/interface/nativeAXI4.gen 
Execute             source /opt/Xilinx/Vivado/2019.2/common/technology/xilinx/interface/saxilite.gen 
Execute             source /opt/Xilinx/Vivado/2019.2/common/technology/xilinx/interface/maxi.gen 
Execute           source /opt/Xilinx/Vivado/2019.2/common/technology/xilinx/scripts/xilinxcoregen.gen 
Execute           source /opt/Xilinx/Vivado/2019.2/common/technology/xilinx/interface/XilEDKCoreGen.gen 
Execute           source /opt/Xilinx/Vivado/2019.2/common/technology/xilinx/ip/dds_compiler.gen 
Execute           source /opt/Xilinx/Vivado/2019.2/common/technology/xilinx/ip/util.gen 
Execute           source /opt/Xilinx/Vivado/2019.2/common/technology/xilinx/ip/xfft.gen 
Execute           source /opt/Xilinx/Vivado/2019.2/common/technology/xilinx/ip/xfir.gen 
Execute           source /opt/Xilinx/Vivado/2019.2/common/technology/xilinx/common/dsp48.gen 
Execute       ap_part_info -data single -name xc7k70t-fbv676-1 
Execute       ap_part_info -name xc7k70t-fbv676-1 -data resources 
Execute       ap_part_info -name xc7k70t-fbv676-1 -data info 
Execute       ap_part_info -name xc7k70t-fbv676-1 -data info 
Execute       config_chip_info -quiet -resource {SLICE 10250} {LUT 41000} {FF 82000} {DSP48E 240} {BRAM 270} {URAM 0} 
Execute       ap_part_info -name xc7k70t-fbv676-1 -data info 
Execute       config_chip_info -quiet -speed slow 
Command     add_library done; 0.12 sec.
Execute     add_library xilinx/kintex7/kintex7_fpv6 
Execute       get_default_platform 
Execute       open_platform DefaultPlatform 
Execute       import_lib /opt/Xilinx/Vivado/2019.2/common/technology/xilinx/kintex7/kintex7_fpv6 
Execute         source /opt/Xilinx/Vivado/2019.2/common/technology/xilinx/common/xilinx_fp.lib 
Execute         source /opt/Xilinx/Vivado/2019.2/common/technology/xilinx/common/xilinx_fp.hlp 
Execute           source /opt/Xilinx/Vivado/2019.2/common/technology/xilinx/common/xilinx.hlp 
Execute             source /opt/Xilinx/Vivado/2019.2/common/technology/xilinx/common/target_info.tcl 
Execute             source /opt/Xilinx/Vivado/2019.2/common/technology/xilinx/interface/xilinx_interface.hlp 
Execute               source /opt/Xilinx/Vivado/2019.2/common/technology/xilinx/interface/maxi.hlp 
Execute               source /opt/Xilinx/Vivado/2019.2/common/technology/xilinx/interface/saxilite.hlp 
Execute             source /opt/Xilinx/Vivado/2019.2/common/technology/xilinx/common/dsp48.hlp 
Execute       source /opt/Xilinx/Vivado/2019.2/common/technology/xilinx/kintex7/kintex7_fpv6.gen 
Execute         source /opt/Xilinx/Vivado/2019.2/common/technology/xilinx/common/xilinx_fp.gen 
Execute     ap_part_info -name xc7k70t-fbv676-1 -data info 
Execute     get_default_platform 
Command   set_part done; 0.2 sec.
Execute   create_clock -period 10 -name default 
Execute     config_clock -quiet -name default -period 10 -default=false 
INFO: [SYN 201-201] Setting up clock 'default' with a period of 10ns.
Execute   csynth_design 
Execute     get_config_compile -dump_cfg 
Execute     get_config_compile -effort 
Execute     get_config_compile -enable_clang39 
Execute     get_config_compile -g 
Execute     get_config_compile -ng 
Execute     get_config_compile -opt_fp 
Execute     get_config_compile -skip_cdt 
Execute     get_config_compile -skip_syncheck 
Execute     get_config_compile -skip_transform 
Execute     get_config_compile -keep_printf 
Execute     elaborate -effort=medium -skip_syncheck=0 -keep_printf=0 -skip_cdt=0 -skip_transform=0 -ng=0 -g=0 -opt_fp=0 -from_csynth_design=1 
Execute       get_config_schedule -relax_ii_for_timing 
INFO: [SCHED 204-61] Option 'relax_ii_for_timing' is enabled, will increase II to preserve clock frequency constraints.
Execute       get_config_schedule -suppress_dependence_error_break 
INFO: [HLS 200-10] Analyzing design file 'demodulation_FM.cpp' ... 
INFO-FLOW: Compiling one TU...
Execute       is_m_axi_addr64 
INFO-FLOW: Handling demodulation_FM.cpp as C++
Execute       ap_part_info -name xc7k70t-fbv676-1 -data info 
Execute       is_encrypted demodulation_FM.cpp 
Execute       ap_part_info -name xc7k70t-fbv676-1 -data info 
INFO-FLOW: Running: GCC PP
INFO-FLOW: Source preprocessing
Execute       clang  -fno-limit-debug-info -gcc-toolchain "/opt/Xilinx/Vivado/2019.2/lnx64/tools/gcc" -hls  -fno-exceptions  -D__llvm__  -E "demodulation_FM.cpp"     -fno-math-errno -c -emit-llvm -O0  -mllvm -disable-llvm-optzns -fno-threadsafe-statics  -fno-use-cxa-atexit  -fno-threadsafe-statics -fno-use-cxa-atexit -D__CLANG_3_1__ -DAESL_SYN -D__SYNTHESIS__ -D__HLS_SYN__ -I "/opt/Xilinx/Vivado/2019.2/common/technology/autopilot" -I "/opt/Xilinx/Vivado/2019.2/common/technology/autopilot/ap_sysc" -include etc/autopilot_ssdm_op.h -D__DSP48E1__  -o "/home/louart/Documents/these/partie_pratique/experience/c/demodulationFM_RAM/demodulationFM/solution1/.autopilot/db/demodulation_FM.pp.0.cpp" 
INFO-FLOW: exec /opt/Xilinx/Vivado/2019.2/lnx64/tools/clang/bin/clang -fno-limit-debug-info -gcc-toolchain /opt/Xilinx/Vivado/2019.2/lnx64/tools/gcc -hls -fno-exceptions -D__llvm__ -E demodulation_FM.cpp -fno-math-errno -c -emit-llvm -O0 -mllvm -disable-llvm-optzns -fno-threadsafe-statics -fno-use-cxa-atexit -fno-threadsafe-statics -fno-use-cxa-atexit -D__CLANG_3_1__ -DAESL_SYN -D__SYNTHESIS__ -D__HLS_SYN__ -I /opt/Xilinx/Vivado/2019.2/common/technology/autopilot -I /opt/Xilinx/Vivado/2019.2/common/technology/autopilot/ap_sysc -include etc/autopilot_ssdm_op.h -D__DSP48E1__ -o /home/louart/Documents/these/partie_pratique/experience/c/demodulationFM_RAM/demodulationFM/solution1/.autopilot/db/demodulation_FM.pp.0.cpp
Command       clang done; 1.69 sec.
Execute       tidy_31 xilinx-xfmat-array-geometry /home/louart/Documents/these/partie_pratique/experience/c/demodulationFM_RAM/demodulationFM/solution1/.autopilot/db/demodulation_FM.pp.0.cpp std=gnu++98 
INFO-FLOW: exec /opt/Xilinx/Vivado/2019.2/lnx64/tools/clang-3.9-csynth/bin/tidy-3.1 -header-filter=.* -checks=-*,xilinx-xfmat-array-geometry -quiet -fix /home/louart/Documents/these/partie_pratique/experience/c/demodulationFM_RAM/demodulationFM/solution1/.autopilot/db/demodulation_FM.pp.0.cpp -- -std=gnu++98 -fhls -ferror-limit=0
Command       tidy_31 done; 1.27 sec.
INFO-FLOW: Syntax Checking before pre-processing...
Execute       clang -syntaxcheck -src /home/louart/Documents/these/partie_pratique/experience/c/demodulationFM_RAM/demodulationFM/solution1/.autopilot/db/demodulation_FM.pp.0.cpp  -fno-limit-debug-info -gcc-toolchain "/opt/Xilinx/Vivado/2019.2/lnx64/tools/gcc" -hls    -fno-math-errno -c -emit-llvm -O0  -mllvm -disable-llvm-optzns -fno-threadsafe-statics  -fno-use-cxa-atexit  -fno-threadsafe-statics -fno-use-cxa-atexit -D__CLANG_3_1__ -DAESL_SYN -D__SYNTHESIS__ -D__HLS_SYN__ -I "/opt/Xilinx/Vivado/2019.2/common/technology/autopilot" -I "/opt/Xilinx/Vivado/2019.2/common/technology/autopilot/ap_sysc" -include etc/autopilot_ssdm_op.h -D__DSP48E1__  "/home/louart/Documents/these/partie_pratique/experience/c/demodulationFM_RAM/demodulationFM/solution1/.autopilot/db/demodulation_FM.pp.0.cpp"  -o "/home/louart/Documents/these/partie_pratique/experience/c/demodulationFM_RAM/demodulationFM/solution1/.autopilot/db/useless.bc"  
INFO-FLOW: exec /opt/Xilinx/Vivado/2019.2/lnx64/tools/clang/bin/clang -fno-limit-debug-info -gcc-toolchain /opt/Xilinx/Vivado/2019.2/lnx64/tools/gcc -hls -fno-math-errno -c -emit-llvm -O0 -mllvm -disable-llvm-optzns -fno-threadsafe-statics -fno-use-cxa-atexit -fno-threadsafe-statics -fno-use-cxa-atexit -D__CLANG_3_1__ -DAESL_SYN -D__SYNTHESIS__ -D__HLS_SYN__ -I /opt/Xilinx/Vivado/2019.2/common/technology/autopilot -I /opt/Xilinx/Vivado/2019.2/common/technology/autopilot/ap_sysc -include etc/autopilot_ssdm_op.h -D__DSP48E1__ /home/louart/Documents/these/partie_pratique/experience/c/demodulationFM_RAM/demodulationFM/solution1/.autopilot/db/demodulation_FM.pp.0.cpp -o /home/louart/Documents/these/partie_pratique/experience/c/demodulationFM_RAM/demodulationFM/solution1/.autopilot/db/useless.bc
Command       clang done; 2.19 sec.
INFO-FLOW: Done: GCC PP time: 5.1 seconds per iteration
Execute       source /opt/Xilinx/Vivado/2019.2/tps/tcl/tcllib1.11.1/yaml/huddle.tcl 
Execute       source /opt/Xilinx/Vivado/2019.2/tps/tcl/tcllib1.11.1/yaml/json2huddle.tcl 
Execute         source /opt/Xilinx/Vivado/2019.2/tps/tcl/tcllib1.11.1/try/try.tcl 
Execute       list_core -type functional_unit 
Execute       tidy_31 xilinx-systemc-detector /home/louart/Documents/these/partie_pratique/experience/c/demodulationFM_RAM/demodulationFM/solution1/.autopilot/db/demodulation_FM.pp.0.cpp std=gnu++98 -directive=/home/louart/Documents/these/partie_pratique/experience/c/demodulationFM_RAM/demodulationFM/solution1/.autopilot/db/.systemc_flag 
INFO-FLOW: exec /opt/Xilinx/Vivado/2019.2/lnx64/tools/clang-3.9-csynth/bin/tidy-3.1 -header-filter=.* -checks=-*,xilinx-systemc-detector -import-directive=/home/louart/Documents/these/partie_pratique/experience/c/demodulationFM_RAM/demodulationFM/solution1/.autopilot/db/.systemc_flag -quiet -fix-errors /home/louart/Documents/these/partie_pratique/experience/c/demodulationFM_RAM/demodulationFM/solution1/.autopilot/db/demodulation_FM.pp.0.cpp -- -std=gnu++98 -fhls -ferror-limit=0
Command       tidy_31 done; 0.89 sec.
INFO-FLOW: Running: tidy-3.1 CDT preprocess
Execute       tidy_31 xilinx-directive2pragma /home/louart/Documents/these/partie_pratique/experience/c/demodulationFM_RAM/demodulationFM/solution1/.autopilot/db/demodulation_FM.pp.0.cpp std=gnu++98 -directive=/home/louart/Documents/these/partie_pratique/experience/c/demodulationFM_RAM/demodulationFM/solution1/.autopilot/db/all.directive.json 
INFO-FLOW: exec /opt/Xilinx/Vivado/2019.2/lnx64/tools/clang-3.9-csynth/bin/tidy-3.1 -header-filter=.* -checks=-*,xilinx-directive2pragma -import-directive=/home/louart/Documents/these/partie_pratique/experience/c/demodulationFM_RAM/demodulationFM/solution1/.autopilot/db/all.directive.json -quiet -fix-errors /home/louart/Documents/these/partie_pratique/experience/c/demodulationFM_RAM/demodulationFM/solution1/.autopilot/db/demodulation_FM.pp.0.cpp -- -std=gnu++98 -fhls -ferror-limit=0
Command       tidy_31 done; 0.88 sec.
Execute       get_config_dataflow -strict_mode 
Execute       ap_eval exec -ignorestderr /opt/Xilinx/Vivado/2019.2/lnx64/tools/clang-3.9-csynth/bin/xilinx-dataflow-lawyer -export-fixes=/home/louart/Documents/these/partie_pratique/experience/c/demodulationFM_RAM/demodulationFM/solution1/.autopilot/db/xilinx-dataflow-lawyer.demodulation_FM.pp.0.cpp.diag.yml /home/louart/Documents/these/partie_pratique/experience/c/demodulationFM_RAM/demodulationFM/solution1/.autopilot/db/demodulation_FM.pp.0.cpp -- -std=gnu++98 -fhls -ferror-limit=0 -fstrict-dataflow > /home/louart/Documents/these/partie_pratique/experience/c/demodulationFM_RAM/demodulationFM/solution1/.autopilot/db/xilinx-dataflow-lawyer.demodulation_FM.pp.0.cpp.out.log 2> /home/louart/Documents/these/partie_pratique/experience/c/demodulationFM_RAM/demodulationFM/solution1/.autopilot/db/xilinx-dataflow-lawyer.demodulation_FM.pp.0.cpp.err.log 
Command       ap_eval done; 1.16 sec.
Execute       tidy_31 -errorcheck xilinx-constantarray-param,xilinx-resource-pragma-transformer,xilinx-xfmat-array-geometry /home/louart/Documents/these/partie_pratique/experience/c/demodulationFM_RAM/demodulationFM/solution1/.autopilot/db/demodulation_FM.pp.0.cpp std=gnu++98 
Execute         ap_eval exec -ignorestderr /opt/Xilinx/Vivado/2019.2/lnx64/tools/clang-3.9-csynth/bin/tidy-3.1 -export-fixes=/home/louart/Documents/these/partie_pratique/experience/c/demodulationFM_RAM/demodulationFM/solution1/.autopilot/db/tidy-3.1.demodulation_FM.pp.0.cpp.diag.yml -header-filter=.* -checks=-*,xilinx-constantarray-param,xilinx-resource-pragma-transformer,xilinx-xfmat-array-geometry -quiet -fix-errors /home/louart/Documents/these/partie_pratique/experience/c/demodulationFM_RAM/demodulationFM/solution1/.autopilot/db/demodulation_FM.pp.0.cpp -- -std=gnu++98 -fhls -ferror-limit=0 > /home/louart/Documents/these/partie_pratique/experience/c/demodulationFM_RAM/demodulationFM/solution1/.autopilot/db/tidy-3.1.demodulation_FM.pp.0.cpp.out.log 2> /home/louart/Documents/these/partie_pratique/experience/c/demodulationFM_RAM/demodulationFM/solution1/.autopilot/db/tidy-3.1.demodulation_FM.pp.0.cpp.err.log 
Command         ap_eval done; 1.41 sec.
Execute         source /opt/Xilinx/Vivado/2019.2/tps/tcl/tcllib1.11.1/yaml/yaml.tcl 
Execute           source /opt/Xilinx/Vivado/2019.2/tps/tcl/tcllib1.11.1/cmdline/cmdline.tcl 
Execute         ap_eval exec -ignorestderr /opt/Xilinx/Vivado/2019.2/lnx64/tools/clang-3.9-csynth/bin/xilinx-legacy-rewriter /home/louart/Documents/these/partie_pratique/experience/c/demodulationFM_RAM/demodulationFM/solution1/.autopilot/db/demodulation_FM.pp.0.cpp -- -std=gnu++98 -fhls -ferror-limit=0 > /home/louart/Documents/these/partie_pratique/experience/c/demodulationFM_RAM/demodulationFM/solution1/.autopilot/db/xilinx-legacy-rewriter.demodulation_FM.pp.0.cpp.out.log 2> /home/louart/Documents/these/partie_pratique/experience/c/demodulationFM_RAM/demodulationFM/solution1/.autopilot/db/xilinx-legacy-rewriter.demodulation_FM.pp.0.cpp.err.log 
Command         ap_eval done; 0.88 sec.
Command       tidy_31 done; 2.34 sec.
INFO-FLOW: Done: tidy-3.1 CDT preprocess time: 4.4 seconds per iteration
INFO-FLOW: Pragma Handling...
Execute       tidy_31 xilinx-ssdm-intrinsics-arguments /home/louart/Documents/these/partie_pratique/experience/c/demodulationFM_RAM/demodulationFM/solution1/.autopilot/db/demodulation_FM.pragma.1.cpp std=gnu++98 
INFO-FLOW: exec /opt/Xilinx/Vivado/2019.2/lnx64/tools/clang-3.9-csynth/bin/tidy-3.1 -header-filter=.* -checks=-*,xilinx-ssdm-intrinsics-arguments -quiet -fix-errors /home/louart/Documents/these/partie_pratique/experience/c/demodulationFM_RAM/demodulationFM/solution1/.autopilot/db/demodulation_FM.pragma.1.cpp -- -std=gnu++98 -fhls -ferror-limit=0
Command       tidy_31 done; 1.16 sec.
Execute       ap_part_info -name xc7k70t-fbv676-1 -data info 
INFO-FLOW: Processing labels
Execute       clang -src /home/louart/Documents/these/partie_pratique/experience/c/demodulationFM_RAM/demodulationFM/solution1/.autopilot/db/demodulation_FM.pragma.2.cpp  -fno-limit-debug-info -gcc-toolchain /opt/Xilinx/Vivado/2019.2/lnx64/tools/gcc -hls -hls-analyze-label -hls-analyze-pragma -fno-exceptions  -D__llvm__  -w  "/home/louart/Documents/these/partie_pratique/experience/c/demodulationFM_RAM/demodulationFM/solution1/.autopilot/db/demodulation_FM.pragma.2.cpp"    -fno-math-errno -c -emit-llvm -O0  -mllvm -disable-llvm-optzns -fno-threadsafe-statics  -fno-use-cxa-atexit -DAESL_SYN -D__SYNTHESIS__ -D__HLS_SYN__ -I "/opt/Xilinx/Vivado/2019.2/common/technology/autopilot" -I "/opt/Xilinx/Vivado/2019.2/common/technology/autopilot/ap_sysc" -include etc/autopilot_ssdm_op.h -D__DSP48E1__ -g -o "/home/louart/Documents/these/partie_pratique/experience/c/demodulationFM_RAM/demodulationFM/solution1/.autopilot/db/demodulation_FM.bc" 
INFO-FLOW: exec /opt/Xilinx/Vivado/2019.2/lnx64/tools/clang/bin/clang -fno-limit-debug-info -gcc-toolchain /opt/Xilinx/Vivado/2019.2/lnx64/tools/gcc -hls -hls-analyze-label -hls-analyze-pragma -fno-exceptions -D__llvm__ -w /home/louart/Documents/these/partie_pratique/experience/c/demodulationFM_RAM/demodulationFM/solution1/.autopilot/db/demodulation_FM.pragma.2.cpp -fno-math-errno -c -emit-llvm -O0 -mllvm -disable-llvm-optzns -fno-threadsafe-statics -fno-use-cxa-atexit -DAESL_SYN -D__SYNTHESIS__ -D__HLS_SYN__ -I /opt/Xilinx/Vivado/2019.2/common/technology/autopilot -I /opt/Xilinx/Vivado/2019.2/common/technology/autopilot/ap_sysc -include etc/autopilot_ssdm_op.h -D__DSP48E1__ -g -o /home/louart/Documents/these/partie_pratique/experience/c/demodulationFM_RAM/demodulationFM/solution1/.autopilot/db/demodulation_FM.bc
Command       clang done; 2.21 sec.
INFO-FLOW: Linking Debug ...
Execute       llvm-ld /home/louart/Documents/these/partie_pratique/experience/c/demodulationFM_RAM/demodulationFM/solution1/.autopilot/db/demodulation_FM.g.bc -hls-opt -except-internalize demodulationFM -L/opt/Xilinx/Vivado/2019.2/lnx64/lib -lhlsm -lhlsmc++ -o /home/louart/Documents/these/partie_pratique/experience/c/demodulationFM_RAM/demodulationFM/solution1/.autopilot/db/a.g 
Command       llvm-ld done; 0.9 sec.
INFO: [HLS 200-111] Finished Linking Time (s): cpu = 00:00:15 ; elapsed = 00:00:16 . Memory (MB): peak = 959.930 ; gain = 526.004 ; free physical = 310 ; free virtual = 6102
INFO: [HLS 200-111] Finished Checking Pragmas Time (s): cpu = 00:00:15 ; elapsed = 00:00:16 . Memory (MB): peak = 959.930 ; gain = 526.004 ; free physical = 310 ; free virtual = 6102
Execute       get_config_sdx -target 
Execute       opt_and_import_c a -opt_level=2 -skip_syncheck=0 -ng=0 -keep_printf=0 
Execute         cleanup_all_models 
INFO: [HLS 200-10] Starting code transformations ...
Execute         transform -promote-dbg-pointer /home/louart/Documents/these/partie_pratique/experience/c/demodulationFM_RAM/demodulationFM/solution1/.autopilot/db/a.pp.bc -o /home/louart/Documents/these/partie_pratique/experience/c/demodulationFM_RAM/demodulationFM/solution1/.autopilot/db/a.pp.0.bc -f 
Execute         llvm-ld /home/louart/Documents/these/partie_pratique/experience/c/demodulationFM_RAM/demodulationFM/solution1/.autopilot/db/a.pp.0.bc -disable-opt -L/opt/Xilinx/Vivado/2019.2/lnx64/lib -lfloatconversion -o /home/louart/Documents/these/partie_pratique/experience/c/demodulationFM_RAM/demodulationFM/solution1/.autopilot/db/a.g.0 
Command         llvm-ld done; 0.95 sec.
INFO-FLOW: Running Standard Transforms...
Execute         transform -hls -share-std-xform -demangle-name -inline-byval-memcpy -always-inline -promote-dbg-pointer -interface-preproc -mem2reg -scalarrepl -mem2reg -keep-read-access -instcombine -dce -promote-dbg-pointer -bitop-raise -loop-simplify -indvarspre -indvars -loop-simplify -xunroll -constprop -instcombine -simplifycfg -indvars -simplifycfg -dce -globaldce -basicaa -simplifycfg -mem2reg -globalopt -global-constprop -deadargelim -instcombine -simplifycfg -prune-eh -simplifycfg -scalarrepl -instcombine -reassociate -licm -simplifycfg -loop-simplify -indvars -instcombine -simplifycfg -mem2reg -loop-simplify -indvars -instcombine -gvn -gvn -instcombine -adce -break-crit-edges -simplifycfg -loop-delete -global-array-opt -dce -dse -adce -find-syn-modules -top demodulationFM -deadargelim -mem2reg -instcombine -dce -presyn-prepare -auto-rom-infer -interface-preproc -syn-check -check-rec-only -find-region -simplifycfg -func-extr -function-inline -globaldce -mem2reg -instcombine -dce -gvn -globaldce -adce -adse -constprop -instcombine -bit-constprop -instcombine -dce -simplifycfg -bitop-raise -simplifycfg -dce -loop-delete -reassociate -globalopt -global-privatize -mem2reg -dce -global-constprop -pointer-simplify -constprop -dce -func-inst -deadargelim -auto-shift-reg-idiom -promote-dbg-pointer -norm-name /home/louart/Documents/these/partie_pratique/experience/c/demodulationFM_RAM/demodulationFM/solution1/.autopilot/db/a.g.0.bc -o /home/louart/Documents/these/partie_pratique/experience/c/demodulationFM_RAM/demodulationFM/solution1/.autopilot/db/a.g.1.bc -f -phase std-opt 
Command         transform done; 16.45 sec.
INFO: [HLS 200-111] Finished Standard Transforms Time (s): cpu = 00:00:33 ; elapsed = 00:00:34 . Memory (MB): peak = 959.930 ; gain = 526.004 ; free physical = 251 ; free virtual = 6048
INFO: [HLS 200-10] Checking synthesizability ...
INFO-FLOW: Checking Synthesizability 1/2..
Execute         transform -hls -syn-check -check-rec-only -disaggr -scalarrepl -norm-name -dce -mem2reg -instcombine -function-uniquify -directive-preproc -mem2reg -dse -dce -auto-rom-infer -dce -pag -array-normalize -instcombine -dce -warn-fifo-pointer -array-seg-normalize -instcombine -dce -array-flatten -instcombine -dce -array-burst -dce -deadargelim -promote-global-argument -simplifycfg -mem2reg -globaldce -dce -deadargelim -dce -instcombine -function-inline -globaldce -dce -doublePtrSimplify -doublePtrElim -dce -doublePtrSimplify -promote-dbg-pointer -dce -scalarrepl -dse -adse -instcombine -ptrLegalization -simplifycfg -dce -instcombine -pointer-simplify -ptrArgReplace -dce -instcombine -resolve-double-ptr -disaggr -scalarrepl -norm-name -dce -mem2reg -instcombine -ptrLegalization -simplifycfg -deadargelim -instcombine -dce -inst-simplify -function-uniquify -directive-preproc -mem2reg -dse -dce -globaldce -check-dspbuiltin /home/louart/Documents/these/partie_pratique/experience/c/demodulationFM_RAM/demodulationFM/solution1/.autopilot/db/a.g.1.bc -o /home/louart/Documents/these/partie_pratique/experience/c/demodulationFM_RAM/demodulationFM/solution1/.autopilot/db/a.g.2.prechk.bc -f 
INFO: [XFORM 203-602] Inlining function 'demodulation' into 'demodulationFM' (demodulation_FM.cpp:429) automatically.
INFO: [XFORM 203-602] Inlining function 'decimation2' into 'demodulationFM' (demodulation_FM.cpp:460) automatically.
Command         transform done; 20.66 sec.
INFO-FLOW: Checking Synthesizability 2/2..
Execute         transform -syn-check /home/louart/Documents/these/partie_pratique/experience/c/demodulationFM_RAM/demodulationFM/solution1/.autopilot/db/a.g.2.prechk.bc -o /home/louart/Documents/these/partie_pratique/experience/c/demodulationFM_RAM/demodulationFM/solution1/.autopilot/db/a.g.2.bc -f -phase syn-check 
INFO: [HLS 200-111] Finished Checking Synthesizability Time (s): cpu = 00:00:53 ; elapsed = 00:00:55 . Memory (MB): peak = 975.934 ; gain = 542.008 ; free physical = 191 ; free virtual = 5992
INFO-FLOW: Compiler optimizing ...
INFO-FLOW: Share syncheck's 1.bc for syn flow: copy /home/louart/Documents/these/partie_pratique/experience/c/demodulationFM_RAM/demodulationFM/solution1/.autopilot/db/a.g.1.bc to /home/louart/Documents/these/partie_pratique/experience/c/demodulationFM_RAM/demodulationFM/solution1/.autopilot/db/a.o.1.bc
INFO-FLOW: Presyn 1...
Execute         transform -hls -tmp /home/louart/Documents/these/partie_pratique/experience/c/demodulationFM_RAM/demodulationFM/solution1/.autopilot/db -interface-port-rename -type-info -function-uniquify -directive-preproc -mem2reg -dse -dce -disaggr -scalarrepl -norm-name -deadargelim -mem2reg -instcombine -dce -simplifycfg -auto-rom-infer -dce -function-uniquify -resource-proc -clib-intrinsic-prepare -dce -func-buffer -dce -pag -array-normalize -func-legal -instcombine -gvn -constprop -dce -simplifycfg -mem2reg -globaldce -resolve-double-ptr -dce -deadargelim -dce -instcombine -ptrArgReplace -mem2reg -dce -array-seg-normalize -deadargelim -instcombine -dce -pointer-simplify -dce -port-alignment -dce -interface-preproc -data-pack -instcombine -dce -basicaa -aggr-aa -aggrmodref-aa -aggr-aa -gvn -gvn -basicaa -aggr-aa -aggrmodref-aa -aggr-aa -dse -adse -adce -loop-simplify -indvars -instcombine -gvn -loop-simplify -mem2reg -dce -find-region -instcombine -auto-loop-pipeline -inst-simplify -interface-preproc -cfgopt -instcombine -indvars -auto-loop-unroll -loop-simplify -loop-bound -xunroll -constprop -instcombine -simplifycfg -indvars -simplifycfg -dce -globaldce -clean-region -attach-range -gvn -inst-simplify -constprop -simplifycfg -dce -pointer-simplify -dce -globalopt -constprop -dce -array-promote -constprop -dce -ptrArgReplace -mem2reg -simplifycfg -dce -auto-par -instcombine -dce -array-transform-check -array-reshape -instcombine -simplifycfg -dce -ptrArgReplace -deadargelim -mem2reg -instcombine -simplifycfg -dce -indvars -loop-simplify -loop-bound -xunroll -constprop -instcombine -simplifycfg -indvars -simplifycfg -dce -globaldce -basicaa -aggr-aa -aggrmodref-aa -aggr-aa -dse -duplicate-dataflow-processes -globaldce -instcombine -array-partition -instcombine -simplifycfg -dce -ptrArgReplace -global-constprop -deadargelim -mem2reg -func-legal -dce -global-constprop -deadargelim -mem2reg -simplifycfg -dce -merge-param -deadargelim -globalopt -constprop -dce -array-promote -constprop -dce -ptrArgReplace -mem2reg -simplifycfg -dce -mem-intrinsic-preproc -dce -global-internalize -global-privatize -mem2reg -globaldce -promote-global-argument -ptrArgReplace -mem2reg -dce -globalopt -mergereturn -simplify-global-access -mem2reg -dce -pointer-simplify -dce -functionattrs -basicaa -aggr-aa -aggrmodref-aa -aggr-aa -gvn -gvn -basicaa -aggr-aa -aggrmodref-aa -aggr-aa -dse -adse -adce -dce -norm-name -function-inline -complex-op-raise -inst-simplify -globaldce -func-inst -constprop -instcombine -simplifycfg -dce -func-legal -dce -loop-bound -arraycheck -bitwidthmin -on-by-dataflow -loop-delete -instcombine -simplifycfg -globaldce -dce -gvn -deadargelim -dce -loop-simplify -clean-region -simplifycfg -propagate-stable-arguments -loop-stream -instcombine -simplifycfg -dce -globaldce -duplicate-dataflow-processes -stream-intrinsic-preproc -dce -check-ap-stream -loop-simplify -eliminate-keepreads -extract-dataflow-in-loop -loop-simplify -dce -gvn -deadargelim -dse -check-dataflow-syntax -legalize-stream-variable -legalize-global -extract-subproc -dce -dead-channel-elimination -canonicalize-gep -globaldce -dce -gvn -deadargelim -annotate-dataflow-channels -scalar-propagation -deadargelim -globaldce -mem2reg -check-dataflow-channels -function-stream -dce -globaldce -prop-fifo-spec -internal-stream-gen -canonicalize-gep -globaldce -dce -gvn -deadargelim -mergereturn -indvars -loop-simplify -instcombine -array-stream -array-seg-normalize -array-partition -func-legal -instcombine -simplifycfg -dce -bundle-memfifo-ops -deadargelim -function-uniquify -directive-preproc -mem2reg -dse -dce -group-axi-access -licm -simplifycfg -dce -loop-delete -norm-name /home/louart/Documents/these/partie_pratique/experience/c/demodulationFM_RAM/demodulationFM/solution1/.autopilot/db/a.o.1.bc -o /home/louart/Documents/these/partie_pratique/experience/c/demodulationFM_RAM/demodulationFM/solution1/.autopilot/db/a.o.1.tmp.bc -f 
INFO: [XFORM 203-602] Inlining function 'demodulation' into 'demodulationFM' (demodulation_FM.cpp:429) automatically.
INFO: [XFORM 203-602] Inlining function 'decimation2' into 'demodulationFM' (demodulation_FM.cpp:460) automatically.
Command         transform done; 20.61 sec.
INFO-FLOW: Presyn 2...
Execute         transform -hls -keep-callgraph -scalarrepl -mem2reg -port-alignment -attach-range -dce -pipe-mux-gen -indvars -loop-bound -inst-simplify -instcombine -dce -merge-array-access -mem2reg -dce -clean-region -mergereturn -if-conv -instcombine -dce -constprop -basicaa -aggr-aa -aggrmodref-aa -aggr-aa -gvn -gvn -basicaa -aggr-aa -aggrmodref-aa -aggr-aa -dse -adse -adce -scalarrepl -mem2reg -global-constprop -deadargelim -deadargelim -instcombine -dce -simplifycfg -ptrArgReplace -mem2reg -function-inline -globaldce -mem2reg -instcombine -dce -expr-balance -instcombine -dce -bitwidthmin -interface-preproc -directive-preproc -inst-rectify -instcombine -dce -functionattrs -constprop -instcombine -bit-constprop -simplify-global-access -globalopt -globaldce -inst-simplify -instcombine -elimdeaddata -dce -loop-delete -simplifycfg -loop-simplify -auto-burst -norm-name /home/louart/Documents/these/partie_pratique/experience/c/demodulationFM_RAM/demodulationFM/solution1/.autopilot/db/a.o.1.tmp.bc -o /home/louart/Documents/these/partie_pratique/experience/c/demodulationFM_RAM/demodulationFM/solution1/.autopilot/db/a.o.2.bc -f -phase presyn 
INFO: [XFORM 203-401] Performing if-conversion on hyperblock from (demodulation_FM.cpp:165:12) to (demodulation_FM.cpp:193:5) in function 'shift'... converting 3 basic blocks.
INFO: [XFORM 203-401] Performing if-conversion on hyperblock from (demodulation_FM.cpp:48:48) to (demodulation_FM.cpp:48:42) in function 'fir'... converting 3 basic blocks.
INFO: [XFORM 203-602] Inlining function 'cos_lookup' into 'shift' (demodulation_FM.cpp:191) automatically.
INFO: [XFORM 203-602] Inlining function 'sin_lookup' into 'shift' (demodulation_FM.cpp:191) automatically.
Command         transform done; 0.14 sec.
INFO: [HLS 200-111] Finished Pre-synthesis Time (s): cpu = 00:01:14 ; elapsed = 00:01:15 . Memory (MB): peak = 1055.934 ; gain = 622.008 ; free physical = 161 ; free virtual = 5962
INFO-FLOW: Building ssdm...
Execute         transform -hls -function-uniquify -auto-function-inline -globaldce -ptrArgReplace -mem2reg -dce -reset-lda -loop-simplify -indvars -licm -loop-dep -loop-bound -licm -loop-simplify -flattenloopnest -array-flatten -gvn -instcombine -dce -array-map -dce -func-legal -gvn -adce -instcombine -cfgopt -simplifycfg -loop-simplify -array-burst -promote-global-argument -dce -ptrLegalization -axi4-lower -array-seg-normalize -basicaa -aggrmodref-aa -globalsmodref-aa -aggr-aa -gvn -gvn -basicaa -aggrmodref-aa -globalsmodref-aa -aggr-aa -dse -adse -adce -licm -inst-simplify -dce -globaldce -instcombine -array-stream -eliminate-keepreads -instcombine -dce -deadargelim -doublePtrSimplify -doublePtrElim -dce -doublePtrSimplify -promote-dbg-pointer -dce -scalarrepl -mem2reg -disaggr -norm-name -mem2reg -instcombine -dse -adse -adce -ptrLegalization -dce -auto-rom-infer -array-flatten -dce -instcombine -check-doubleptr -loop-rot -constprop -cfgopt -simplifycfg -loop-simplify -indvars -pointer-simplify -dce -loop-bound -loop-simplify -loop-preproc -constprop -global-constprop -gvn -mem2reg -instcombine -dce -loop-bound -loop-merge -dce -bitwidthmin -deadargelim -dce -canonicalize-dataflow -dce -scalar-propagation -deadargelim -globaldce -mem2reg -read-loop-dep -interface-preproc -directive-preproc -interface-gen -bram-byte-enable -deadargelim -inst-simplify -dce -gvn -mem2reg -instcombine -dce -adse -loop-bound -instcombine -cfgopt -simplifycfg -loop-simplify -clean-region -io-protocol -find-region -mem2reg -bitop-raise -complex-op-raise -inst-simplify -inst-rectify -instcombine -adce -deadargelim -loop-simplify -phi-opt -bitop-raise -cfgopt -simplifycfg -strip-dead-prototypes -interface-lower -bitop-lower -intrinsic-lower -auto-function-inline -basicaa -aggrmodref-aa -globalsmodref-aa -aggr-aa -inst-simplify -simplifycfg -loop-simplify -mergereturn -inst-simplify -inst-rectify -dce -load-elim -bitop-lower -loop-rewind -pointer-simplify -dce -cfgopt -dce -loop-bound -loop-dep -read-loop-dep -dce -check-stream -norm-name -legalize -validate-dataflow -inst-clarity -bitwidth -dump-loop-dep-to-ir -check-all-ssdm -cdfg-build /home/louart/Documents/these/partie_pratique/experience/c/demodulationFM_RAM/demodulationFM/solution1/.autopilot/db/a.o.2.bc -o /home/louart/Documents/these/partie_pratique/experience/c/demodulationFM_RAM/demodulationFM/solution1/.autopilot/db/a.o.3.bc -f -phase build-ssdm 
INFO: [HLS 200-472] Inferring partial write operation for 'ary_r_s.V' (demodulation_FM.cpp:195:20)
INFO: [HLS 200-472] Inferring partial write operation for 'ary_i_s.V' (demodulation_FM.cpp:196:20)
INFO: [HLS 200-472] Inferring partial write operation for 'ary_r_s.V' (demodulation_FM.cpp:200:20)
INFO: [HLS 200-472] Inferring partial write operation for 'ary_i_s.V' (demodulation_FM.cpp:201:20)
INFO: [HLS 200-472] Inferring partial write operation for 'ary_r_s.V' (demodulation_FM.cpp:205:7)
INFO: [HLS 200-472] Inferring partial write operation for 'ary_i_s.V' (demodulation_FM.cpp:206:7)
INFO: [HLS 200-472] Inferring partial write operation for 'y.V' (demodulation_FM.cpp:41:3)
INFO: [HLS 200-472] Inferring partial write operation for 'hwin.V' (demodulation_FM.cpp:42:3)
INFO: [HLS 200-472] Inferring partial write operation for 'hwin.V' (demodulation_FM.cpp:49:17)
INFO: [HLS 200-472] Inferring partial write operation for 'y.V' (demodulation_FM.cpp:53:17)
INFO: [HLS 200-472] Inferring partial write operation for 'y_demod_nd.V' (demodulation_FM.cpp:247:2)
INFO: [HLS 200-472] Inferring partial write operation for 'y_demod_nd.V' (demodulation_FM.cpp:259:80)
INFO: [HLS 200-472] Inferring partial write operation for 'new_ary.V' (demodulation_FM.cpp:222:4)
Command         transform done; 2.51 sec.
INFO: [HLS 200-111] Finished Architecture Synthesis Time (s): cpu = 00:01:17 ; elapsed = 00:01:18 . Memory (MB): peak = 1055.934 ; gain = 622.008 ; free physical = 158 ; free virtual = 5936
INFO-FLOW: Finish building internal data model.
Command       opt_and_import_c done; 61.45 sec.
Command     elaborate done; 76.25 sec.
Execute     autosyn -from_csynth_design=1 
INFO: [HLS 200-10] Starting hardware synthesis ...
INFO-FLOW: Synthesizing C/C++ design ...
INFO: [HLS 200-10] Synthesizing 'demodulationFM' ...
Execute       ap_set_top_model demodulationFM 
Execute       get_model_list demodulationFM -filter all-wo-channel -topdown 
Execute       preproc_iomode -model demodulationFM 
Execute       preproc_iomode -model decimation1 
Execute       preproc_iomode -model fir 
Execute       preproc_iomode -model shift 
Execute       get_model_list demodulationFM -filter all-wo-channel 
INFO-FLOW: Model list for configure: shift fir decimation1 demodulationFM
INFO-FLOW: Configuring Module : shift ...
Execute       set_default_model shift 
Execute       apply_spec_resource_limit shift 
INFO-FLOW: Configuring Module : fir ...
Execute       set_default_model fir 
Execute       apply_spec_resource_limit fir 
INFO-FLOW: Configuring Module : decimation1 ...
Execute       set_default_model decimation1 
Execute       apply_spec_resource_limit decimation1 
INFO-FLOW: Configuring Module : demodulationFM ...
Execute       set_default_model demodulationFM 
Execute       apply_spec_resource_limit demodulationFM 
INFO-FLOW: Model list for preprocess: shift fir decimation1 demodulationFM
INFO-FLOW: Preprocessing Module: shift ...
Execute       set_default_model shift 
Execute       cdfg_preprocess -model shift 
Execute       rtl_gen_preprocess shift 
INFO-FLOW: Preprocessing Module: fir ...
Execute       set_default_model fir 
Execute       cdfg_preprocess -model fir 
Execute       rtl_gen_preprocess fir 
INFO-FLOW: Preprocessing Module: decimation1 ...
Execute       set_default_model decimation1 
Execute       cdfg_preprocess -model decimation1 
Execute       rtl_gen_preprocess decimation1 
INFO-FLOW: Preprocessing Module: demodulationFM ...
Execute       set_default_model demodulationFM 
Execute       cdfg_preprocess -model demodulationFM 
Execute       rtl_gen_preprocess demodulationFM 
INFO-FLOW: Model list for synthesis: shift fir decimation1 demodulationFM
INFO: [HLS 200-10] ----------------------------------------------------------------
INFO: [HLS 200-42] -- Implementing module 'shift' 
INFO: [HLS 200-10] ----------------------------------------------------------------
Execute       set_default_model shift 
Execute       schedule -model shift 
INFO: [SCHED 204-11] Starting scheduling ...
INFO: [SCHED 204-11] Finished scheduling.
Command       schedule done; 0.11 sec.
INFO: [HLS 200-111]  Elapsed time: 77.93 seconds; current allocated memory: 216.322 MB.
Execute       syn_report -verbosereport -o /home/louart/Documents/these/partie_pratique/experience/c/demodulationFM_RAM/demodulationFM/solution1/.autopilot/db/shift.verbose.sched.rpt 
Execute       db_write -o /home/louart/Documents/these/partie_pratique/experience/c/demodulationFM_RAM/demodulationFM/solution1/.autopilot/db/shift.sched.adb -f 
INFO-FLOW: Finish scheduling shift.
Execute       set_default_model shift 
Execute       bind -model shift 
BIND OPTION: model=shift
INFO: [BIND 205-100] Starting micro-architecture generation ...
INFO: [BIND 205-101] Performing variable lifetime analysis.
INFO: [BIND 205-101] Exploring resource sharing.
INFO: [BIND 205-101] Binding ...
INFO: [BIND 205-100] Finished micro-architecture generation.
INFO: [HLS 200-111]  Elapsed time: 0.08 seconds; current allocated memory: 216.863 MB.
Execute       syn_report -verbosereport -o /home/louart/Documents/these/partie_pratique/experience/c/demodulationFM_RAM/demodulationFM/solution1/.autopilot/db/shift.verbose.bind.rpt 
Execute       db_write -o /home/louart/Documents/these/partie_pratique/experience/c/demodulationFM_RAM/demodulationFM/solution1/.autopilot/db/shift.bind.adb -f 
INFO-FLOW: Finish binding shift.
INFO: [HLS 200-10] ----------------------------------------------------------------
INFO: [HLS 200-42] -- Implementing module 'fir' 
INFO: [HLS 200-10] ----------------------------------------------------------------
Execute       set_default_model fir 
Execute       schedule -model fir 
INFO: [SCHED 204-11] Starting scheduling ...
INFO: [SCHED 204-11] Finished scheduling.
INFO: [HLS 200-111]  Elapsed time: 0.15 seconds; current allocated memory: 217.118 MB.
Execute       syn_report -verbosereport -o /home/louart/Documents/these/partie_pratique/experience/c/demodulationFM_RAM/demodulationFM/solution1/.autopilot/db/fir.verbose.sched.rpt 
Execute       db_write -o /home/louart/Documents/these/partie_pratique/experience/c/demodulationFM_RAM/demodulationFM/solution1/.autopilot/db/fir.sched.adb -f 
INFO-FLOW: Finish scheduling fir.
Execute       set_default_model fir 
Execute       bind -model fir 
BIND OPTION: model=fir
INFO: [BIND 205-100] Starting micro-architecture generation ...
INFO: [BIND 205-101] Performing variable lifetime analysis.
INFO: [BIND 205-101] Exploring resource sharing.
INFO: [BIND 205-101] Binding ...
INFO: [BIND 205-100] Finished micro-architecture generation.
INFO: [HLS 200-111]  Elapsed time: 0.04 seconds; current allocated memory: 217.329 MB.
Execute       syn_report -verbosereport -o /home/louart/Documents/these/partie_pratique/experience/c/demodulationFM_RAM/demodulationFM/solution1/.autopilot/db/fir.verbose.bind.rpt 
Execute       db_write -o /home/louart/Documents/these/partie_pratique/experience/c/demodulationFM_RAM/demodulationFM/solution1/.autopilot/db/fir.bind.adb -f 
INFO-FLOW: Finish binding fir.
INFO: [HLS 200-10] ----------------------------------------------------------------
INFO: [HLS 200-42] -- Implementing module 'decimation1' 
INFO: [HLS 200-10] ----------------------------------------------------------------
Execute       set_default_model decimation1 
Execute       schedule -model decimation1 
INFO: [SCHED 204-11] Starting scheduling ...
INFO: [SCHED 204-11] Finished scheduling.
INFO: [HLS 200-111]  Elapsed time: 0.06 seconds; current allocated memory: 217.427 MB.
Execute       syn_report -verbosereport -o /home/louart/Documents/these/partie_pratique/experience/c/demodulationFM_RAM/demodulationFM/solution1/.autopilot/db/decimation1.verbose.sched.rpt 
Execute       db_write -o /home/louart/Documents/these/partie_pratique/experience/c/demodulationFM_RAM/demodulationFM/solution1/.autopilot/db/decimation1.sched.adb -f 
INFO-FLOW: Finish scheduling decimation1.
Execute       set_default_model decimation1 
Execute       bind -model decimation1 
BIND OPTION: model=decimation1
INFO: [BIND 205-100] Starting micro-architecture generation ...
INFO: [BIND 205-101] Performing variable lifetime analysis.
INFO: [BIND 205-101] Exploring resource sharing.
INFO: [BIND 205-101] Binding ...
INFO: [BIND 205-100] Finished micro-architecture generation.
INFO: [HLS 200-111]  Elapsed time: 0.02 seconds; current allocated memory: 217.510 MB.
Execute       syn_report -verbosereport -o /home/louart/Documents/these/partie_pratique/experience/c/demodulationFM_RAM/demodulationFM/solution1/.autopilot/db/decimation1.verbose.bind.rpt 
Execute       db_write -o /home/louart/Documents/these/partie_pratique/experience/c/demodulationFM_RAM/demodulationFM/solution1/.autopilot/db/decimation1.bind.adb -f 
INFO-FLOW: Finish binding decimation1.
INFO: [HLS 200-10] ----------------------------------------------------------------
INFO: [HLS 200-42] -- Implementing module 'demodulationFM' 
INFO: [HLS 200-10] ----------------------------------------------------------------
Execute       set_default_model demodulationFM 
Execute       schedule -model demodulationFM 
INFO: [SCHED 204-11] Starting scheduling ...
INFO: [SCHED 204-11] Finished scheduling.
INFO: [HLS 200-111]  Elapsed time: 0.06 seconds; current allocated memory: 218.012 MB.
Execute       syn_report -verbosereport -o /home/louart/Documents/these/partie_pratique/experience/c/demodulationFM_RAM/demodulationFM/solution1/.autopilot/db/demodulationFM.verbose.sched.rpt 
Execute       db_write -o /home/louart/Documents/these/partie_pratique/experience/c/demodulationFM_RAM/demodulationFM/solution1/.autopilot/db/demodulationFM.sched.adb -f 
INFO-FLOW: Finish scheduling demodulationFM.
Execute       set_default_model demodulationFM 
Execute       bind -model demodulationFM 
BIND OPTION: model=demodulationFM
INFO: [BIND 205-100] Starting micro-architecture generation ...
INFO: [BIND 205-101] Performing variable lifetime analysis.
INFO: [BIND 205-101] Exploring resource sharing.
INFO: [BIND 205-101] Binding ...
INFO: [BIND 205-100] Finished micro-architecture generation.
Command       bind done; 0.14 sec.
INFO: [HLS 200-111]  Elapsed time: 0.22 seconds; current allocated memory: 218.628 MB.
Execute       syn_report -verbosereport -o /home/louart/Documents/these/partie_pratique/experience/c/demodulationFM_RAM/demodulationFM/solution1/.autopilot/db/demodulationFM.verbose.bind.rpt 
Command       syn_report done; 0.2 sec.
Execute       db_write -o /home/louart/Documents/these/partie_pratique/experience/c/demodulationFM_RAM/demodulationFM/solution1/.autopilot/db/demodulationFM.bind.adb -f 
INFO-FLOW: Finish binding demodulationFM.
Execute       get_model_list demodulationFM -filter all-wo-channel 
INFO-FLOW: Preprocessing for RTLGen ...
Execute       rtl_gen_preprocess shift 
Execute       rtl_gen_preprocess fir 
Execute       rtl_gen_preprocess decimation1 
Execute       rtl_gen_preprocess demodulationFM 
INFO-FLOW: Model list for RTL generation: shift fir decimation1 demodulationFM
INFO: [HLS 200-10] ----------------------------------------------------------------
INFO: [HLS 200-10] -- Generating RTL for module 'shift' 
INFO: [HLS 200-10] ----------------------------------------------------------------
Execute       get_config_rtl -module_prefix 
Execute       get_config_rtl -module_auto_prefix 
Execute       create_rtl_model shift -vendor xilinx -mg_file /home/louart/Documents/these/partie_pratique/experience/c/demodulationFM_RAM/demodulationFM/solution1/.autopilot/db/shift.compgen.tcl 
INFO: [RTGEN 206-100] Finished creating RTL model for 'shift'.
INFO: [HLS 200-111]  Elapsed time: 0.24 seconds; current allocated memory: 219.582 MB.
Execute       source /home/louart/Documents/these/partie_pratique/experience/c/demodulationFM_RAM/demodulationFM/solution1/.autopilot/db/demodulationFM.rtl_wrap.cfg.tcl 
Execute       gen_rtl shift -style xilinx -tracefl mytrace -tracefmt vcd -traceopt all -f -lang sc -o /home/louart/Documents/these/partie_pratique/experience/c/demodulationFM_RAM/demodulationFM/solution1/syn/systemc/shift -synmodules shift fir decimation1 demodulationFM 
Execute       gen_rtl shift -style xilinx -f -lang vhdl -o /home/louart/Documents/these/partie_pratique/experience/c/demodulationFM_RAM/demodulationFM/solution1/syn/vhdl/shift 
Execute       gen_rtl shift -style xilinx -f -lang vlog -o /home/louart/Documents/these/partie_pratique/experience/c/demodulationFM_RAM/demodulationFM/solution1/syn/verilog/shift 
Execute       syn_report -csynth -model shift -o /home/louart/Documents/these/partie_pratique/experience/c/demodulationFM_RAM/demodulationFM/solution1/syn/report/shift_csynth.rpt 
Execute       syn_report -rtlxml -model shift -o /home/louart/Documents/these/partie_pratique/experience/c/demodulationFM_RAM/demodulationFM/solution1/syn/report/shift_csynth.xml 
Execute       syn_report -verbosereport -model shift -o /home/louart/Documents/these/partie_pratique/experience/c/demodulationFM_RAM/demodulationFM/solution1/.autopilot/db/shift.verbose.rpt 
Execute       db_write -model shift -f -o /home/louart/Documents/these/partie_pratique/experience/c/demodulationFM_RAM/demodulationFM/solution1/.autopilot/db/shift.adb 
Execute       gen_tb_info shift -p /home/louart/Documents/these/partie_pratique/experience/c/demodulationFM_RAM/demodulationFM/solution1/.autopilot/db -o /home/louart/Documents/these/partie_pratique/experience/c/demodulationFM_RAM/demodulationFM/solution1/.autopilot/db/shift 
INFO: [HLS 200-10] ----------------------------------------------------------------
INFO: [HLS 200-10] -- Generating RTL for module 'fir' 
INFO: [HLS 200-10] ----------------------------------------------------------------
Execute       get_config_rtl -module_prefix 
Execute       get_config_rtl -module_auto_prefix 
Execute       create_rtl_model fir -vendor xilinx -mg_file /home/louart/Documents/these/partie_pratique/experience/c/demodulationFM_RAM/demodulationFM/solution1/.autopilot/db/fir.compgen.tcl 
INFO: [RTGEN 206-100] Finished creating RTL model for 'fir'.
INFO: [HLS 200-111]  Elapsed time: 0.26 seconds; current allocated memory: 222.495 MB.
Execute       source /home/louart/Documents/these/partie_pratique/experience/c/demodulationFM_RAM/demodulationFM/solution1/.autopilot/db/demodulationFM.rtl_wrap.cfg.tcl 
Execute       gen_rtl fir -style xilinx -tracefl mytrace -tracefmt vcd -traceopt all -f -lang sc -o /home/louart/Documents/these/partie_pratique/experience/c/demodulationFM_RAM/demodulationFM/solution1/syn/systemc/fir -synmodules shift fir decimation1 demodulationFM 
Execute       gen_rtl fir -style xilinx -f -lang vhdl -o /home/louart/Documents/these/partie_pratique/experience/c/demodulationFM_RAM/demodulationFM/solution1/syn/vhdl/fir 
Execute       gen_rtl fir -style xilinx -f -lang vlog -o /home/louart/Documents/these/partie_pratique/experience/c/demodulationFM_RAM/demodulationFM/solution1/syn/verilog/fir 
Execute       syn_report -csynth -model fir -o /home/louart/Documents/these/partie_pratique/experience/c/demodulationFM_RAM/demodulationFM/solution1/syn/report/fir_csynth.rpt 
Execute       syn_report -rtlxml -model fir -o /home/louart/Documents/these/partie_pratique/experience/c/demodulationFM_RAM/demodulationFM/solution1/syn/report/fir_csynth.xml 
Execute       syn_report -verbosereport -model fir -o /home/louart/Documents/these/partie_pratique/experience/c/demodulationFM_RAM/demodulationFM/solution1/.autopilot/db/fir.verbose.rpt 
Execute       db_write -model fir -f -o /home/louart/Documents/these/partie_pratique/experience/c/demodulationFM_RAM/demodulationFM/solution1/.autopilot/db/fir.adb 
Execute       gen_tb_info fir -p /home/louart/Documents/these/partie_pratique/experience/c/demodulationFM_RAM/demodulationFM/solution1/.autopilot/db -o /home/louart/Documents/these/partie_pratique/experience/c/demodulationFM_RAM/demodulationFM/solution1/.autopilot/db/fir 
INFO: [HLS 200-10] ----------------------------------------------------------------
INFO: [HLS 200-10] -- Generating RTL for module 'decimation1' 
INFO: [HLS 200-10] ----------------------------------------------------------------
Execute       get_config_rtl -module_prefix 
Execute       get_config_rtl -module_auto_prefix 
Execute       create_rtl_model decimation1 -vendor xilinx -mg_file /home/louart/Documents/these/partie_pratique/experience/c/demodulationFM_RAM/demodulationFM/solution1/.autopilot/db/decimation1.compgen.tcl 
INFO: [RTGEN 206-100] Finished creating RTL model for 'decimation1'.
INFO: [HLS 200-111]  Elapsed time: 0.1 seconds; current allocated memory: 223.621 MB.
Execute       source /home/louart/Documents/these/partie_pratique/experience/c/demodulationFM_RAM/demodulationFM/solution1/.autopilot/db/demodulationFM.rtl_wrap.cfg.tcl 
Execute       gen_rtl decimation1 -style xilinx -tracefl mytrace -tracefmt vcd -traceopt all -f -lang sc -o /home/louart/Documents/these/partie_pratique/experience/c/demodulationFM_RAM/demodulationFM/solution1/syn/systemc/decimation1 -synmodules shift fir decimation1 demodulationFM 
Execute       gen_rtl decimation1 -style xilinx -f -lang vhdl -o /home/louart/Documents/these/partie_pratique/experience/c/demodulationFM_RAM/demodulationFM/solution1/syn/vhdl/decimation1 
Execute       gen_rtl decimation1 -style xilinx -f -lang vlog -o /home/louart/Documents/these/partie_pratique/experience/c/demodulationFM_RAM/demodulationFM/solution1/syn/verilog/decimation1 
Execute       syn_report -csynth -model decimation1 -o /home/louart/Documents/these/partie_pratique/experience/c/demodulationFM_RAM/demodulationFM/solution1/syn/report/decimation1_csynth.rpt 
Execute       syn_report -rtlxml -model decimation1 -o /home/louart/Documents/these/partie_pratique/experience/c/demodulationFM_RAM/demodulationFM/solution1/syn/report/decimation1_csynth.xml 
Execute       syn_report -verbosereport -model decimation1 -o /home/louart/Documents/these/partie_pratique/experience/c/demodulationFM_RAM/demodulationFM/solution1/.autopilot/db/decimation1.verbose.rpt 
Execute       db_write -model decimation1 -f -o /home/louart/Documents/these/partie_pratique/experience/c/demodulationFM_RAM/demodulationFM/solution1/.autopilot/db/decimation1.adb 
Execute       gen_tb_info decimation1 -p /home/louart/Documents/these/partie_pratique/experience/c/demodulationFM_RAM/demodulationFM/solution1/.autopilot/db -o /home/louart/Documents/these/partie_pratique/experience/c/demodulationFM_RAM/demodulationFM/solution1/.autopilot/db/decimation1 
INFO: [HLS 200-10] ----------------------------------------------------------------
INFO: [HLS 200-10] -- Generating RTL for module 'demodulationFM' 
INFO: [HLS 200-10] ----------------------------------------------------------------
Execute       get_config_rtl -module_prefix 
Execute       get_config_rtl -module_auto_prefix 
Execute       create_rtl_model demodulationFM -vendor xilinx -mg_file /home/louart/Documents/these/partie_pratique/experience/c/demodulationFM_RAM/demodulationFM/solution1/.autopilot/db/demodulationFM.compgen.tcl 
INFO: [RTGEN 206-500] Setting interface mode on port 'demodulationFM/y_I_V' to 'ap_memory'.
INFO: [RTGEN 206-500] Setting interface mode on port 'demodulationFM/y_Q_V' to 'ap_memory'.
INFO: [RTGEN 206-500] Setting interface mode on port 'demodulationFM/y_demod_d_V' to 'ap_memory'.
INFO: [RTGEN 206-500] Setting interface mode on function 'demodulationFM' to 'ap_ctrl_hs'.
INFO: [SYN 201-210] Renamed object name 'demodulationFM_y_I_s_V' to 'demodulationFM_y_bkb' due to the length limit 20
INFO: [SYN 201-210] Renamed object name 'demodulationFM_y_Q_s_V' to 'demodulationFM_y_cud' due to the length limit 20
INFO: [SYN 201-210] Renamed object name 'demodulationFM_y_I_fpb_V' to 'demodulationFM_y_dEe' due to the length limit 20
INFO: [SYN 201-210] Renamed object name 'demodulationFM_y_Q_fpb_V' to 'demodulationFM_y_eOg' due to the length limit 20
INFO: [SYN 201-210] Renamed object name 'demodulationFM_y_I_d_V' to 'demodulationFM_y_fYi' due to the length limit 20
INFO: [SYN 201-210] Renamed object name 'demodulationFM_y_Q_d_V' to 'demodulationFM_y_g8j' due to the length limit 20
INFO: [SYN 201-210] Renamed object name 'demodulationFM_y_demod_nd_V' to 'demodulationFM_y_hbi' due to the length limit 20
INFO: [SYN 201-210] Renamed object name 'demodulationFM_sdiv_96ns_65s_96_100_seq_1' to 'demodulationFM_sdibs' due to the length limit 20
INFO: [RTGEN 206-100] Generating core module 'demodulationFM_sdibs': 1 instance(s).
INFO: [RTGEN 206-100] Finished creating RTL model for 'demodulationFM'.
INFO: [HLS 200-111]  Elapsed time: 0.12 seconds; current allocated memory: 225.575 MB.
Execute       source /home/louart/Documents/these/partie_pratique/experience/c/demodulationFM_RAM/demodulationFM/solution1/.autopilot/db/demodulationFM.rtl_wrap.cfg.tcl 
Execute       gen_rtl demodulationFM -istop -style xilinx -tracefl mytrace -tracefmt vcd -traceopt all -f -lang sc -o /home/louart/Documents/these/partie_pratique/experience/c/demodulationFM_RAM/demodulationFM/solution1/syn/systemc/demodulationFM -synmodules shift fir decimation1 demodulationFM 
Execute       gen_rtl demodulationFM -istop -style xilinx -f -lang vhdl -o /home/louart/Documents/these/partie_pratique/experience/c/demodulationFM_RAM/demodulationFM/solution1/syn/vhdl/demodulationFM 
Execute       gen_rtl demodulationFM -istop -style xilinx -f -lang vlog -o /home/louart/Documents/these/partie_pratique/experience/c/demodulationFM_RAM/demodulationFM/solution1/syn/verilog/demodulationFM 
Execute       syn_report -csynth -model demodulationFM -o /home/louart/Documents/these/partie_pratique/experience/c/demodulationFM_RAM/demodulationFM/solution1/syn/report/demodulationFM_csynth.rpt 
Execute       syn_report -rtlxml -model demodulationFM -o /home/louart/Documents/these/partie_pratique/experience/c/demodulationFM_RAM/demodulationFM/solution1/syn/report/demodulationFM_csynth.xml 
Execute       syn_report -verbosereport -model demodulationFM -o /home/louart/Documents/these/partie_pratique/experience/c/demodulationFM_RAM/demodulationFM/solution1/.autopilot/db/demodulationFM.verbose.rpt 
Command       syn_report done; 0.18 sec.
Execute       db_write -model demodulationFM -f -o /home/louart/Documents/these/partie_pratique/experience/c/demodulationFM_RAM/demodulationFM/solution1/.autopilot/db/demodulationFM.adb 
Execute       gen_tb_info demodulationFM -p /home/louart/Documents/these/partie_pratique/experience/c/demodulationFM_RAM/demodulationFM/solution1/.autopilot/db -o /home/louart/Documents/these/partie_pratique/experience/c/demodulationFM_RAM/demodulationFM/solution1/.autopilot/db/demodulationFM 
Execute       export_constraint_db -f -tool general -o /home/louart/Documents/these/partie_pratique/experience/c/demodulationFM_RAM/demodulationFM/solution1/.autopilot/db/demodulationFM.constraint.tcl 
Execute       syn_report -designview -model demodulationFM -o /home/louart/Documents/these/partie_pratique/experience/c/demodulationFM_RAM/demodulationFM/solution1/.autopilot/db/demodulationFM.design.xml 
Execute       get_config_rtl -disable_wave_debug 
Execute       syn_report -wcfg -model demodulationFM -o /home/louart/Documents/these/partie_pratique/experience/c/demodulationFM_RAM/demodulationFM/solution1/.autopilot/db/demodulationFM_dataflow_ana.wcfg 
Execute       syn_report -protoinst -model demodulationFM -o /home/louart/Documents/these/partie_pratique/experience/c/demodulationFM_RAM/demodulationFM/solution1/.autopilot/db/demodulationFM.protoinst 
Execute       get_config_debug -directory 
Execute       sc_get_clocks demodulationFM 
Execute       get_config_export -vivado_clock 
Execute       sc_get_portdomain demodulationFM 
INFO-FLOW: Model list for RTL component generation: shift fir decimation1 demodulationFM
INFO-FLOW: Handling components in module [shift] ... 
Execute       source /home/louart/Documents/these/partie_pratique/experience/c/demodulationFM_RAM/demodulationFM/solution1/.autopilot/db/shift.compgen.tcl 
INFO-FLOW: Found component shift_cos_table.
INFO-FLOW: Append model shift_cos_table
INFO-FLOW: Found component shift_sin_table.
INFO-FLOW: Append model shift_sin_table
INFO-FLOW: Handling components in module [fir] ... 
Execute       source /home/louart/Documents/these/partie_pratique/experience/c/demodulationFM_RAM/demodulationFM/solution1/.autopilot/db/fir.compgen.tcl 
INFO-FLOW: Found component fir_coef.
INFO-FLOW: Append model fir_coef
INFO-FLOW: Found component fir_hwin_V.
INFO-FLOW: Append model fir_hwin_V
INFO-FLOW: Handling components in module [decimation1] ... 
Execute       source /home/louart/Documents/these/partie_pratique/experience/c/demodulationFM_RAM/demodulationFM/solution1/.autopilot/db/decimation1.compgen.tcl 
INFO-FLOW: Handling components in module [demodulationFM] ... 
Execute       source /home/louart/Documents/these/partie_pratique/experience/c/demodulationFM_RAM/demodulationFM/solution1/.autopilot/db/demodulationFM.compgen.tcl 
INFO-FLOW: Found component demodulationFM_sdibs.
INFO-FLOW: Append model demodulationFM_sdibs
INFO-FLOW: Found component demodulationFM_y_bkb.
INFO-FLOW: Append model demodulationFM_y_bkb
INFO-FLOW: Found component demodulationFM_y_fYi.
INFO-FLOW: Append model demodulationFM_y_fYi
INFO-FLOW: Append model shift
INFO-FLOW: Append model fir
INFO-FLOW: Append model decimation1
INFO-FLOW: Append model demodulationFM
INFO-FLOW: Generating RTL model list ...
INFO-FLOW: All models in this session: shift_cos_table shift_sin_table fir_coef fir_hwin_V demodulationFM_sdibs demodulationFM_y_bkb demodulationFM_y_fYi shift fir decimation1 demodulationFM
INFO-FLOW: To file: write model shift_cos_table
INFO-FLOW: To file: write model shift_sin_table
INFO-FLOW: To file: write model fir_coef
INFO-FLOW: To file: write model fir_hwin_V
INFO-FLOW: To file: write model demodulationFM_sdibs
INFO-FLOW: To file: write model demodulationFM_y_bkb
INFO-FLOW: To file: write model demodulationFM_y_fYi
INFO-FLOW: To file: write model shift
INFO-FLOW: To file: write model fir
INFO-FLOW: To file: write model decimation1
INFO-FLOW: To file: write model demodulationFM
INFO-FLOW: Finished generating RTL model list.


INFO-FLOW: RTL Generation done.
INFO-FLOW: CAS Generation done.
INFO-FLOW: CBC Generation done.
Execute       syn_report -model demodulationFM -printsummary 
INFO: [HLS 200-790] **** Loop Constraint Status: All loop constraints were satisfied.
INFO: [HLS 200-789] **** Estimated Fmax: 116.74 MHz
INFO-FLOW: DBG:CMD: auto_generate_csynth_design
INFO-FLOW: DBG:CMD:     auto_generate --sim-model -phase csynth_design -d /home/louart/Documents/these/partie_pratique/experience/c/demodulationFM_RAM/demodulationFM/solution1
Execute       source /home/louart/Documents/these/partie_pratique/experience/c/demodulationFM_RAM/demodulationFM/solution1/.autopilot/db/global.setting.tcl 
INFO-FLOW: DBG:CMD: read_platform_lib /home/louart/Documents/these/partie_pratique/experience/c/demodulationFM_RAM/demodulationFM/solution1/.autopilot/db/global.setting.tcl
Execute       source /opt/Xilinx/Vivado/2019.2/common/technology/generic/autopilot/common.gen 
Execute         source /opt/Xilinx/Vivado/2019.2/common/technology/generic/autopilot/APCoreGen.gen 
Execute       source /opt/Xilinx/Vivado/2019.2/common/technology/generic/autopilot/op.gen 
Execute       source /opt/Xilinx/Vivado/2019.2/common/technology/generic/autopilot/op_simcore.gen 
Execute       source /opt/Xilinx/Vivado/2019.2/common/technology/generic/autopilot/interface.gen 
Execute       source /home/louart/Documents/these/partie_pratique/experience/c/demodulationFM_RAM/demodulationFM/solution1/.autopilot/db/global.setting.tcl 
Execute       source /opt/Xilinx/Vivado/2019.2/common/technology/xilinx/kintex7/kintex7.gen 
Execute         source /opt/Xilinx/Vivado/2019.2/common/technology/xilinx/common/xilinx.gen 
Execute           source /opt/Xilinx/Vivado/2019.2/common/technology/xilinx/interface/plb46.gen 
Execute           source /opt/Xilinx/Vivado/2019.2/common/technology/xilinx/interface/fsl.gen 
Execute           source /opt/Xilinx/Vivado/2019.2/common/technology/xilinx/interface/axi4.gen 
Execute           source /opt/Xilinx/Vivado/2019.2/common/technology/xilinx/interface/nativeAXI4.gen 
Execute             source /opt/Xilinx/Vivado/2019.2/common/technology/xilinx/interface/saxilite.gen 
Execute             source /opt/Xilinx/Vivado/2019.2/common/technology/xilinx/interface/maxi.gen 
Execute           source /opt/Xilinx/Vivado/2019.2/common/technology/xilinx/scripts/xilinxcoregen.gen 
Execute           source /opt/Xilinx/Vivado/2019.2/common/technology/xilinx/interface/XilEDKCoreGen.gen 
Execute           source /opt/Xilinx/Vivado/2019.2/common/technology/xilinx/ip/dds_compiler.gen 
Execute           source /opt/Xilinx/Vivado/2019.2/common/technology/xilinx/ip/util.gen 
Execute           source /opt/Xilinx/Vivado/2019.2/common/technology/xilinx/ip/xfft.gen 
Execute           source /opt/Xilinx/Vivado/2019.2/common/technology/xilinx/ip/xfir.gen 
Execute           source /opt/Xilinx/Vivado/2019.2/common/technology/xilinx/common/dsp48.gen 
Execute       source /opt/Xilinx/Vivado/2019.2/common/technology/xilinx/kintex7/kintex7_fpv6.gen 
Execute         source /opt/Xilinx/Vivado/2019.2/common/technology/xilinx/common/xilinx_fp.gen 
INFO-FLOW: DBG:CMD:   using AESL_AUTOCG::g_clock_period=10.000 (was NA)
INFO-FLOW: DBG:CMD:       generate_ip_cores sim=1 export=0 expOnly=0 dstVlogDir=syn/verilog
Execute       source /home/louart/Documents/these/partie_pratique/experience/c/demodulationFM_RAM/demodulationFM/solution1/.autopilot/db/global.setting.tcl 
Execute       ap_part_info -name xc7k70t-fbv676-1 -data names -quiet 
Execute       ap_part_info -name xc7k70t-fbv676-1 -data info -quiet 
Execute       source /home/louart/Documents/these/partie_pratique/experience/c/demodulationFM_RAM/demodulationFM/solution1/.autopilot/db/global.setting.tcl 
Execute       source /home/louart/Documents/these/partie_pratique/experience/c/demodulationFM_RAM/demodulationFM/solution1/.autopilot/db/global.setting.tcl 
Execute       source /home/louart/Documents/these/partie_pratique/experience/c/demodulationFM_RAM/demodulationFM/solution1/.autopilot/db/shift.compgen.tcl 
Execute         ap_part_info -name xc7k70t-fbv676-1 -data names -quiet 
Execute         ap_part_info -name xc7k70t-fbv676-1 -data info -quiet 
INFO: [RTMG 210-279] Implementing memory 'shift_cos_table_rom' using distributed ROMs.
Execute         ap_part_info -name xc7k70t-fbv676-1 -data names -quiet 
Execute         ap_part_info -name xc7k70t-fbv676-1 -data info -quiet 
Execute         ap_part_info -name xc7k70t-fbv676-1 -data names -quiet 
Execute         ap_part_info -name xc7k70t-fbv676-1 -data info -quiet 
Execute         ap_part_info -name xc7k70t-fbv676-1 -data names -quiet 
Execute         ap_part_info -name xc7k70t-fbv676-1 -data info -quiet 
INFO: [RTMG 210-279] Implementing memory 'shift_sin_table_rom' using distributed ROMs.
Execute         ap_part_info -name xc7k70t-fbv676-1 -data names -quiet 
Execute         ap_part_info -name xc7k70t-fbv676-1 -data info -quiet 
Execute         ap_part_info -name xc7k70t-fbv676-1 -data names -quiet 
Execute         ap_part_info -name xc7k70t-fbv676-1 -data info -quiet 
Execute       source /home/louart/Documents/these/partie_pratique/experience/c/demodulationFM_RAM/demodulationFM/solution1/.autopilot/db/fir.compgen.tcl 
Execute         ap_part_info -name xc7k70t-fbv676-1 -data names -quiet 
Execute         ap_part_info -name xc7k70t-fbv676-1 -data info -quiet 
INFO: [RTMG 210-279] Implementing memory 'fir_coef_rom' using distributed ROMs.
Execute         ap_part_info -name xc7k70t-fbv676-1 -data names -quiet 
Execute         ap_part_info -name xc7k70t-fbv676-1 -data info -quiet 
Execute         ap_part_info -name xc7k70t-fbv676-1 -data names -quiet 
Execute         ap_part_info -name xc7k70t-fbv676-1 -data info -quiet 
INFO: [RTMG 210-278] Implementing memory 'fir_hwin_V_ram (RAM)' using distributed RAMs.
Execute         ap_part_info -name xc7k70t-fbv676-1 -data names -quiet 
Execute         ap_part_info -name xc7k70t-fbv676-1 -data info -quiet 
Execute       source /home/louart/Documents/these/partie_pratique/experience/c/demodulationFM_RAM/demodulationFM/solution1/.autopilot/db/decimation1.compgen.tcl 
Execute       source /home/louart/Documents/these/partie_pratique/experience/c/demodulationFM_RAM/demodulationFM/solution1/.autopilot/db/demodulationFM.compgen.tcl 
Execute         ap_part_info -name xc7k70t-fbv676-1 -data names -quiet 
Execute         ap_part_info -name xc7k70t-fbv676-1 -data info -quiet 
INFO: [RTMG 210-282] Generating pipelined core: 'demodulationFM_sdibs_div'
INFO: [RTMG 210-278] Implementing memory 'demodulationFM_y_bkb_ram (RAM)' using block RAMs.
Execute         ap_part_info -name xc7k70t-fbv676-1 -data names -quiet 
Execute         ap_part_info -name xc7k70t-fbv676-1 -data info -quiet 
INFO: [RTMG 210-278] Implementing memory 'demodulationFM_y_fYi_ram (RAM)' using block RAMs.
Execute         ap_part_info -name xc7k70t-fbv676-1 -data names -quiet 
Execute         ap_part_info -name xc7k70t-fbv676-1 -data info -quiet 
INFO-FLOW: DBG:CMD:     auto_generate -export -impltomg_flag -rtl both -tool Vivado -pcore_version 1.00.a -phase csynth_design -d /home/louart/Documents/these/partie_pratique/experience/c/demodulationFM_RAM/demodulationFM/solution1
Execute       source /home/louart/Documents/these/partie_pratique/experience/c/demodulationFM_RAM/demodulationFM/solution1/.autopilot/db/global.setting.tcl 
INFO-FLOW: DBG:CMD: read_platform_lib /home/louart/Documents/these/partie_pratique/experience/c/demodulationFM_RAM/demodulationFM/solution1/.autopilot/db/global.setting.tcl
Execute       source /opt/Xilinx/Vivado/2019.2/common/technology/generic/autopilot/common.gen 
Execute         source /opt/Xilinx/Vivado/2019.2/common/technology/generic/autopilot/APCoreGen.gen 
Execute       source /opt/Xilinx/Vivado/2019.2/common/technology/generic/autopilot/op.gen 
Execute       source /opt/Xilinx/Vivado/2019.2/common/technology/generic/autopilot/op_simcore.gen 
Execute       source /opt/Xilinx/Vivado/2019.2/common/technology/generic/autopilot/interface.gen 
Execute       source /home/louart/Documents/these/partie_pratique/experience/c/demodulationFM_RAM/demodulationFM/solution1/.autopilot/db/global.setting.tcl 
Execute       source /opt/Xilinx/Vivado/2019.2/common/technology/xilinx/kintex7/kintex7.gen 
Execute         source /opt/Xilinx/Vivado/2019.2/common/technology/xilinx/common/xilinx.gen 
Execute           source /opt/Xilinx/Vivado/2019.2/common/technology/xilinx/interface/plb46.gen 
Execute           source /opt/Xilinx/Vivado/2019.2/common/technology/xilinx/interface/fsl.gen 
Execute           source /opt/Xilinx/Vivado/2019.2/common/technology/xilinx/interface/axi4.gen 
Execute           source /opt/Xilinx/Vivado/2019.2/common/technology/xilinx/interface/nativeAXI4.gen 
Execute             source /opt/Xilinx/Vivado/2019.2/common/technology/xilinx/interface/saxilite.gen 
Execute             source /opt/Xilinx/Vivado/2019.2/common/technology/xilinx/interface/maxi.gen 
Execute           source /opt/Xilinx/Vivado/2019.2/common/technology/xilinx/scripts/xilinxcoregen.gen 
Execute           source /opt/Xilinx/Vivado/2019.2/common/technology/xilinx/interface/XilEDKCoreGen.gen 
Execute           source /opt/Xilinx/Vivado/2019.2/common/technology/xilinx/ip/dds_compiler.gen 
Execute           source /opt/Xilinx/Vivado/2019.2/common/technology/xilinx/ip/util.gen 
Execute           source /opt/Xilinx/Vivado/2019.2/common/technology/xilinx/ip/xfft.gen 
Execute           source /opt/Xilinx/Vivado/2019.2/common/technology/xilinx/ip/xfir.gen 
Execute           source /opt/Xilinx/Vivado/2019.2/common/technology/xilinx/common/dsp48.gen 
Execute       source /opt/Xilinx/Vivado/2019.2/common/technology/xilinx/kintex7/kintex7_fpv6.gen 
Execute         source /opt/Xilinx/Vivado/2019.2/common/technology/xilinx/common/xilinx_fp.gen 
INFO-FLOW: DBG:CMD:       initCTypeInfo top_module=demodulationFM xml_exists=0
Execute       source /home/louart/Documents/these/partie_pratique/experience/c/demodulationFM_RAM/demodulationFM/solution1/.autopilot/db/demodulationFM.rtl_wrap.cfg.tcl 
Execute       source /home/louart/Documents/these/partie_pratique/experience/c/demodulationFM_RAM/demodulationFM/solution1/.autopilot/db/demodulationFM.rtl_wrap.cfg.tcl 
Execute       source /home/louart/Documents/these/partie_pratique/experience/c/demodulationFM_RAM/demodulationFM/solution1/.autopilot/db/demodulationFM.rtl_wrap.cfg.tcl 
Execute       source /home/louart/Documents/these/partie_pratique/experience/c/demodulationFM_RAM/demodulationFM/solution1/.autopilot/db/demodulationFM.tbgen.tcl 
Execute       source /home/louart/Documents/these/partie_pratique/experience/c/demodulationFM_RAM/demodulationFM/solution1/.autopilot/db/demodulationFM.tbgen.tcl 
INFO-FLOW: DBG:CMD:       export_impl_rtl
INFO-FLOW: DBG:CMD:       generate_ip_cores sim=0 export=0 expOnly=0 dstVlogDir=impl/.verilog
Execute       source /home/louart/Documents/these/partie_pratique/experience/c/demodulationFM_RAM/demodulationFM/solution1/.autopilot/db/global.setting.tcl 
Execute       source /home/louart/Documents/these/partie_pratique/experience/c/demodulationFM_RAM/demodulationFM/solution1/.autopilot/db/shift.compgen.tcl 
Execute       source /home/louart/Documents/these/partie_pratique/experience/c/demodulationFM_RAM/demodulationFM/solution1/.autopilot/db/fir.compgen.tcl 
Execute       source /home/louart/Documents/these/partie_pratique/experience/c/demodulationFM_RAM/demodulationFM/solution1/.autopilot/db/decimation1.compgen.tcl 
Execute       source /home/louart/Documents/these/partie_pratique/experience/c/demodulationFM_RAM/demodulationFM/solution1/.autopilot/db/demodulationFM.compgen.tcl 
INFO-FLOW: DBG:CMD:       generate_ip_cores sim=0 export=1 expOnly=1 dstVlogDir=impl/.pcores/verilog
Execute       source /home/louart/Documents/these/partie_pratique/experience/c/demodulationFM_RAM/demodulationFM/solution1/.autopilot/db/global.setting.tcl 
Execute       source /home/louart/Documents/these/partie_pratique/experience/c/demodulationFM_RAM/demodulationFM/solution1/.autopilot/db/shift.compgen.tcl 
Execute       source /home/louart/Documents/these/partie_pratique/experience/c/demodulationFM_RAM/demodulationFM/solution1/.autopilot/db/fir.compgen.tcl 
Execute       source /home/louart/Documents/these/partie_pratique/experience/c/demodulationFM_RAM/demodulationFM/solution1/.autopilot/db/decimation1.compgen.tcl 
Execute       source /home/louart/Documents/these/partie_pratique/experience/c/demodulationFM_RAM/demodulationFM/solution1/.autopilot/db/demodulationFM.compgen.tcl 
Execute         ap_part_info -name xc7k70t-fbv676-1 -data names -quiet 
Execute         ap_part_info -name xc7k70t-fbv676-1 -data info -quiet 
Execute         ap_part_info -name xc7k70t-fbv676-1 -data names -quiet 
Execute         ap_part_info -name xc7k70t-fbv676-1 -data info -quiet 
Execute         source /home/louart/Documents/these/partie_pratique/experience/c/demodulationFM_RAM/demodulationFM/solution1/.autopilot/db/demodulationFM.tbgen.tcl 
Execute         source /home/louart/Documents/these/partie_pratique/experience/c/demodulationFM_RAM/demodulationFM/solution1/.autopilot/db/demodulationFM.tbgen.tcl 
Execute         source /home/louart/Documents/these/partie_pratique/experience/c/demodulationFM_RAM/demodulationFM/solution1/.autopilot/db/demodulationFM.tbgen.tcl 
Execute         ap_part_info -name xc7k70t-fbv676-1 -data names -quiet 
Execute         ap_part_info -name xc7k70t-fbv676-1 -data info -quiet 
Execute         ap_part_info -name xc7k70t-fbv676-1 -data names -quiet 
Execute         ap_part_info -name xc7k70t-fbv676-1 -data info -quiet 
Execute         ap_part_info -name xc7k70t-fbv676-1 -data names -quiet 
Execute         ap_part_info -name xc7k70t-fbv676-1 -data info -quiet 
Execute         ap_part_info -name xc7k70t-fbv676-1 -data names -quiet 
Execute         ap_part_info -name xc7k70t-fbv676-1 -data info -quiet 
Execute         ap_part_info -name xc7k70t-fbv676-1 -data names -quiet 
Execute         ap_part_info -name xc7k70t-fbv676-1 -data info -quiet 
Execute         ap_part_info -name xc7k70t-fbv676-1 -data names -quiet 
Execute         ap_part_info -name xc7k70t-fbv676-1 -data info -quiet 
Execute       ap_part_info -name xc7k70t-fbv676-1 -data names -quiet 
Execute       ap_part_info -name xc7k70t-fbv676-1 -data info -quiet 
INFO-FLOW: DBG:CMD:       generate_ip_cores sim=0 export=0 expOnly=0 dstVlogDir=impl/.pcores/verilog_sim
Execute       source /home/louart/Documents/these/partie_pratique/experience/c/demodulationFM_RAM/demodulationFM/solution1/.autopilot/db/global.setting.tcl 
Execute       source /home/louart/Documents/these/partie_pratique/experience/c/demodulationFM_RAM/demodulationFM/solution1/.autopilot/db/shift.compgen.tcl 
Execute       source /home/louart/Documents/these/partie_pratique/experience/c/demodulationFM_RAM/demodulationFM/solution1/.autopilot/db/fir.compgen.tcl 
Execute       source /home/louart/Documents/these/partie_pratique/experience/c/demodulationFM_RAM/demodulationFM/solution1/.autopilot/db/decimation1.compgen.tcl 
Execute       source /home/louart/Documents/these/partie_pratique/experience/c/demodulationFM_RAM/demodulationFM/solution1/.autopilot/db/demodulationFM.compgen.tcl 
Execute       ap_part_info -name xc7k70t-fbv676-1 -data names -quiet 
Execute       ap_part_info -name xc7k70t-fbv676-1 -data info -quiet 
Execute       ap_part_info -name xc7k70t-fbv676-1 -data names -quiet 
Execute       ap_part_info -name xc7k70t-fbv676-1 -data info -quiet 
Execute       source /home/louart/Documents/these/partie_pratique/experience/c/demodulationFM_RAM/demodulationFM/solution1/.autopilot/db/global.setting.tcl 
Execute       ap_part_info -name xc7k70t-fbv676-1 -data names -quiet 
Execute       ap_part_info -name xc7k70t-fbv676-1 -data info -quiet 
Execute       source /home/louart/Documents/these/partie_pratique/experience/c/demodulationFM_RAM/demodulationFM/solution1/.autopilot/db/demodulationFM.constraint.tcl 
Execute       source /home/louart/Documents/these/partie_pratique/experience/c/demodulationFM_RAM/demodulationFM/solution1/.autopilot/db/demodulationFM.tbgen.tcl 
INFO-FLOW: DBG:CMD:       hasPcoreIpAdapter=false #gSsdmPorts=10
INFO-FLOW: DBG:CMD: Skipping loadAnalyze_DB, #g_database=4
INFO-FLOW: DBG:CMD:       generate_json is_phase_csynth=1 g_has_adaptors=false generate_bd_files=0 #modelList=11 #gSsdmPorts=10
Execute       source /opt/Xilinx/Vivado/2019.2/tps/tcl/tcllib1.11.1/fileutil/fileutil.tcl 
Execute       source /home/louart/Documents/these/partie_pratique/experience/c/demodulationFM_RAM/demodulationFM/solution1/.autopilot/db/global.setting.tcl 
Execute       source /home/louart/Documents/these/partie_pratique/experience/c/demodulationFM_RAM/demodulationFM/solution1/.autopilot/db/global.setting.tcl 
Execute       get_config_export -xo 
Execute       source /home/louart/Documents/these/partie_pratique/experience/c/demodulationFM_RAM/demodulationFM/solution1/.autopilot/db/demodulationFM.tbgen.tcl 
Execute       source /home/louart/Documents/these/partie_pratique/experience/c/demodulationFM_RAM/demodulationFM/solution1/.autopilot/db/demodulationFM.tbgen.tcl 
Execute       source /home/louart/Documents/these/partie_pratique/experience/c/demodulationFM_RAM/demodulationFM/solution1/.autopilot/db/demodulationFM.tbgen.tcl 
Execute       source /home/louart/Documents/these/partie_pratique/experience/c/demodulationFM_RAM/demodulationFM/solution1/.autopilot/db/demodulationFM.tbgen.tcl 
Execute       source /home/louart/Documents/these/partie_pratique/experience/c/demodulationFM_RAM/demodulationFM/solution1/.autopilot/db/global.setting.tcl 
Execute       get_config_sdx -target 
Execute       source /home/louart/Documents/these/partie_pratique/experience/c/demodulationFM_RAM/demodulationFM/solution1/.autopilot/db/demodulationFM.rtl_wrap.cfg.tcl 
Execute       source /home/louart/Documents/these/partie_pratique/experience/c/demodulationFM_RAM/demodulationFM/solution1/.autopilot/db/demodulationFM.compgen.dataonly.tcl 
Execute       source /home/louart/Documents/these/partie_pratique/experience/c/demodulationFM_RAM/demodulationFM/solution1/.autopilot/db/global.setting.tcl 
Execute       ap_part_info -name xc7k70t-fbv676-1 -data names -quiet 
Execute       ap_part_info -name xc7k70t-fbv676-1 -data info -quiet 
Execute       source /home/louart/Documents/these/partie_pratique/experience/c/demodulationFM_RAM/demodulationFM/solution1/.autopilot/db/demodulationFM.constraint.tcl 
Execute       sc_get_clocks demodulationFM 
Execute       ap_part_info -name xc7k70t-fbv676-1 -data names -quiet 
Execute       ap_part_info -name xc7k70t-fbv676-1 -data info -quiet 
Execute       source /home/louart/Documents/these/partie_pratique/experience/c/demodulationFM_RAM/demodulationFM/solution1/.autopilot/db/global.setting.tcl 
Execute       get_config_debug -directory 
Execute       source /home/louart/Documents/these/partie_pratique/experience/c/demodulationFM_RAM/demodulationFM/solution1/.autopilot/db/shift.tbgen.tcl 
Execute       source /home/louart/Documents/these/partie_pratique/experience/c/demodulationFM_RAM/demodulationFM/solution1/.autopilot/db/fir.tbgen.tcl 
Execute       source /home/louart/Documents/these/partie_pratique/experience/c/demodulationFM_RAM/demodulationFM/solution1/.autopilot/db/decimation1.tbgen.tcl 
Execute       source /home/louart/Documents/these/partie_pratique/experience/c/demodulationFM_RAM/demodulationFM/solution1/.autopilot/db/demodulationFM.tbgen.tcl 
Execute       get_config_sdx -target 
Execute       get_config_sdx -profile 
Execute       get_config_rtl -kernel_profile 
Execute       get_config_rtl -stall_sig_gen 
Execute       get_config_rtl -profile 
INFO-FLOW: DBG:CMD: add_json_sdx_info kernel file does not exist, skipping opencl info: /home/louart/Documents/these/partie_pratique/experience/c/demodulationFM_RAM/demodulationFM/solution1/.autopilot/db/kernel.internal.xml
INFO-FLOW: DBG:CMD:       delete-temp-dirs (skipped for debug)
INFO: [HLS 200-111] Finished generating all RTL models Time (s): cpu = 00:01:19 ; elapsed = 00:01:20 . Memory (MB): peak = 1055.934 ; gain = 622.008 ; free physical = 148 ; free virtual = 5918
INFO: [VHDL 208-304] Generating VHDL RTL for demodulationFM.
INFO: [VLOG 209-307] Generating Verilog RTL for demodulationFM.
Command     autosyn done; 2.47 sec.
Command   csynth_design done; 78.72 sec.
Command ap_source done; 80.06 sec.
Execute cleanup_all 
