#-----------------------------------------------------------
# xsim v2019.2 (64-bit)
# SW Build 2708876 on Wed Nov  6 21:39:14 MST 2019
# IP Build 2700528 on Thu Nov  7 00:09:20 MST 2019
# Start of session at: Sat Mar 28 11:58:42 2020
# Process ID: 22315
# Current directory: /home/louart/Documents/these/partie_pratique/experience/c/demodulation_FM/demodulation_FM1/solution1/sim/vhdl
# Command line: xsim -mode tcl -source {xsim.dir/demodulationFM/xsim_script.tcl}
# Log file: /home/louart/Documents/these/partie_pratique/experience/c/demodulation_FM/demodulation_FM1/solution1/sim/vhdl/xsim.log
# Journal file: /home/louart/Documents/these/partie_pratique/experience/c/demodulation_FM/demodulation_FM1/solution1/sim/vhdl/xsim.jou
#-----------------------------------------------------------
source xsim.dir/demodulationFM/xsim_script.tcl
# xsim {demodulationFM} -autoloadwcfg -tclbatch {demodulationFM.tcl}
Vivado Simulator 2019.2
Time resolution is 1 ps
source demodulationFM.tcl
## log_wave [get_objects -filter {type == in_port || type == out_port || type == inout_port || type == port} /apatb_demodulationFM_top/AESL_inst_demodulationFM/*]
## set designtopgroup [add_wave_group "Design Top Signals"]
## set coutputgroup [add_wave_group "C Outputs" -into $designtopgroup]
## set return_group [add_wave_group return(wire) -into $coutputgroup]
## add_wave /apatb_demodulationFM_top/AESL_inst_demodulationFM/ap_return -into $return_group -radix hex
## set y_demod_d_group [add_wave_group y_demod_d(memory) -into $coutputgroup]
## add_wave /apatb_demodulationFM_top/AESL_inst_demodulationFM/y_demod_d_V_d0 -into $y_demod_d_group -radix hex
## add_wave /apatb_demodulationFM_top/AESL_inst_demodulationFM/y_demod_d_V_we0 -into $y_demod_d_group -color #ffff00 -radix hex
## add_wave /apatb_demodulationFM_top/AESL_inst_demodulationFM/y_demod_d_V_ce0 -into $y_demod_d_group -color #ffff00 -radix hex
## add_wave /apatb_demodulationFM_top/AESL_inst_demodulationFM/y_demod_d_V_address0 -into $y_demod_d_group -radix hex
## set cinputgroup [add_wave_group "C Inputs" -into $designtopgroup]
## set y_Q_group [add_wave_group y_Q(memory) -into $cinputgroup]
## add_wave /apatb_demodulationFM_top/AESL_inst_demodulationFM/y_Q_V_q0 -into $y_Q_group -radix hex
## add_wave /apatb_demodulationFM_top/AESL_inst_demodulationFM/y_Q_V_ce0 -into $y_Q_group -color #ffff00 -radix hex
## add_wave /apatb_demodulationFM_top/AESL_inst_demodulationFM/y_Q_V_address0 -into $y_Q_group -radix hex
## set y_I_group [add_wave_group y_I(memory) -into $cinputgroup]
## add_wave /apatb_demodulationFM_top/AESL_inst_demodulationFM/y_I_V_q0 -into $y_I_group -radix hex
## add_wave /apatb_demodulationFM_top/AESL_inst_demodulationFM/y_I_V_ce0 -into $y_I_group -color #ffff00 -radix hex
## add_wave /apatb_demodulationFM_top/AESL_inst_demodulationFM/y_I_V_address0 -into $y_I_group -radix hex
## set blocksiggroup [add_wave_group "Block-level IO Handshake" -into $designtopgroup]
## add_wave /apatb_demodulationFM_top/AESL_inst_demodulationFM/ap_start -into $blocksiggroup
## add_wave /apatb_demodulationFM_top/AESL_inst_demodulationFM/ap_done -into $blocksiggroup
## add_wave /apatb_demodulationFM_top/AESL_inst_demodulationFM/ap_idle -into $blocksiggroup
## add_wave /apatb_demodulationFM_top/AESL_inst_demodulationFM/ap_ready -into $blocksiggroup
## set resetgroup [add_wave_group "Reset" -into $designtopgroup]
## add_wave /apatb_demodulationFM_top/AESL_inst_demodulationFM/ap_rst -into $resetgroup
## set clockgroup [add_wave_group "Clock" -into $designtopgroup]
## add_wave /apatb_demodulationFM_top/AESL_inst_demodulationFM/ap_clk -into $clockgroup
## save_wave_config demodulationFM.wcfg
## run all
Note: simulation done!
Time: 45330425 ns  Iteration: 1  Process: /apatb_demodulationFM_top/generate_sim_done_proc  File: /home/louart/Documents/these/partie_pratique/experience/c/demodulation_FM/demodulation_FM1/solution1/sim/vhdl/demodulationFM.autotb.vhd
Failure: NORMAL EXIT (note: failure is to force the simulator to stop)
Time: 45330425 ns  Iteration: 1  Process: /apatb_demodulationFM_top/generate_sim_done_proc  File: /home/louart/Documents/these/partie_pratique/experience/c/demodulation_FM/demodulation_FM1/solution1/sim/vhdl/demodulationFM.autotb.vhd
$finish called at time : 45330425 ns
run: Time (s): cpu = 00:00:02 ; elapsed = 00:00:51 . Memory (MB): peak = 1531.398 ; gain = 8.004 ; free physical = 181 ; free virtual = 2716
## quit
INFO: [Common 17-206] Exiting xsim at Sat Mar 28 11:59:44 2020...
